info|2024-04-24 22:00:00.425755|[g:1][CONSENSUS]addRawPrepare,height=1,reqIdx=0,hash=b554bd9d...,time=0
info|2024-04-24 22:00:00.425945|[g:1][CONSENSUS][PBFT]checkTimeout Succ,view=112,toView=113,nodeIdx=2,changeCycle=1,myNode=761effe7...,timecost=0
info|2024-04-24 22:00:00.427405|[g:1][CONSENSUS][PBFT]checkAndChangeView: Reach consensus,org_view=112,cur_changeCycle=1,curView=112,view=113
info|2024-04-24 22:00:01.428971|[g:1][CONSENSUS]addRawPrepare,height=1,reqIdx=1,hash=34d3b31f...,time=0
info|2024-04-24 22:00:01.429083|[g:1][CONSENSUS][PBFT]checkTimeout Succ,view=113,toView=114,nodeIdx=2,changeCycle=1,myNode=761effe7...,timecost=1
info|2024-04-24 22:00:01.429217|[g:1][CONSENSUS][PBFT]checkAndChangeView: Reach consensus,org_view=113,cur_changeCycle=1,curView=113,view=114
info|2024-04-24 22:00:02.429439|[g:1][CONSENSUS][SEALER]++++++++++++++++ Generating seal on,blkNum=1,tx=0,nodeIdx=2,hash=d8e72cb7...
info|2024-04-24 22:00:02.430078|[g:1][CONSENSUS][PBFT]checkTimeout Succ,view=114,toView=115,nodeIdx=2,changeCycle=1,myNode=761effe7...,timecost=1
info|2024-04-24 22:00:02.432768|[g:1][CONSENSUS][PBFT]checkAndChangeView: Reach consensus,org_view=114,cur_changeCycle=1,curView=114,view=115
info|2024-04-24 22:00:03.434555|[g:1][CONSENSUS]addRawPrepare,height=1,reqIdx=3,hash=0807b9ce...,time=0
info|2024-04-24 22:00:03.434790|[g:1][CONSENSUS][PBFT]checkTimeout Succ,view=115,toView=116,nodeIdx=2,changeCycle=1,myNode=761effe7...,timecost=0
info|2024-04-24 22:00:03.435626|[g:1][CONSENSUS][PBFT]checkAndChangeView: Reach consensus,org_view=115,cur_changeCycle=1,curView=115,view=116
info|2024-04-24 22:00:04.437323|[g:1][CONSENSUS]addRawPrepare,height=1,reqIdx=0,hash=ff911c47...,time=0
info|2024-04-24 22:00:04.437482|[g:1][CONSENSUS][PBFT]checkTimeout Succ,view=116,toView=117,nodeIdx=2,changeCycle=1,myNode=761effe7...,timecost=0
info|2024-04-24 22:00:04.438175|[g:1][CONSENSUS][PBFT]checkAndChangeView: Reach consensus,org_view=116,cur_changeCycle=1,curView=116,view=117
info|2024-04-24 22:00:05.439770|[g:1][CONSENSUS]addRawPrepare,height=1,reqIdx=1,hash=f0586e5e...,time=0
info|2024-04-24 22:00:05.440016|[g:1][CONSENSUS][PBFT]checkTimeout Succ,view=117,toView=118,nodeIdx=2,changeCycle=1,myNode=761effe7...,timecost=1
info|2024-04-24 22:00:05.441528|[g:1][CONSENSUS][PBFT]checkAndChangeView: Reach consensus,org_view=117,cur_changeCycle=1,curView=117,view=118
info|2024-04-24 22:00:06.441908|[g:1][CONSENSUS][SEALER]++++++++++++++++ Generating seal on,blkNum=1,tx=0,nodeIdx=2,hash=8677048d...
info|2024-04-24 22:00:06.442334|[g:1][CONSENSUS][PBFT]checkTimeout Succ,view=118,toView=119,nodeIdx=2,changeCycle=1,myNode=761effe7...,timecost=0
info|2024-04-24 22:00:06.443438|[g:1][CONSENSUS][PBFT]checkAndChangeView: Reach consensus,org_view=118,cur_changeCycle=1,curView=118,view=119
info|2024-04-24 22:00:06.866278|[P2P][Service] heartBeat,connected count=3
info|2024-04-24 22:00:07.444507|[g:1][CONSENSUS]addRawPrepare,height=1,reqIdx=3,hash=53310d17...,time=0
info|2024-04-24 22:00:07.444664|[g:1][CONSENSUS][PBFT]checkTimeout Succ,view=119,toView=120,nodeIdx=2,changeCycle=1,myNode=761effe7...,timecost=0
info|2024-04-24 22:00:07.446632|[g:1][CONSENSUS][PBFT]checkAndChangeView: Reach consensus,org_view=119,cur_changeCycle=1,curView=119,view=120
info|2024-04-24 22:00:08.447852|[g:1][CONSENSUS]addRawPrepare,height=1,reqIdx=0,hash=9d34c3ed...,time=0
info|2024-04-24 22:00:08.448068|[g:1][CONSENSUS][PBFT]checkTimeout Succ,view=120,toView=121,nodeIdx=2,changeCycle=1,myNode=761effe7...,timecost=1
info|2024-04-24 22:00:08.449084|[g:1][CONSENSUS][PBFT]checkAndChangeView: Reach consensus,org_view=120,cur_changeCycle=1,curView=120,view=121
info|2024-04-24 22:00:09.450572|[g:1][CONSENSUS]addRawPrepare,height=1,reqIdx=1,hash=228dba07...,time=0
info|2024-04-24 22:00:09.450787|[g:1][CONSENSUS][PBFT]checkTimeout Succ,view=121,toView=122,nodeIdx=2,changeCycle=1,myNode=761effe7...,timecost=0
info|2024-04-24 22:00:09.451012|[g:1][CONSENSUS][PBFT]checkAndChangeView: Reach consensus,org_view=121,cur_changeCycle=1,curView=121,view=122
info|2024-04-24 22:00:10.451440|[g:1][CONSENSUS][SEALER]++++++++++++++++ Generating seal on,blkNum=1,tx=0,nodeIdx=2,hash=a8213df7...
info|2024-04-24 22:00:10.451773|[g:1][CONSENSUS][PBFT]checkTimeout Succ,view=122,toView=123,nodeIdx=2,changeCycle=1,myNode=761effe7...,timecost=0
info|2024-04-24 22:00:10.498873|[g:1][CONSENSUS][PBFT]checkAndChangeView: Reach consensus,org_view=122,cur_changeCycle=1,curView=122,view=123
info|2024-04-24 22:00:11.498760|[g:1][CONSENSUS]addRawPrepare,height=1,reqIdx=3,hash=335aff9e...,time=0
info|2024-04-24 22:00:11.498875|[g:1][CONSENSUS][PBFT]checkTimeout Succ,view=123,toView=124,nodeIdx=2,changeCycle=1,myNode=761effe7...,timecost=0
info|2024-04-24 22:00:11.498994|[g:1][CONSENSUS][PBFT]checkAndChangeView: Reach consensus,org_view=123,cur_changeCycle=1,curView=123,view=124
info|2024-04-24 22:00:12.500735|[g:1][CONSENSUS]addRawPrepare,height=1,reqIdx=0,hash=3ec4da98...,time=0
info|2024-04-24 22:00:12.500855|[g:1][CONSENSUS][PBFT]checkTimeout Succ,view=124,toView=125,nodeIdx=2,changeCycle=1,myNode=761effe7...,timecost=0
info|2024-04-24 22:00:12.501484|[g:1][CONSENSUS][PBFT]checkAndChangeView: Reach consensus,org_view=124,cur_changeCycle=1,curView=124,view=125
info|2024-04-24 22:00:13.503135|[g:1][CONSENSUS]addRawPrepare,height=1,reqIdx=1,hash=9383cd5e...,time=0
info|2024-04-24 22:00:13.503241|[g:1][CONSENSUS][PBFT]checkTimeout Succ,view=125,toView=126,nodeIdx=2,changeCycle=1,myNode=761effe7...,timecost=0
info|2024-04-24 22:00:13.503825|[g:1][CONSENSUS][PBFT]checkAndChangeView: Reach consensus,org_view=125,cur_changeCycle=1,curView=125,view=126
info|2024-04-24 22:00:14.504755|[g:1][CONSENSUS][SEALER]++++++++++++++++ Generating seal on,blkNum=1,tx=0,nodeIdx=2,hash=91baa0f9...
info|2024-04-24 22:00:14.506541|[g:1][CONSENSUS][PBFT]checkTimeout Succ,view=126,toView=127,nodeIdx=2,changeCycle=1,myNode=761effe7...,timecost=0
info|2024-04-24 22:00:14.506660|[g:1][CONSENSUS][PBFT]checkAndChangeView: Reach consensus,org_view=126,cur_changeCycle=1,curView=126,view=127
info|2024-04-24 22:00:15.507330|[g:1][CONSENSUS]addRawPrepare,height=1,reqIdx=3,hash=9f0a0719...,time=0
info|2024-04-24 22:00:15.507599|[g:1][CONSENSUS][PBFT]checkTimeout Succ,view=127,toView=128,nodeIdx=2,changeCycle=1,myNode=761effe7...,timecost=0
info|2024-04-24 22:00:15.508679|[g:1][CONSENSUS][PBFT]checkAndChangeView: Reach consensus,org_view=127,cur_changeCycle=1,curView=127,view=128
info|2024-04-24 22:00:16.510270|[g:1][CONSENSUS]addRawPrepare,height=1,reqIdx=0,hash=de118c57...,time=0
info|2024-04-24 22:00:16.510381|[g:1][CONSENSUS][PBFT]checkTimeout Succ,view=128,toView=129,nodeIdx=2,changeCycle=1,myNode=761effe7...,timecost=0
info|2024-04-24 22:00:16.511378|[g:1][CONSENSUS][PBFT]checkAndChangeView: Reach consensus,org_view=128,cur_changeCycle=1,curView=128,view=129
info|2024-04-24 22:00:16.866460|[P2P][Service] heartBeat,connected count=3
info|2024-04-24 22:00:17.512072|[g:1][CONSENSUS]addRawPrepare,height=1,reqIdx=1,hash=363432c5...,time=0
info|2024-04-24 22:00:17.512220|[g:1][CONSENSUS][PBFT]checkTimeout Succ,view=129,toView=130,nodeIdx=2,changeCycle=1,myNode=761effe7...,timecost=0
info|2024-04-24 22:00:17.514211|[g:1][CONSENSUS][PBFT]checkAndChangeView: Reach consensus,org_view=129,cur_changeCycle=1,curView=129,view=130
info|2024-04-24 22:00:18.514061|[g:1][CONSENSUS][SEALER]++++++++++++++++ Generating seal on,blkNum=1,tx=0,nodeIdx=2,hash=a8dd41ab...
info|2024-04-24 22:00:18.514409|[g:1][CONSENSUS][PBFT]checkTimeout Succ,view=130,toView=131,nodeIdx=2,changeCycle=1,myNode=761effe7...,timecost=0
info|2024-04-24 22:00:18.516354|[g:1][CONSENSUS][PBFT]checkAndChangeView: Reach consensus,org_view=130,cur_changeCycle=1,curView=130,view=131
info|2024-04-24 22:00:19.516934|[g:1][CONSENSUS]addRawPrepare,height=1,reqIdx=3,hash=fabdb46e...,time=0
info|2024-04-24 22:00:19.517058|[g:1][CONSENSUS][PBFT]checkTimeout Succ,view=131,toView=132,nodeIdx=2,changeCycle=1,myNode=761effe7...,timecost=1
info|2024-04-24 22:00:19.518147|[g:1][CONSENSUS][PBFT]checkAndChangeView: Reach consensus,org_view=131,cur_changeCycle=1,curView=131,view=132
info|2024-04-24 22:00:20.519227|[g:1][CONSENSUS]addRawPrepare,height=1,reqIdx=0,hash=863932e8...,time=0
info|2024-04-24 22:00:20.519340|[g:1][CONSENSUS][PBFT]checkTimeout Succ,view=132,toView=133,nodeIdx=2,changeCycle=1,myNode=761effe7...,timecost=0
info|2024-04-24 22:00:20.519905|[g:1][CONSENSUS][PBFT]checkAndChangeView: Reach consensus,org_view=132,cur_changeCycle=1,curView=132,view=133
info|2024-04-24 22:00:21.521298|[g:1][CONSENSUS]addRawPrepare,height=1,reqIdx=1,hash=fdb31622...,time=0
info|2024-04-24 22:00:21.521406|[g:1][CONSENSUS][PBFT]checkTimeout Succ,view=133,toView=134,nodeIdx=2,changeCycle=1,myNode=761effe7...,timecost=0
info|2024-04-24 22:00:21.522298|[g:1][CONSENSUS][PBFT]checkAndChangeView: Reach consensus,org_view=133,cur_changeCycle=1,curView=133,view=134
info|2024-04-24 22:00:22.521888|[g:1][CONSENSUS][SEALER]++++++++++++++++ Generating seal on,blkNum=1,tx=0,nodeIdx=2,hash=cb629212...
info|2024-04-24 22:00:22.522329|[g:1][CONSENSUS][PBFT]checkTimeout Succ,view=134,toView=135,nodeIdx=2,changeCycle=1,myNode=761effe7...,timecost=0
info|2024-04-24 22:00:22.524555|[g:1][CONSENSUS][PBFT]checkAndChangeView: Reach consensus,org_view=134,cur_changeCycle=1,curView=134,view=135
info|2024-04-24 22:00:23.525620|[g:1][CONSENSUS]addRawPrepare,height=1,reqIdx=3,hash=84b60389...,time=0
info|2024-04-24 22:00:23.525879|[g:1][CONSENSUS][PBFT]checkTimeout Succ,view=135,toView=136,nodeIdx=2,changeCycle=1,myNode=761effe7...,timecost=0
info|2024-04-24 22:00:23.526523|[g:1][CONSENSUS][PBFT]checkAndChangeView: Reach consensus,org_view=135,cur_changeCycle=1,curView=135,view=136
info|2024-04-24 22:00:24.527128|[g:1][CONSENSUS]addRawPrepare,height=1,reqIdx=0,hash=292f8273...,time=0
info|2024-04-24 22:00:24.527250|[g:1][CONSENSUS][PBFT]checkTimeout Succ,view=136,toView=137,nodeIdx=2,changeCycle=1,myNode=761effe7...,timecost=0
info|2024-04-24 22:00:24.527763|[g:1][CONSENSUS][PBFT]checkAndChangeView: Reach consensus,org_view=136,cur_changeCycle=1,curView=136,view=137
info|2024-04-24 22:00:25.529864|[g:1][CONSENSUS]addRawPrepare,height=1,reqIdx=1,hash=9babc0c0...,time=0
info|2024-04-24 22:00:25.530008|[g:1][CONSENSUS][PBFT]checkTimeout Succ,view=137,toView=138,nodeIdx=2,changeCycle=1,myNode=761effe7...,timecost=1
info|2024-04-24 22:00:25.531017|[g:1][CONSENSUS][PBFT]checkAndChangeView: Reach consensus,org_view=137,cur_changeCycle=1,curView=137,view=138
info|2024-04-24 22:00:26.531715|[g:1][CONSENSUS][SEALER]++++++++++++++++ Generating seal on,blkNum=1,tx=0,nodeIdx=2,hash=fbe4979f...
info|2024-04-24 22:00:26.532013|[g:1][CONSENSUS][PBFT]checkTimeout Succ,view=138,toView=139,nodeIdx=2,changeCycle=1,myNode=761effe7...,timecost=1
info|2024-04-24 22:00:26.532920|[g:1][CONSENSUS][PBFT]checkAndChangeView: Reach consensus,org_view=138,cur_changeCycle=1,curView=138,view=139
info|2024-04-24 22:00:26.866738|[P2P][Service] heartBeat,connected count=3
info|2024-04-24 22:00:27.534153|[g:1][CONSENSUS]addRawPrepare,height=1,reqIdx=3,hash=a745d95e...,time=0
info|2024-04-24 22:00:27.534300|[g:1][CONSENSUS][PBFT]checkTimeout Succ,view=139,toView=140,nodeIdx=2,changeCycle=1,myNode=761effe7...,timecost=0
info|2024-04-24 22:00:27.535999|[g:1][CONSENSUS][PBFT]checkAndChangeView: Reach consensus,org_view=139,cur_changeCycle=1,curView=139,view=140
info|2024-04-24 22:00:28.537169|[g:1][CONSENSUS]addRawPrepare,height=1,reqIdx=0,hash=30221869...,time=0
info|2024-04-24 22:00:28.537293|[g:1][CONSENSUS][PBFT]checkTimeout Succ,view=140,toView=141,nodeIdx=2,changeCycle=1,myNode=761effe7...,timecost=0
info|2024-04-24 22:00:28.539806|[g:1][CONSENSUS][PBFT]checkAndChangeView: Reach consensus,org_view=140,cur_changeCycle=1,curView=140,view=141
info|2024-04-24 22:00:29.541290|[g:1][CONSENSUS]addRawPrepare,height=1,reqIdx=1,hash=5785ef74...,time=0
info|2024-04-24 22:00:29.541391|[g:1][CONSENSUS][PBFT]checkTimeout Succ,view=141,toView=142,nodeIdx=2,changeCycle=1,myNode=761effe7...,timecost=0
info|2024-04-24 22:00:29.542356|[g:1][CONSENSUS][PBFT]checkAndChangeView: Reach consensus,org_view=141,cur_changeCycle=1,curView=141,view=142
info|2024-04-24 22:00:30.542957|[g:1][CONSENSUS][SEALER]++++++++++++++++ Generating seal on,blkNum=1,tx=0,nodeIdx=2,hash=701df210...
info|2024-04-24 22:00:30.545934|[g:1][CONSENSUS][PBFT]checkTimeout Succ,view=142,toView=143,nodeIdx=2,changeCycle=1,myNode=761effe7...,timecost=0
info|2024-04-24 22:00:30.546090|[g:1][CONSENSUS][PBFT]checkAndChangeView: Reach consensus,org_view=142,cur_changeCycle=1,curView=142,view=143
info|2024-04-24 22:00:31.547830|[g:1][CONSENSUS]addRawPrepare,height=1,reqIdx=3,hash=46a81354...,time=0
info|2024-04-24 22:00:31.547994|[g:1][CONSENSUS][PBFT]checkTimeout Succ,view=143,toView=144,nodeIdx=2,changeCycle=1,myNode=761effe7...,timecost=0
info|2024-04-24 22:00:31.548439|[g:1][CONSENSUS][PBFT]checkAndChangeView: Reach consensus,org_view=143,cur_changeCycle=1,curView=143,view=144
info|2024-04-24 22:00:32.550793|[g:1][CONSENSUS]addRawPrepare,height=1,reqIdx=0,hash=5a94a886...,time=0
info|2024-04-24 22:00:32.550894|[g:1][CONSENSUS][PBFT]checkTimeout Succ,view=144,toView=145,nodeIdx=2,changeCycle=1,myNode=761effe7...,timecost=0
info|2024-04-24 22:00:32.551703|[g:1][CONSENSUS][PBFT]checkAndChangeView: Reach consensus,org_view=144,cur_changeCycle=1,curView=144,view=145
info|2024-04-24 22:00:33.552183|[g:1][CONSENSUS]addRawPrepare,height=1,reqIdx=1,hash=2208f4d6...,time=0
info|2024-04-24 22:00:33.552350|[g:1][CONSENSUS][PBFT]checkTimeout Succ,view=145,toView=146,nodeIdx=2,changeCycle=1,myNode=761effe7...,timecost=0
info|2024-04-24 22:00:33.553232|[g:1][CONSENSUS][PBFT]checkAndChangeView: Reach consensus,org_view=145,cur_changeCycle=1,curView=145,view=146
info|2024-04-24 22:00:34.553583|[g:1][CONSENSUS][SEALER]++++++++++++++++ Generating seal on,blkNum=1,tx=0,nodeIdx=2,hash=5e73cb9e...
info|2024-04-24 22:00:34.556402|[g:1][CONSENSUS][PBFT]checkTimeout Succ,view=146,toView=147,nodeIdx=2,changeCycle=1,myNode=761effe7...,timecost=0
info|2024-04-24 22:00:34.556538|[g:1][CONSENSUS][PBFT]checkAndChangeView: Reach consensus,org_view=146,cur_changeCycle=1,curView=146,view=147
info|2024-04-24 22:00:35.559062|[g:1][CONSENSUS]addRawPrepare,height=1,reqIdx=3,hash=7fa0a555...,time=0
info|2024-04-24 22:00:35.559309|[g:1][CONSENSUS][PBFT]checkTimeout Succ,view=147,toView=148,nodeIdx=2,changeCycle=1,myNode=761effe7...,timecost=0
info|2024-04-24 22:00:35.560788|[g:1][CONSENSUS][PBFT]checkAndChangeView: Reach consensus,org_view=147,cur_changeCycle=1,curView=147,view=148
info|2024-04-24 22:00:36.561337|[g:1][CONSENSUS]addRawPrepare,height=1,reqIdx=0,hash=98ffa858...,time=0
info|2024-04-24 22:00:36.561582|[g:1][CONSENSUS][PBFT]checkTimeout Succ,view=148,toView=149,nodeIdx=2,changeCycle=1,myNode=761effe7...,timecost=0
info|2024-04-24 22:00:36.562036|[g:1][CONSENSUS][PBFT]checkAndChangeView: Reach consensus,org_view=148,cur_changeCycle=1,curView=148,view=149
info|2024-04-24 22:00:36.866941|[P2P][Service] heartBeat,connected count=3
info|2024-04-24 22:00:37.564914|[g:1][CONSENSUS]addRawPrepare,height=1,reqIdx=1,hash=14868c7d...,time=0
info|2024-04-24 22:00:37.565117|[g:1][CONSENSUS][PBFT]checkTimeout Succ,view=149,toView=150,nodeIdx=2,changeCycle=1,myNode=761effe7...,timecost=1
info|2024-04-24 22:00:37.566159|[g:1][CONSENSUS][PBFT]checkAndChangeView: Reach consensus,org_view=149,cur_changeCycle=1,curView=149,view=150
info|2024-04-24 22:00:38.566704|[g:1][CONSENSUS][SEALER]++++++++++++++++ Generating seal on,blkNum=1,tx=0,nodeIdx=2,hash=dae80773...
info|2024-04-24 22:00:38.567213|[g:1][CONSENSUS][PBFT]checkTimeout Succ,view=150,toView=151,nodeIdx=2,changeCycle=1,myNode=761effe7...,timecost=0
info|2024-04-24 22:00:38.568719|[g:1][CONSENSUS][PBFT]checkAndChangeView: Reach consensus,org_view=150,cur_changeCycle=1,curView=150,view=151
info|2024-04-24 22:00:39.571270|[g:1][CONSENSUS]addRawPrepare,height=1,reqIdx=3,hash=b39aa4e7...,time=0
info|2024-04-24 22:00:39.571463|[g:1][CONSENSUS][PBFT]checkTimeout Succ,view=151,toView=152,nodeIdx=2,changeCycle=1,myNode=761effe7...,timecost=0
info|2024-04-24 22:00:39.572830|[g:1][CONSENSUS][PBFT]checkAndChangeView: Reach consensus,org_view=151,cur_changeCycle=1,curView=151,view=152
info|2024-04-24 22:00:40.574806|[g:1][CONSENSUS]addRawPrepare,height=1,reqIdx=0,hash=2187cbeb...,time=0
info|2024-04-24 22:00:40.575079|[g:1][CONSENSUS][PBFT]checkTimeout Succ,view=152,toView=153,nodeIdx=2,changeCycle=1,myNode=761effe7...,timecost=1
info|2024-04-24 22:00:40.576031|[g:1][CONSENSUS][PBFT]checkAndChangeView: Reach consensus,org_view=152,cur_changeCycle=1,curView=152,view=153
info|2024-04-24 22:00:41.577568|[g:1][CONSENSUS]addRawPrepare,height=1,reqIdx=1,hash=4e3afbe1...,time=0
info|2024-04-24 22:00:41.577752|[g:1][CONSENSUS][PBFT]checkTimeout Succ,view=153,toView=154,nodeIdx=2,changeCycle=1,myNode=761effe7...,timecost=0
info|2024-04-24 22:00:41.578616|[g:1][CONSENSUS][PBFT]checkAndChangeView: Reach consensus,org_view=153,cur_changeCycle=1,curView=153,view=154
info|2024-04-24 22:00:42.578210|[g:1][CONSENSUS][SEALER]++++++++++++++++ Generating seal on,blkNum=1,tx=0,nodeIdx=2,hash=7916dc4f...
info|2024-04-24 22:00:42.578827|[g:1][CONSENSUS][PBFT]checkTimeout Succ,view=154,toView=155,nodeIdx=2,changeCycle=1,myNode=761effe7...,timecost=0
info|2024-04-24 22:00:42.584234|[g:1][CONSENSUS][PBFT]checkAndChangeView: Reach consensus,org_view=154,cur_changeCycle=1,curView=154,view=155
info|2024-04-24 22:00:43.584377|[g:1][CONSENSUS]addRawPrepare,height=1,reqIdx=3,hash=b9325696...,time=0
info|2024-04-24 22:00:43.584608|[g:1][CONSENSUS][PBFT]checkTimeout Succ,view=155,toView=156,nodeIdx=2,changeCycle=1,myNode=761effe7...,timecost=0
info|2024-04-24 22:00:43.584862|[g:1][CONSENSUS][PBFT]checkAndChangeView: Reach consensus,org_view=155,cur_changeCycle=1,curView=155,view=156
info|2024-04-24 22:00:44.585470|[g:1][CONSENSUS]addRawPrepare,height=1,reqIdx=0,hash=cfbe5665...,time=0
info|2024-04-24 22:00:44.585640|[g:1][CONSENSUS][PBFT]checkTimeout Succ,view=156,toView=157,nodeIdx=2,changeCycle=1,myNode=761effe7...,timecost=0
info|2024-04-24 22:00:44.586671|[g:1][CONSENSUS][PBFT]checkAndChangeView: Reach consensus,org_view=156,cur_changeCycle=1,curView=156,view=157
info|2024-04-24 22:00:45.587300|[g:1][CONSENSUS]addRawPrepare,height=1,reqIdx=1,hash=498472f4...,time=0
info|2024-04-24 22:00:45.587424|[g:1][CONSENSUS][PBFT]checkTimeout Succ,view=157,toView=158,nodeIdx=2,changeCycle=1,myNode=761effe7...,timecost=0
info|2024-04-24 22:00:45.588031|[g:1][CONSENSUS][PBFT]checkAndChangeView: Reach consensus,org_view=157,cur_changeCycle=1,curView=157,view=158
info|2024-04-24 22:00:46.588854|[g:1][CONSENSUS][SEALER]++++++++++++++++ Generating seal on,blkNum=1,tx=0,nodeIdx=2,hash=77db037b...
info|2024-04-24 22:00:46.589374|[g:1][CONSENSUS][PBFT]checkTimeout Succ,view=158,toView=159,nodeIdx=2,changeCycle=1,myNode=761effe7...,timecost=0
info|2024-04-24 22:00:46.592021|[g:1][CONSENSUS][PBFT]checkAndChangeView: Reach consensus,org_view=158,cur_changeCycle=1,curView=158,view=159
info|2024-04-24 22:00:46.867053|[P2P][Service] heartBeat,connected count=3
info|2024-04-24 22:00:47.594575|[g:1][CONSENSUS]addRawPrepare,height=1,reqIdx=3,hash=602a15b2...,time=0
info|2024-04-24 22:00:47.594799|[g:1][CONSENSUS][PBFT]checkTimeout Succ,view=159,toView=160,nodeIdx=2,changeCycle=1,myNode=761effe7...,timecost=0
info|2024-04-24 22:00:47.595227|[g:1][CONSENSUS][PBFT]checkAndChangeView: Reach consensus,org_view=159,cur_changeCycle=1,curView=159,view=160
info|2024-04-24 22:00:48.597077|[g:1][CONSENSUS]addRawPrepare,height=1,reqIdx=0,hash=7d5dbfcb...,time=0
info|2024-04-24 22:00:48.597212|[g:1][CONSENSUS][PBFT]checkTimeout Succ,view=160,toView=161,nodeIdx=2,changeCycle=1,myNode=761effe7...,timecost=0
info|2024-04-24 22:00:48.598069|[g:1][CONSENSUS][PBFT]checkAndChangeView: Reach consensus,org_view=160,cur_changeCycle=1,curView=160,view=161
info|2024-04-24 22:00:49.599546|[g:1][CONSENSUS]addRawPrepare,height=1,reqIdx=1,hash=735f9a61...,time=0
info|2024-04-24 22:00:49.599698|[g:1][CONSENSUS][PBFT]checkTimeout Succ,view=161,toView=162,nodeIdx=2,changeCycle=1,myNode=761effe7...,timecost=0
info|2024-04-24 22:00:49.600309|[g:1][CONSENSUS][PBFT]checkAndChangeView: Reach consensus,org_view=161,cur_changeCycle=1,curView=161,view=162
info|2024-04-24 22:00:50.600174|[g:1][CONSENSUS][SEALER]++++++++++++++++ Generating seal on,blkNum=1,tx=0,nodeIdx=2,hash=ecbbdc82...
info|2024-04-24 22:00:50.600641|[g:1][CONSENSUS][PBFT]checkTimeout Succ,view=162,toView=163,nodeIdx=2,changeCycle=1,myNode=761effe7...,timecost=0
info|2024-04-24 22:00:50.601963|[g:1][CONSENSUS][PBFT]checkAndChangeView: Reach consensus,org_view=162,cur_changeCycle=1,curView=162,view=163
info|2024-04-24 22:00:51.602981|[g:1][CONSENSUS]addRawPrepare,height=1,reqIdx=3,hash=79f3847d...,time=0
info|2024-04-24 22:00:51.603167|[g:1][CONSENSUS][PBFT]checkTimeout Succ,view=163,toView=164,nodeIdx=2,changeCycle=1,myNode=761effe7...,timecost=0
info|2024-04-24 22:00:51.603998|[g:1][CONSENSUS][PBFT]checkAndChangeView: Reach consensus,org_view=163,cur_changeCycle=1,curView=163,view=164
info|2024-04-24 22:00:52.608225|[g:1][CONSENSUS]addRawPrepare,height=1,reqIdx=0,hash=aca5ce22...,time=0
info|2024-04-24 22:00:52.608469|[g:1][CONSENSUS][PBFT]checkTimeout Succ,view=164,toView=165,nodeIdx=2,changeCycle=1,myNode=761effe7...,timecost=0
info|2024-04-24 22:00:52.609565|[g:1][CONSENSUS][PBFT]checkAndChangeView: Reach consensus,org_view=164,cur_changeCycle=1,curView=164,view=165
info|2024-04-24 22:00:53.609867|[g:1][CONSENSUS]addRawPrepare,height=1,reqIdx=1,hash=7f56da49...,time=0
info|2024-04-24 22:00:53.610092|[g:1][CONSENSUS][PBFT]checkTimeout Succ,view=165,toView=166,nodeIdx=2,changeCycle=1,myNode=761effe7...,timecost=1
info|2024-04-24 22:00:53.611347|[g:1][CONSENSUS][PBFT]checkAndChangeView: Reach consensus,org_view=165,cur_changeCycle=1,curView=165,view=166
info|2024-04-24 22:00:54.611238|[g:1][CONSENSUS][SEALER]++++++++++++++++ Generating seal on,blkNum=1,tx=0,nodeIdx=2,hash=8bcc3fed...
info|2024-04-24 22:00:54.612203|[g:1][CONSENSUS][PBFT]checkTimeout Succ,view=166,toView=167,nodeIdx=2,changeCycle=1,myNode=761effe7...,timecost=1
info|2024-04-24 22:00:54.615028|[g:1][CONSENSUS][PBFT]checkAndChangeView: Reach consensus,org_view=166,cur_changeCycle=1,curView=166,view=167
info|2024-04-24 22:00:55.617725|[g:1][CONSENSUS]addRawPrepare,height=1,reqIdx=3,hash=dc0c1839...,time=0
info|2024-04-24 22:00:55.617823|[g:1][CONSENSUS][PBFT]checkTimeout Succ,view=167,toView=168,nodeIdx=2,changeCycle=1,myNode=761effe7...,timecost=0
info|2024-04-24 22:00:55.619221|[g:1][CONSENSUS][PBFT]checkAndChangeView: Reach consensus,org_view=167,cur_changeCycle=1,curView=167,view=168
info|2024-04-24 22:00:56.620960|[g:1][CONSENSUS]addRawPrepare,height=1,reqIdx=0,hash=a404c8b4...,time=0
info|2024-04-24 22:00:56.621211|[g:1][CONSENSUS][PBFT]checkTimeout Succ,view=168,toView=169,nodeIdx=2,changeCycle=1,myNode=761effe7...,timecost=0
info|2024-04-24 22:00:56.622628|[g:1][CONSENSUS][PBFT]checkAndChangeView: Reach consensus,org_view=168,cur_changeCycle=1,curView=168,view=169
info|2024-04-24 22:00:56.867320|[P2P][Service] heartBeat,connected count=3
info|2024-04-24 22:00:57.623378|[g:1][CONSENSUS]addRawPrepare,height=1,reqIdx=1,hash=21db2d4c...,time=0
info|2024-04-24 22:00:57.623539|[g:1][CONSENSUS][PBFT]checkTimeout Succ,view=169,toView=170,nodeIdx=2,changeCycle=1,myNode=761effe7...,timecost=0
info|2024-04-24 22:00:57.624479|[g:1][CONSENSUS][PBFT]checkAndChangeView: Reach consensus,org_view=169,cur_changeCycle=1,curView=169,view=170
info|2024-04-24 22:00:58.623988|[g:1][CONSENSUS][SEALER]++++++++++++++++ Generating seal on,blkNum=1,tx=0,nodeIdx=2,hash=900276eb...
info|2024-04-24 22:00:58.624495|[g:1][CONSENSUS][PBFT]checkTimeout Succ,view=170,toView=171,nodeIdx=2,changeCycle=1,myNode=761effe7...,timecost=0
info|2024-04-24 22:00:58.626045|[g:1][CONSENSUS][PBFT]checkAndChangeView: Reach consensus,org_view=170,cur_changeCycle=1,curView=170,view=171
info|2024-04-24 22:00:59.629302|[g:1][CONSENSUS]addRawPrepare,height=1,reqIdx=3,hash=3c0b5940...,time=0
info|2024-04-24 22:00:59.629691|[g:1][CONSENSUS][PBFT]checkTimeout Succ,view=171,toView=172,nodeIdx=2,changeCycle=1,myNode=761effe7...,timecost=0
info|2024-04-24 22:00:59.631007|[g:1][CONSENSUS][PBFT]checkAndChangeView: Reach consensus,org_view=171,cur_changeCycle=1,curView=171,view=172
info|2024-04-24 22:01:00.634241|[g:1][CONSENSUS]addRawPrepare,height=1,reqIdx=0,hash=a730add4...,time=0
info|2024-04-24 22:01:00.634623|[g:1][CONSENSUS][PBFT]checkTimeout Succ,view=172,toView=173,nodeIdx=2,changeCycle=1,myNode=761effe7...,timecost=0
info|2024-04-24 22:01:00.636374|[g:1][CONSENSUS][PBFT]checkAndChangeView: Reach consensus,org_view=172,cur_changeCycle=1,curView=172,view=173
info|2024-04-24 22:01:01.638480|[g:1][CONSENSUS]addRawPrepare,height=1,reqIdx=1,hash=fc7b0770...,time=0
info|2024-04-24 22:01:01.638680|[g:1][CONSENSUS][PBFT]checkTimeout Succ,view=173,toView=174,nodeIdx=2,changeCycle=1,myNode=761effe7...,timecost=0
info|2024-04-24 22:01:01.639631|[g:1][CONSENSUS][PBFT]checkAndChangeView: Reach consensus,org_view=173,cur_changeCycle=1,curView=173,view=174
info|2024-04-24 22:01:02.639077|[g:1][CONSENSUS][SEALER]++++++++++++++++ Generating seal on,blkNum=1,tx=0,nodeIdx=2,hash=69ee525d...
info|2024-04-24 22:01:02.640441|[g:1][CONSENSUS][PBFT]checkTimeout Succ,view=174,toView=175,nodeIdx=2,changeCycle=1,myNode=761effe7...,timecost=1
info|2024-04-24 22:01:02.644254|[g:1][CONSENSUS][PBFT]checkAndChangeView: Reach consensus,org_view=174,cur_changeCycle=1,curView=174,view=175
info|2024-04-24 22:01:03.645223|[g:1][CONSENSUS]addRawPrepare,height=1,reqIdx=3,hash=46ded532...,time=0
info|2024-04-24 22:01:03.645346|[g:1][CONSENSUS][PBFT]checkTimeout Succ,view=175,toView=176,nodeIdx=2,changeCycle=1,myNode=761effe7...,timecost=0
info|2024-04-24 22:01:03.645485|[g:1][CONSENSUS][PBFT]checkAndChangeView: Reach consensus,org_view=175,cur_changeCycle=1,curView=175,view=176
info|2024-04-24 22:01:04.646335|[g:1][CONSENSUS]addRawPrepare,height=1,reqIdx=0,hash=2e328f82...,time=0
info|2024-04-24 22:01:04.646753|[g:1][CONSENSUS][PBFT]checkTimeout Succ,view=176,toView=177,nodeIdx=2,changeCycle=1,myNode=761effe7...,timecost=0
info|2024-04-24 22:01:04.647159|[g:1][CONSENSUS][PBFT]checkAndChangeView: Reach consensus,org_view=176,cur_changeCycle=1,curView=176,view=177
info|2024-04-24 22:01:05.648156|[g:1][CONSENSUS]addRawPrepare,height=1,reqIdx=1,hash=70caad86...,time=0
info|2024-04-24 22:01:05.648401|[g:1][CONSENSUS][PBFT]checkTimeout Succ,view=177,toView=178,nodeIdx=2,changeCycle=1,myNode=761effe7...,timecost=0
info|2024-04-24 22:01:05.648951|[g:1][CONSENSUS][PBFT]checkAndChangeView: Reach consensus,org_view=177,cur_changeCycle=1,curView=177,view=178
info|2024-04-24 22:01:06.648892|[g:1][CONSENSUS][SEALER]++++++++++++++++ Generating seal on,blkNum=1,tx=0,nodeIdx=2,hash=6fdafddb...
info|2024-04-24 22:01:06.649248|[g:1][CONSENSUS][PBFT]checkTimeout Succ,view=178,toView=179,nodeIdx=2,changeCycle=1,myNode=761effe7...,timecost=0
info|2024-04-24 22:01:06.650563|[g:1][CONSENSUS][PBFT]checkAndChangeView: Reach consensus,org_view=178,cur_changeCycle=1,curView=178,view=179
info|2024-04-24 22:01:06.867457|[P2P][Service] heartBeat,connected count=3
info|2024-04-24 22:01:07.654935|[g:1][CONSENSUS]addRawPrepare,height=1,reqIdx=3,hash=6537ba12...,time=0
info|2024-04-24 22:01:07.655046|[g:1][CONSENSUS][PBFT]checkTimeout Succ,view=179,toView=180,nodeIdx=2,changeCycle=1,myNode=761effe7...,timecost=1
info|2024-04-24 22:01:07.655510|[g:1][CONSENSUS][PBFT]checkAndChangeView: Reach consensus,org_view=179,cur_changeCycle=1,curView=179,view=180
info|2024-04-24 22:01:08.657757|[g:1][CONSENSUS]addRawPrepare,height=1,reqIdx=0,hash=e60ed802...,time=0
info|2024-04-24 22:01:08.657901|[g:1][CONSENSUS][PBFT]checkTimeout Succ,view=180,toView=181,nodeIdx=2,changeCycle=1,myNode=761effe7...,timecost=0
info|2024-04-24 22:01:08.658417|[g:1][CONSENSUS][PBFT]checkAndChangeView: Reach consensus,org_view=180,cur_changeCycle=1,curView=180,view=181
info|2024-04-24 22:01:09.661406|[g:1][CONSENSUS]addRawPrepare,height=1,reqIdx=1,hash=ac23e2dc...,time=0
info|2024-04-24 22:01:09.661706|[g:1][CONSENSUS][PBFT]checkTimeout Succ,view=181,toView=182,nodeIdx=2,changeCycle=1,myNode=761effe7...,timecost=0
info|2024-04-24 22:01:09.662502|[g:1][CONSENSUS][PBFT]checkAndChangeView: Reach consensus,org_view=181,cur_changeCycle=1,curView=181,view=182
info|2024-04-24 22:01:10.661778|[g:1][CONSENSUS][SEALER]++++++++++++++++ Generating seal on,blkNum=1,tx=0,nodeIdx=2,hash=b7c68b40...
info|2024-04-24 22:01:10.662073|[g:1][CONSENSUS][PBFT]checkTimeout Succ,view=182,toView=183,nodeIdx=2,changeCycle=1,myNode=761effe7...,timecost=1
info|2024-04-24 22:01:10.664039|[g:1][CONSENSUS][PBFT]checkAndChangeView: Reach consensus,org_view=182,cur_changeCycle=1,curView=182,view=183
info|2024-04-24 22:01:11.666175|[g:1][CONSENSUS]addRawPrepare,height=1,reqIdx=3,hash=63982c74...,time=0
info|2024-04-24 22:01:11.666406|[g:1][CONSENSUS][PBFT]checkTimeout Succ,view=183,toView=184,nodeIdx=2,changeCycle=1,myNode=761effe7...,timecost=0
info|2024-04-24 22:01:11.667669|[g:1][CONSENSUS][PBFT]checkAndChangeView: Reach consensus,org_view=183,cur_changeCycle=1,curView=183,view=184
info|2024-04-24 22:01:12.668949|[g:1][CONSENSUS]addRawPrepare,height=1,reqIdx=0,hash=9223d11f...,time=0
info|2024-04-24 22:01:12.669079|[g:1][CONSENSUS][PBFT]checkTimeout Succ,view=184,toView=185,nodeIdx=2,changeCycle=1,myNode=761effe7...,timecost=1
info|2024-04-24 22:01:12.669924|[g:1][CONSENSUS][PBFT]checkAndChangeView: Reach consensus,org_view=184,cur_changeCycle=1,curView=184,view=185
info|2024-04-24 22:01:13.671551|[g:1][CONSENSUS]addRawPrepare,height=1,reqIdx=1,hash=669908e2...,time=0
info|2024-04-24 22:01:13.671824|[g:1][CONSENSUS][PBFT]checkTimeout Succ,view=185,toView=186,nodeIdx=2,changeCycle=1,myNode=761effe7...,timecost=0
info|2024-04-24 22:01:13.672551|[g:1][CONSENSUS][PBFT]checkAndChangeView: Reach consensus,org_view=185,cur_changeCycle=1,curView=185,view=186
info|2024-04-24 22:01:14.672842|[g:1][CONSENSUS][SEALER]++++++++++++++++ Generating seal on,blkNum=1,tx=0,nodeIdx=2,hash=dedd30e4...
info|2024-04-24 22:01:14.675764|[g:1][CONSENSUS][PBFT]checkTimeout Succ,view=186,toView=187,nodeIdx=2,changeCycle=1,myNode=761effe7...,timecost=0
info|2024-04-24 22:01:14.676103|[g:1][CONSENSUS][PBFT]checkAndChangeView: Reach consensus,org_view=186,cur_changeCycle=1,curView=186,view=187
info|2024-04-24 22:01:15.675812|[g:1][CONSENSUS]addRawPrepare,height=1,reqIdx=3,hash=4af7e78f...,time=0
info|2024-04-24 22:01:15.675926|[g:1][CONSENSUS][PBFT]checkTimeout Succ,view=187,toView=188,nodeIdx=2,changeCycle=1,myNode=761effe7...,timecost=0
info|2024-04-24 22:01:15.677104|[g:1][CONSENSUS][PBFT]checkAndChangeView: Reach consensus,org_view=187,cur_changeCycle=1,curView=187,view=188
info|2024-04-24 22:01:16.679415|[g:1][CONSENSUS]addRawPrepare,height=1,reqIdx=0,hash=86b2d9d3...,time=0
info|2024-04-24 22:01:16.679523|[g:1][CONSENSUS][PBFT]checkTimeout Succ,view=188,toView=189,nodeIdx=2,changeCycle=1,myNode=761effe7...,timecost=0
info|2024-04-24 22:01:16.680241|[g:1][CONSENSUS][PBFT]checkAndChangeView: Reach consensus,org_view=188,cur_changeCycle=1,curView=188,view=189
info|2024-04-24 22:01:16.867591|[P2P][Service] heartBeat,connected count=3
info|2024-04-24 22:01:17.681241|[g:1][CONSENSUS]addRawPrepare,height=1,reqIdx=1,hash=869b16b1...,time=0
info|2024-04-24 22:01:17.681348|[g:1][CONSENSUS][PBFT]checkTimeout Succ,view=189,toView=190,nodeIdx=2,changeCycle=1,myNode=761effe7...,timecost=0
info|2024-04-24 22:01:17.682266|[g:1][CONSENSUS][PBFT]checkAndChangeView: Reach consensus,org_view=189,cur_changeCycle=1,curView=189,view=190
info|2024-04-24 22:01:18.682134|[g:1][CONSENSUS][SEALER]++++++++++++++++ Generating seal on,blkNum=1,tx=0,nodeIdx=2,hash=60abb0c3...
info|2024-04-24 22:01:18.682669|[g:1][CONSENSUS][PBFT]checkTimeout Succ,view=190,toView=191,nodeIdx=2,changeCycle=1,myNode=761effe7...,timecost=0
info|2024-04-24 22:01:18.684567|[g:1][CONSENSUS][PBFT]checkAndChangeView: Reach consensus,org_view=190,cur_changeCycle=1,curView=190,view=191
info|2024-04-24 22:01:19.686289|[g:1][CONSENSUS]addRawPrepare,height=1,reqIdx=3,hash=ffa1794e...,time=0
info|2024-04-24 22:01:19.686448|[g:1][CONSENSUS][PBFT]checkTimeout Succ,view=191,toView=192,nodeIdx=2,changeCycle=1,myNode=761effe7...,timecost=0
info|2024-04-24 22:01:19.687411|[g:1][CONSENSUS][PBFT]checkAndChangeView: Reach consensus,org_view=191,cur_changeCycle=1,curView=191,view=192
info|2024-04-24 22:01:20.689705|[g:1][CONSENSUS]addRawPrepare,height=1,reqIdx=0,hash=6f3316cc...,time=0
info|2024-04-24 22:01:20.689849|[g:1][CONSENSUS][PBFT]checkTimeout Succ,view=192,toView=193,nodeIdx=2,changeCycle=1,myNode=761effe7...,timecost=0
info|2024-04-24 22:01:20.690965|[g:1][CONSENSUS][PBFT]checkAndChangeView: Reach consensus,org_view=192,cur_changeCycle=1,curView=192,view=193
info|2024-04-24 22:01:21.692436|[g:1][CONSENSUS]addRawPrepare,height=1,reqIdx=1,hash=df05d674...,time=0
info|2024-04-24 22:01:21.692537|[g:1][CONSENSUS][PBFT]checkTimeout Succ,view=193,toView=194,nodeIdx=2,changeCycle=1,myNode=761effe7...,timecost=0
info|2024-04-24 22:01:21.693269|[g:1][CONSENSUS][PBFT]checkAndChangeView: Reach consensus,org_view=193,cur_changeCycle=1,curView=193,view=194
info|2024-04-24 22:01:22.693919|[g:1][CONSENSUS][SEALER]++++++++++++++++ Generating seal on,blkNum=1,tx=0,nodeIdx=2,hash=84b33905...
info|2024-04-24 22:01:22.695303|[g:1][CONSENSUS][PBFT]checkTimeout Succ,view=194,toView=195,nodeIdx=2,changeCycle=1,myNode=761effe7...,timecost=1
info|2024-04-24 22:01:22.698550|[g:1][CONSENSUS][PBFT]checkAndChangeView: Reach consensus,org_view=194,cur_changeCycle=1,curView=194,view=195
info|2024-04-24 22:01:23.699205|[g:1][CONSENSUS]addRawPrepare,height=1,reqIdx=3,hash=51c00d13...,time=0
info|2024-04-24 22:01:23.699300|[g:1][CONSENSUS][PBFT]checkTimeout Succ,view=195,toView=196,nodeIdx=2,changeCycle=1,myNode=761effe7...,timecost=0
info|2024-04-24 22:01:23.699754|[g:1][CONSENSUS][PBFT]checkAndChangeView: Reach consensus,org_view=195,cur_changeCycle=1,curView=195,view=196
info|2024-04-24 22:01:24.702498|[g:1][CONSENSUS]addRawPrepare,height=1,reqIdx=0,hash=dea7bd2b...,time=0
info|2024-04-24 22:01:24.702683|[g:1][CONSENSUS][PBFT]checkTimeout Succ,view=196,toView=197,nodeIdx=2,changeCycle=1,myNode=761effe7...,timecost=0
info|2024-04-24 22:01:24.703649|[g:1][CONSENSUS][PBFT]checkAndChangeView: Reach consensus,org_view=196,cur_changeCycle=1,curView=196,view=197
info|2024-04-24 22:01:25.705392|[g:1][CONSENSUS]addRawPrepare,height=1,reqIdx=1,hash=95203bac...,time=0
info|2024-04-24 22:01:25.705529|[g:1][CONSENSUS][PBFT]checkTimeout Succ,view=197,toView=198,nodeIdx=2,changeCycle=1,myNode=761effe7...,timecost=0
info|2024-04-24 22:01:25.706365|[g:1][CONSENSUS][PBFT]checkAndChangeView: Reach consensus,org_view=197,cur_changeCycle=1,curView=197,view=198
info|2024-04-24 22:01:26.706326|[g:1][CONSENSUS][SEALER]++++++++++++++++ Generating seal on,blkNum=1,tx=0,nodeIdx=2,hash=679b2726...
info|2024-04-24 22:01:26.706981|[g:1][CONSENSUS][PBFT]checkTimeout Succ,view=198,toView=199,nodeIdx=2,changeCycle=1,myNode=761effe7...,timecost=0
info|2024-04-24 22:01:26.711938|[g:1][CONSENSUS][PBFT]checkAndChangeView: Reach consensus,org_view=198,cur_changeCycle=1,curView=198,view=199
info|2024-04-24 22:01:26.867761|[P2P][Service] heartBeat,connected count=3
info|2024-04-24 22:01:27.714809|[g:1][CONSENSUS]addRawPrepare,height=1,reqIdx=3,hash=20c012b5...,time=0
info|2024-04-24 22:01:27.714959|[g:1][CONSENSUS][PBFT]checkTimeout Succ,view=199,toView=200,nodeIdx=2,changeCycle=1,myNode=761effe7...,timecost=0
info|2024-04-24 22:01:27.715106|[g:1][CONSENSUS][PBFT]checkAndChangeView: Reach consensus,org_view=199,cur_changeCycle=1,curView=199,view=200
info|2024-04-24 22:01:28.717277|[g:1][CONSENSUS]addRawPrepare,height=1,reqIdx=0,hash=5321ae8f...,time=0
info|2024-04-24 22:01:28.717476|[g:1][CONSENSUS][PBFT]checkTimeout Succ,view=200,toView=201,nodeIdx=2,changeCycle=1,myNode=761effe7...,timecost=0
info|2024-04-24 22:01:28.717688|[g:1][CONSENSUS][PBFT]checkAndChangeView: Reach consensus,org_view=200,cur_changeCycle=1,curView=200,view=201
info|2024-04-24 22:01:28.897006|[LEDGER]stop sealer,groupID=1
info|2024-04-24 22:01:28.897034|[CONSENSUS][SEALER]Stop sealer module...
info|2024-04-24 22:01:28.900793|[CONSENSUS][ConsensusEngine][Stop ConsensusEngineBase]
info|2024-04-24 22:01:28.904642|[CONSENSUS][ConsensusEngine]ConsensusEngineBase stopped
info|2024-04-24 22:01:28.904653|[LEDGER]sealer stopped. stop sync,groupID=1
info|2024-04-24 22:01:28.905022|[g:1] [SYNC][id:761effe7...]SyncMsgEngine stopped
info|2024-04-24 22:01:29.081166|[GossipBlockStatus]stop GossipBlockStatus succ
info|2024-04-24 22:01:30.120808|[SYNC][id:761effe7...][g:1]SyncMaster stopped
info|2024-04-24 22:01:30.120848|[LEDGER]sync stopped. stop event filter manager,groupID=1
info|2024-04-24 22:01:30.199636|[EVENT][EventLogFilterManager]stop
info|2024-04-24 22:01:30.199656|[LEDGER]event filter manager stopped. stop tx pool,groupID=1
info|2024-04-24 22:01:30.199866|[LEDGER]removeNetworkStatHandlerByGroupID and removeGroupBandwidthLimiter for service,groupID=1
info|2024-04-24 22:01:30.199881|[CHANNEL]removeSDKAllowListByGroupId,groupId=1
info|2024-04-24 22:01:30.199884|[INITIALIZER]ledgerInitializer stopped
warning|2024-04-24 22:01:31.188350|[NETWORK][Session]doRead error,endpoint=127.0.0.1:30301,message=short read
info|2024-04-24 22:01:31.188371|[NETWORK][Session]drop, call and erase all callbackFunc in this session!,endpoint=127.0.0.1:30301
warning|2024-04-24 22:01:31.188382|[NETWORK][Session][drop] closing remote 127.0.0.1:30301,reason=Low-level TCP communication error.,endpoint=127.0.0.1:30301
error|2024-04-24 22:01:31.188399|[NETWORK][Session]Session inactived
error|2024-04-24 22:01:31.188404|[NETWORK][Session]Session inactived
warning|2024-04-24 22:01:31.188405|[NETWORK][Session][drop] shutdown failed ,errorValue=9,message=Bad file descriptor
warning|2024-04-24 22:01:31.188759|[P2P][Service] disconnect error P2PSession,nodeID=d3d529ed...,endpoint=127.0.0.1:30301,errorCode=3,what=Disconnect
warning|2024-04-24 22:01:31.188770|[P2P][Service] onDisconnect,errorCode=3,what=Dynamic exception type: dev::network::NetworkException
std::exception::what: Disconnect

warning|2024-04-24 22:01:31.189786|[NETWORK][Session]doRead error,endpoint=127.0.0.1:56538,message=short read
info|2024-04-24 22:01:31.189796|[NETWORK][Session]drop, call and erase all callbackFunc in this session!,endpoint=127.0.0.1:56538
warning|2024-04-24 22:01:31.189805|[NETWORK][Session][drop] closing remote 127.0.0.1:56538,reason=Low-level TCP communication error.,endpoint=127.0.0.1:56538
error|2024-04-24 22:01:31.189819|[NETWORK][Session]Session inactived
error|2024-04-24 22:01:31.189821|[NETWORK][Session]Session inactived
warning|2024-04-24 22:01:31.189822|[NETWORK][Session][drop] shutdown failed ,errorValue=9,message=Bad file descriptor
warning|2024-04-24 22:01:31.189986|[P2P][Service] disconnect error P2PSession,nodeID=1a800e0a...,endpoint=127.0.0.1:56538,errorCode=3,what=Disconnect
warning|2024-04-24 22:01:31.190001|[P2P][Service] onDisconnect,errorCode=3,what=Dynamic exception type: dev::network::NetworkException
std::exception::what: Disconnect

info|2024-04-24 22:01:31.200414|[INITIALIZER]ChannelRPCHttpServer deleted.
info|2024-04-24 22:01:31.201157|[INITIALIZER]JsonrpcHttpServer deleted.
info|2024-04-24 22:01:31.201166|[INITIALIZER]RPCInitializer stopped
info|2024-04-24 22:01:31.201354|[NETWORK][Host]Host exit
info|2024-04-24 22:01:31.201858|[INITIALIZER]P2PInitializer stopped
info|2024-04-24 22:01:31.201871|[LEDGER]stop sealer,groupID=1
info|2024-04-24 22:01:31.201875|[LEDGER]sealer stopped. stop sync,groupID=1
info|2024-04-24 22:01:31.201879|[g:1] [SYNC][id:761effe7...]SyncMsgEngine stopped
info|2024-04-24 22:01:31.201885|[GossipBlockStatus]GossipBlockStatus already stopped
info|2024-04-24 22:01:31.201887|[SYNC][id:761effe7...][g:1]SyncMaster stopped
info|2024-04-24 22:01:31.201889|[LEDGER]sync stopped. stop event filter manager,groupID=1
info|2024-04-24 22:01:31.201890|[LEDGER]event filter manager stopped. stop tx pool,groupID=1
info|2024-04-24 22:01:31.201893|[LEDGER]removeNetworkStatHandlerByGroupID and removeGroupBandwidthLimiter for service,groupID=1
info|2024-04-24 22:01:31.201898|[g:1][STORAGE][CachedStorage]Stopping flushStorage thread
info|2024-04-24 22:01:31.983492|[g:1][STORAGE][CachedStorage]flushStorage thread stopped.
info|2024-04-24 22:01:31.983525|[DBINITIALIZER] storage stopped
info|2024-04-24 22:01:31.984153|[g:1] [SYNC][id:761effe7...]SyncMsgEngine stopped
info|2024-04-24 22:01:31.984178|[GossipBlockStatus]GossipBlockStatus already stopped
info|2024-04-24 22:01:31.984181|[SYNC][id:761effe7...][g:1]SyncMaster stopped
info|2024-04-24 22:01:31.984192|[g:1] [SYNC][id:761effe7...]SyncMsgEngine stopped
