2024-04-24 22:09:13.323 INFO  org.fisco.bcos.sdk.BcosSDK 58 build -- create BcosSDK, configPath: /home/hirasawa/fisco/console/conf/config.toml
2024-04-24 22:09:13.384 INFO  org.fisco.bcos.sdk.network.ConnectionManager 88 <init> --  all connections, size: 2, list: [ConnectionInfo{host='127.0.0.1', port=20200}, ConnectionInfo{host='127.0.0.1', port=20201}]
2024-04-24 22:09:13.384 INFO  org.fisco.bcos.sdk.network.NetworkImp 167 start -- 
* TRACE INFORMATION:
----------------------------
====> STEP1: try to connect nodes with ecdsa context...

2024-04-24 22:09:13.384 INFO  org.fisco.bcos.sdk.network.NetworkImp 174 start -- ====> <==== STEP1-1: Load certificates for ecdsa context success..., start connManager with ECDSA sslContext
2024-04-24 22:09:13.439 INFO  org.fisco.bcos.sdk.network.ConnectionManager 238 initSslContext --  build ECDSA ssl context with configured certificates 
2024-04-24 22:09:13.541 INFO  io.netty.handler.ssl.OpenSsl 357 <clinit> -- Using supported configured namedGroups: [SM2, secp256k1, secp256r1, secp384r1, secp521r1]. Unsupported namedGroups: [x25519]. 
2024-04-24 22:09:13.613 ERROR org.fisco.bcos.sdk.network.ConnectionManager 376 checkConnectionResult -- connect to 127.0.0.1:20200 failed! Please make sure the nodes have been started, and the network between the SDK and the nodes are connected normally.reason: Connection refused: /127.0.0.1:20200
, cause: Connection refused: /127.0.0.1:20200
2024-04-24 22:09:13.613 ERROR org.fisco.bcos.sdk.network.ConnectionManager 376 checkConnectionResult -- connect to 127.0.0.1:20201 failed! Please make sure the nodes have been started, and the network between the SDK and the nodes are connected normally.reason: Connection refused: /127.0.0.1:20201
, cause: Connection refused: /127.0.0.1:20201
2024-04-24 22:09:13.614 ERROR org.fisco.bcos.sdk.network.ConnectionManager 129 startConnect --  all connections have failed, [{"code":2, "msg":"connect to 127.0.0.1:20200 failed! Please make sure the nodes have been started, and the network between the SDK and the nodes are connected normally.reason: Connection refused: /127.0.0.1:20200
"}, {"code":2, "msg":"connect to 127.0.0.1:20201 failed! Please make sure the nodes have been started, and the network between the SDK and the nodes are connected normally.reason: Connection refused: /127.0.0.1:20201
"}] 
2024-04-24 22:09:13.614 WARN  org.fisco.bcos.sdk.network.NetworkImp 191 start -- <==== connect nodes failed, reason:
Failed to connect to all the nodes!
* connect to 127.0.0.1:20200 failed! Please make sure the nodes have been started, and the network between the SDK and the nodes are connected normally.reason: Connection refused: /127.0.0.1:20200

* connect to 127.0.0.1:20201 failed! Please make sure the nodes have been started, and the network between the SDK and the nodes are connected normally.reason: Connection refused: /127.0.0.1:20201


2024-04-24 22:09:15.637 INFO  org.fisco.bcos.sdk.network.ConnectionManager 173 stopNetty -- The netty has been stopped
2024-04-24 22:09:15.637 ERROR org.fisco.bcos.sdk.channel.ChannelImp 95 start -- ====> init channel network error, org.fisco.bcos.sdk.network.NetworkException: 
* TRACE INFORMATION:
----------------------------
====> STEP1: try to connect nodes with ecdsa context...
<==== STEP1-1: Load certificates for ecdsa context success...
<==== connect nodes failed, reason:
Failed to connect to all the nodes!
* connect to 127.0.0.1:20200 failed! Please make sure the nodes have been started, and the network between the SDK and the nodes are connected normally.reason: Connection refused: /127.0.0.1:20200

* connect to 127.0.0.1:20201 failed! Please make sure the nodes have been started, and the network between the SDK and the nodes are connected normally.reason: Connection refused: /127.0.0.1:20201


 
2024-04-24 22:09:15.637 WARN  org.fisco.bcos.sdk.channel.ChannelImp 146 stop -- The channel has already been stopped!
2024-04-24 22:09:15.637 ERROR console.Console 56 main --  message: create BcosSDK failed, error info: init channel network error!
org.fisco.bcos.sdk.network.NetworkException: 
* TRACE INFORMATION:
----------------------------
====> STEP1: try to connect nodes with ecdsa context...
<==== STEP1-1: Load certificates for ecdsa context success...
<==== connect nodes failed, reason:
Failed to connect to all the nodes!
* connect to 127.0.0.1:20200 failed! Please make sure the nodes have been started, and the network between the SDK and the nodes are connected normally.reason: Connection refused: /127.0.0.1:20200

* connect to 127.0.0.1:20201 failed! Please make sure the nodes have been started, and the network between the SDK and the nodes are connected normally.reason: Connection refused: /127.0.0.1:20201


, e: org.fisco.bcos.sdk.BcosSDKException: create BcosSDK failed, error info: init channel network error!
org.fisco.bcos.sdk.network.NetworkException: 
* TRACE INFORMATION:
----------------------------
====> STEP1: try to connect nodes with ecdsa context...
<==== STEP1-1: Load certificates for ecdsa context success...
<==== connect nodes failed, reason:
Failed to connect to all the nodes!
* connect to 127.0.0.1:20200 failed! Please make sure the nodes have been started, and the network between the SDK and the nodes are connected normally.reason: Connection refused: /127.0.0.1:20200

* connect to 127.0.0.1:20201 failed! Please make sure the nodes have been started, and the network between the SDK and the nodes are connected normally.reason: Connection refused: /127.0.0.1:20201



2024-04-24 22:10:21.564 INFO  org.fisco.bcos.sdk.BcosSDK 58 build -- create BcosSDK, configPath: /home/hirasawa/fisco/console/conf/config.toml
2024-04-24 22:10:21.624 INFO  org.fisco.bcos.sdk.network.ConnectionManager 88 <init> --  all connections, size: 2, list: [ConnectionInfo{host='127.0.0.1', port=20200}, ConnectionInfo{host='127.0.0.1', port=20201}]
2024-04-24 22:10:21.624 INFO  org.fisco.bcos.sdk.network.NetworkImp 167 start -- 
* TRACE INFORMATION:
----------------------------
====> STEP1: try to connect nodes with ecdsa context...

2024-04-24 22:10:21.624 INFO  org.fisco.bcos.sdk.network.NetworkImp 174 start -- ====> <==== STEP1-1: Load certificates for ecdsa context success..., start connManager with ECDSA sslContext
2024-04-24 22:10:21.688 INFO  org.fisco.bcos.sdk.network.ConnectionManager 238 initSslContext --  build ECDSA ssl context with configured certificates 
2024-04-24 22:10:21.783 INFO  io.netty.handler.ssl.OpenSsl 357 <clinit> -- Using supported configured namedGroups: [SM2, secp256k1, secp256r1, secp384r1, secp521r1]. Unsupported namedGroups: [x25519]. 
2024-04-24 22:10:21.882 INFO  org.fisco.bcos.sdk.network.ConnectionManager 402 checkConnectionResult --  ssl handshake success 127.0.0.1:20200
2024-04-24 22:10:21.882 INFO  org.fisco.bcos.sdk.network.ConnectionManager 402 checkConnectionResult --  ssl handshake success 127.0.0.1:20201
2024-04-24 22:10:21.883 INFO  org.fisco.bcos.sdk.network.ChannelHandler 73 userEventTriggered --  handshake success, host: 127.0.0.1, port: 20200, ctx: 1777731988
2024-04-24 22:10:21.883 INFO  org.fisco.bcos.sdk.network.ChannelHandler 73 userEventTriggered --  handshake success, host: 127.0.0.1, port: 20201, ctx: 1097196615
2024-04-24 22:10:21.919 INFO  org.fisco.bcos.sdk.channel.ChannelMsgHandler$1 225 onResponse --  node: ClientVersion{version='2.9.1', supportedVersion='2.9.1', chainId='1', buildTime='20220922 08:57:35', buildType='Linux/g++/Release', gitBranch='HEAD', gitCommitHash='83a87ad749475c0edcc6d5ce2dabd328a36d3bae'}, content: {"id":0,"jsonrpc":"2.0","result":{"Build Time":"20220922 08:57:35","Build Type":"Linux/g++/Release","Chain Id":"1","FISCO-BCOS Version":"2.9.1","Git Branch":"HEAD","Git Commit Hash":"83a87ad749475c0edcc6d5ce2dabd328a36d3bae","Supported Version":"2.9.1"}}

2024-04-24 22:10:21.919 INFO  org.fisco.bcos.sdk.channel.ChannelMsgHandler$1 225 onResponse --  node: ClientVersion{version='2.9.1', supportedVersion='2.9.1', chainId='1', buildTime='20220922 08:57:35', buildType='Linux/g++/Release', gitBranch='HEAD', gitCommitHash='83a87ad749475c0edcc6d5ce2dabd328a36d3bae'}, content: {"id":1,"jsonrpc":"2.0","result":{"Build Time":"20220922 08:57:35","Build Type":"Linux/g++/Release","Chain Id":"1","FISCO-BCOS Version":"2.9.1","Git Branch":"HEAD","Git Commit Hash":"83a87ad749475c0edcc6d5ce2dabd328a36d3bae","Supported Version":"2.9.1"}}

2024-04-24 22:10:21.920 INFO  org.fisco.bcos.sdk.channel.ChannelMsgHandler$1 233 onResponse --  support channel handshake node
2024-04-24 22:10:21.920 INFO  org.fisco.bcos.sdk.channel.ChannelMsgHandler$1 233 onResponse --  support channel handshake node
2024-04-24 22:10:21.923 INFO  org.fisco.bcos.sdk.channel.ChannelMsgHandler$2 309 onResponse --  channel protocol handshake success, set socket channel protocol, host: 127.0.0.1:20201, channel protocol: ChannelProtocol [protocol=3, nodeVersion=2.9.1, EnumProtocol=VERSION_3]
2024-04-24 22:10:21.923 INFO  org.fisco.bcos.sdk.channel.ChannelMsgHandler$2 309 onResponse --  channel protocol handshake success, set socket channel protocol, host: 127.0.0.1:20200, channel protocol: ChannelProtocol [protocol=3, nodeVersion=2.9.1, EnumProtocol=VERSION_3]
2024-04-24 22:10:21.944 INFO  org.fisco.bcos.sdk.channel.ChannelImp 126 checkConnectionsToStartPeriodTask --  Connect to  nodes: 127.0.0.1:20200, 127.0.0.1:20201, 
2024-04-24 22:10:21.944 INFO  org.fisco.bcos.sdk.BcosSDK 77 <init> -- create BcosSDK, start channel success, cryptoType: 0
2024-04-24 22:10:21.945 INFO  org.fisco.bcos.sdk.BcosSDK 87 <init> -- create BcosSDK, start channel succ, channelProcessorThreadSize: 32, receiptProcessorThreadSize: 32
2024-04-24 22:10:21.949 INFO  org.fisco.bcos.sdk.service.GroupManagerServiceImpl 260 registerBlockNumberNotifyHandler -- registerBlockNumberNotifyHandler
2024-04-24 22:10:21.949 INFO  org.fisco.bcos.sdk.service.GroupManagerServiceImpl 282 registerTransactionNotifyHandler -- registerTransactionNotifyHandler
2024-04-24 22:10:21.960 INFO  org.fisco.bcos.sdk.BcosSDK 98 <init> -- create BcosSDK, create groupManagerService success
2024-04-24 22:10:22.242 INFO  org.fisco.bcos.sdk.amop.AmopImp 216 sendSubscribe -- update subscribe inform 2 peers
2024-04-24 22:10:22.244 INFO  org.fisco.bcos.sdk.amop.AmopImp 216 sendSubscribe -- update subscribe inform 2 peers
2024-04-24 22:10:22.244 INFO  org.fisco.bcos.sdk.amop.AmopImp 188 start -- amop module started
2024-04-24 22:10:22.244 INFO  org.fisco.bcos.sdk.amop.AmopImp 216 sendSubscribe -- update subscribe inform 2 peers
2024-04-24 22:10:22.244 INFO  org.fisco.bcos.sdk.BcosSDK 103 <init> -- create BcosSDK, create Amop success
2024-04-24 22:10:22.259 INFO  org.fisco.bcos.sdk.client.Client 114 build -- build client success for group 1, crypto type 0
2024-04-24 22:10:22.261 INFO  org.fisco.bcos.sdk.BcosSDK 178 getClient -- create client for group 1 success
2024-04-24 22:10:22.273 INFO  org.fisco.bcos.sdk.eventsub.EventSubscribeImp 173 resendWaitingFilters -- Resend waiting filters, size: 0
2024-04-24 22:10:22.274 INFO  org.fisco.bcos.sdk.eventsub.EventSubscribeImp 173 resendWaitingFilters -- Resend waiting filters, size: 0
2024-04-24 22:10:22.274 INFO  org.fisco.bcos.sdk.eventsub.EventSubscribeImp 173 resendWaitingFilters -- Resend waiting filters, size: 0
2024-04-24 22:10:22.275 INFO  org.fisco.bcos.sdk.eventsub.EventSubscribeImp 173 resendWaitingFilters -- Resend waiting filters, size: 0
2024-04-24 22:10:22.276 INFO  org.fisco.bcos.sdk.eventsub.EventSubscribeImp 173 resendWaitingFilters -- Resend waiting filters, size: 0
2024-04-24 22:10:22.276 INFO  org.fisco.bcos.sdk.eventsub.EventSubscribeImp 173 resendWaitingFilters -- Resend waiting filters, size: 0
2024-04-24 22:10:22.278 INFO  org.fisco.bcos.sdk.eventsub.EventSubscribeImp 173 resendWaitingFilters -- Resend waiting filters, size: 0
2024-04-24 22:10:22.281 INFO  org.fisco.bcos.sdk.eventsub.EventSubscribeImp 173 resendWaitingFilters -- Resend waiting filters, size: 0
2024-04-24 22:10:22.282 INFO  org.fisco.bcos.sdk.eventsub.EventSubscribeImp 173 resendWaitingFilters -- Resend waiting filters, size: 0
2024-04-24 22:10:22.283 INFO  org.fisco.bcos.sdk.eventsub.EventSubscribeImp 173 resendWaitingFilters -- Resend waiting filters, size: 0
2024-04-24 22:10:32.273 INFO  org.fisco.bcos.sdk.eventsub.EventSubscribeImp 173 resendWaitingFilters -- Resend waiting filters, size: 0
2024-04-24 22:10:32.274 INFO  org.fisco.bcos.sdk.eventsub.EventSubscribeImp 173 resendWaitingFilters -- Resend waiting filters, size: 0
2024-04-24 22:10:32.275 INFO  org.fisco.bcos.sdk.eventsub.EventSubscribeImp 173 resendWaitingFilters -- Resend waiting filters, size: 0
2024-04-24 22:10:32.275 INFO  org.fisco.bcos.sdk.eventsub.EventSubscribeImp 173 resendWaitingFilters -- Resend waiting filters, size: 0
2024-04-24 22:10:32.275 INFO  org.fisco.bcos.sdk.eventsub.EventSubscribeImp 173 resendWaitingFilters -- Resend waiting filters, size: 0
2024-04-24 22:10:32.276 INFO  org.fisco.bcos.sdk.eventsub.EventSubscribeImp 173 resendWaitingFilters -- Resend waiting filters, size: 0
2024-04-24 22:10:32.277 INFO  org.fisco.bcos.sdk.eventsub.EventSubscribeImp 173 resendWaitingFilters -- Resend waiting filters, size: 0
2024-04-24 22:10:32.281 INFO  org.fisco.bcos.sdk.eventsub.EventSubscribeImp 173 resendWaitingFilters -- Resend waiting filters, size: 0
2024-04-24 22:10:32.282 INFO  org.fisco.bcos.sdk.eventsub.EventSubscribeImp 173 resendWaitingFilters -- Resend waiting filters, size: 0
2024-04-24 22:10:32.283 INFO  org.fisco.bcos.sdk.eventsub.EventSubscribeImp 173 resendWaitingFilters -- Resend waiting filters, size: 0
2024-04-24 22:10:42.273 INFO  org.fisco.bcos.sdk.eventsub.EventSubscribeImp 173 resendWaitingFilters -- Resend waiting filters, size: 0
2024-04-24 22:10:42.274 INFO  org.fisco.bcos.sdk.eventsub.EventSubscribeImp 173 resendWaitingFilters -- Resend waiting filters, size: 0
2024-04-24 22:10:42.275 INFO  org.fisco.bcos.sdk.eventsub.EventSubscribeImp 173 resendWaitingFilters -- Resend waiting filters, size: 0
2024-04-24 22:10:42.275 INFO  org.fisco.bcos.sdk.eventsub.EventSubscribeImp 173 resendWaitingFilters -- Resend waiting filters, size: 0
2024-04-24 22:10:42.276 INFO  org.fisco.bcos.sdk.eventsub.EventSubscribeImp 173 resendWaitingFilters -- Resend waiting filters, size: 0
2024-04-24 22:10:42.276 INFO  org.fisco.bcos.sdk.eventsub.EventSubscribeImp 173 resendWaitingFilters -- Resend waiting filters, size: 0
2024-04-24 22:10:42.278 INFO  org.fisco.bcos.sdk.eventsub.EventSubscribeImp 173 resendWaitingFilters -- Resend waiting filters, size: 0
2024-04-24 22:10:42.281 INFO  org.fisco.bcos.sdk.eventsub.EventSubscribeImp 173 resendWaitingFilters -- Resend waiting filters, size: 0
2024-04-24 22:10:42.282 INFO  org.fisco.bcos.sdk.eventsub.EventSubscribeImp 173 resendWaitingFilters -- Resend waiting filters, size: 0
2024-04-24 22:10:42.283 INFO  org.fisco.bcos.sdk.eventsub.EventSubscribeImp 173 resendWaitingFilters -- Resend waiting filters, size: 0
2024-04-24 22:10:52.273 INFO  org.fisco.bcos.sdk.eventsub.EventSubscribeImp 173 resendWaitingFilters -- Resend waiting filters, size: 0
2024-04-24 22:10:52.273 INFO  org.fisco.bcos.sdk.eventsub.EventSubscribeImp 173 resendWaitingFilters -- Resend waiting filters, size: 0
2024-04-24 22:10:52.274 INFO  org.fisco.bcos.sdk.eventsub.EventSubscribeImp 173 resendWaitingFilters -- Resend waiting filters, size: 0
2024-04-24 22:10:52.275 INFO  org.fisco.bcos.sdk.eventsub.EventSubscribeImp 173 resendWaitingFilters -- Resend waiting filters, size: 0
2024-04-24 22:10:52.276 INFO  org.fisco.bcos.sdk.eventsub.EventSubscribeImp 173 resendWaitingFilters -- Resend waiting filters, size: 0
2024-04-24 22:10:52.276 INFO  org.fisco.bcos.sdk.eventsub.EventSubscribeImp 173 resendWaitingFilters -- Resend waiting filters, size: 0
2024-04-24 22:10:52.277 INFO  org.fisco.bcos.sdk.eventsub.EventSubscribeImp 173 resendWaitingFilters -- Resend waiting filters, size: 0
2024-04-24 22:10:52.281 INFO  org.fisco.bcos.sdk.eventsub.EventSubscribeImp 173 resendWaitingFilters -- Resend waiting filters, size: 0
2024-04-24 22:10:52.282 INFO  org.fisco.bcos.sdk.eventsub.EventSubscribeImp 173 resendWaitingFilters -- Resend waiting filters, size: 0
2024-04-24 22:10:52.284 INFO  org.fisco.bcos.sdk.eventsub.EventSubscribeImp 173 resendWaitingFilters -- Resend waiting filters, size: 0
2024-04-24 22:11:02.273 INFO  org.fisco.bcos.sdk.eventsub.EventSubscribeImp 173 resendWaitingFilters -- Resend waiting filters, size: 0
2024-04-24 22:11:02.274 INFO  org.fisco.bcos.sdk.eventsub.EventSubscribeImp 173 resendWaitingFilters -- Resend waiting filters, size: 0
2024-04-24 22:11:02.275 INFO  org.fisco.bcos.sdk.eventsub.EventSubscribeImp 173 resendWaitingFilters -- Resend waiting filters, size: 0
2024-04-24 22:11:02.275 INFO  org.fisco.bcos.sdk.eventsub.EventSubscribeImp 173 resendWaitingFilters -- Resend waiting filters, size: 0
2024-04-24 22:11:02.276 INFO  org.fisco.bcos.sdk.eventsub.EventSubscribeImp 173 resendWaitingFilters -- Resend waiting filters, size: 0
2024-04-24 22:11:02.276 INFO  org.fisco.bcos.sdk.eventsub.EventSubscribeImp 173 resendWaitingFilters -- Resend waiting filters, size: 0
2024-04-24 22:11:02.278 INFO  org.fisco.bcos.sdk.eventsub.EventSubscribeImp 173 resendWaitingFilters -- Resend waiting filters, size: 0
2024-04-24 22:11:02.281 INFO  org.fisco.bcos.sdk.eventsub.EventSubscribeImp 173 resendWaitingFilters -- Resend waiting filters, size: 0
2024-04-24 22:11:02.282 INFO  org.fisco.bcos.sdk.eventsub.EventSubscribeImp 173 resendWaitingFilters -- Resend waiting filters, size: 0
2024-04-24 22:11:02.283 INFO  org.fisco.bcos.sdk.eventsub.EventSubscribeImp 173 resendWaitingFilters -- Resend waiting filters, size: 0
2024-04-24 22:11:12.273 INFO  org.fisco.bcos.sdk.eventsub.EventSubscribeImp 173 resendWaitingFilters -- Resend waiting filters, size: 0
2024-04-24 22:11:12.273 INFO  org.fisco.bcos.sdk.eventsub.EventSubscribeImp 173 resendWaitingFilters -- Resend waiting filters, size: 0
2024-04-24 22:11:12.274 INFO  org.fisco.bcos.sdk.eventsub.EventSubscribeImp 173 resendWaitingFilters -- Resend waiting filters, size: 0
2024-04-24 22:11:12.275 INFO  org.fisco.bcos.sdk.eventsub.EventSubscribeImp 173 resendWaitingFilters -- Resend waiting filters, size: 0
2024-04-24 22:11:12.276 INFO  org.fisco.bcos.sdk.eventsub.EventSubscribeImp 173 resendWaitingFilters -- Resend waiting filters, size: 0
2024-04-24 22:11:12.276 INFO  org.fisco.bcos.sdk.eventsub.EventSubscribeImp 173 resendWaitingFilters -- Resend waiting filters, size: 0
2024-04-24 22:11:12.278 INFO  org.fisco.bcos.sdk.eventsub.EventSubscribeImp 173 resendWaitingFilters -- Resend waiting filters, size: 0
2024-04-24 22:11:12.281 INFO  org.fisco.bcos.sdk.eventsub.EventSubscribeImp 173 resendWaitingFilters -- Resend waiting filters, size: 0
2024-04-24 22:11:12.282 INFO  org.fisco.bcos.sdk.eventsub.EventSubscribeImp 173 resendWaitingFilters -- Resend waiting filters, size: 0
2024-04-24 22:11:12.283 INFO  org.fisco.bcos.sdk.eventsub.EventSubscribeImp 173 resendWaitingFilters -- Resend waiting filters, size: 0
2024-04-24 22:11:22.273 INFO  org.fisco.bcos.sdk.eventsub.EventSubscribeImp 173 resendWaitingFilters -- Resend waiting filters, size: 0
2024-04-24 22:11:22.274 INFO  org.fisco.bcos.sdk.eventsub.EventSubscribeImp 173 resendWaitingFilters -- Resend waiting filters, size: 0
2024-04-24 22:11:22.275 INFO  org.fisco.bcos.sdk.eventsub.EventSubscribeImp 173 resendWaitingFilters -- Resend waiting filters, size: 0
2024-04-24 22:11:22.276 INFO  org.fisco.bcos.sdk.eventsub.EventSubscribeImp 173 resendWaitingFilters -- Resend waiting filters, size: 0
2024-04-24 22:11:22.276 INFO  org.fisco.bcos.sdk.eventsub.EventSubscribeImp 173 resendWaitingFilters -- Resend waiting filters, size: 0
2024-04-24 22:11:22.276 INFO  org.fisco.bcos.sdk.eventsub.EventSubscribeImp 173 resendWaitingFilters -- Resend waiting filters, size: 0
2024-04-24 22:11:22.277 INFO  org.fisco.bcos.sdk.eventsub.EventSubscribeImp 173 resendWaitingFilters -- Resend waiting filters, size: 0
2024-04-24 22:11:22.281 INFO  org.fisco.bcos.sdk.eventsub.EventSubscribeImp 173 resendWaitingFilters -- Resend waiting filters, size: 0
2024-04-24 22:11:22.282 INFO  org.fisco.bcos.sdk.eventsub.EventSubscribeImp 173 resendWaitingFilters -- Resend waiting filters, size: 0
2024-04-24 22:11:22.283 INFO  org.fisco.bcos.sdk.eventsub.EventSubscribeImp 173 resendWaitingFilters -- Resend waiting filters, size: 0
2024-04-24 22:11:32.273 INFO  org.fisco.bcos.sdk.eventsub.EventSubscribeImp 173 resendWaitingFilters -- Resend waiting filters, size: 0
2024-04-24 22:11:32.274 INFO  org.fisco.bcos.sdk.eventsub.EventSubscribeImp 173 resendWaitingFilters -- Resend waiting filters, size: 0
2024-04-24 22:11:32.275 INFO  org.fisco.bcos.sdk.eventsub.EventSubscribeImp 173 resendWaitingFilters -- Resend waiting filters, size: 0
2024-04-24 22:11:32.275 INFO  org.fisco.bcos.sdk.eventsub.EventSubscribeImp 173 resendWaitingFilters -- Resend waiting filters, size: 0
2024-04-24 22:11:32.276 INFO  org.fisco.bcos.sdk.eventsub.EventSubscribeImp 173 resendWaitingFilters -- Resend waiting filters, size: 0
2024-04-24 22:11:32.277 INFO  org.fisco.bcos.sdk.eventsub.EventSubscribeImp 173 resendWaitingFilters -- Resend waiting filters, size: 0
2024-04-24 22:11:32.277 INFO  org.fisco.bcos.sdk.eventsub.EventSubscribeImp 173 resendWaitingFilters -- Resend waiting filters, size: 0
2024-04-24 22:11:32.281 INFO  org.fisco.bcos.sdk.eventsub.EventSubscribeImp 173 resendWaitingFilters -- Resend waiting filters, size: 0
2024-04-24 22:11:32.282 INFO  org.fisco.bcos.sdk.eventsub.EventSubscribeImp 173 resendWaitingFilters -- Resend waiting filters, size: 0
2024-04-24 22:11:32.283 INFO  org.fisco.bcos.sdk.eventsub.EventSubscribeImp 173 resendWaitingFilters -- Resend waiting filters, size: 0
2024-04-24 22:11:42.273 INFO  org.fisco.bcos.sdk.eventsub.EventSubscribeImp 173 resendWaitingFilters -- Resend waiting filters, size: 0
2024-04-24 22:11:42.273 INFO  org.fisco.bcos.sdk.eventsub.EventSubscribeImp 173 resendWaitingFilters -- Resend waiting filters, size: 0
2024-04-24 22:11:42.274 INFO  org.fisco.bcos.sdk.eventsub.EventSubscribeImp 173 resendWaitingFilters -- Resend waiting filters, size: 0
2024-04-24 22:11:42.275 INFO  org.fisco.bcos.sdk.eventsub.EventSubscribeImp 173 resendWaitingFilters -- Resend waiting filters, size: 0
2024-04-24 22:11:42.275 INFO  org.fisco.bcos.sdk.eventsub.EventSubscribeImp 173 resendWaitingFilters -- Resend waiting filters, size: 0
2024-04-24 22:11:42.276 INFO  org.fisco.bcos.sdk.eventsub.EventSubscribeImp 173 resendWaitingFilters -- Resend waiting filters, size: 0
2024-04-24 22:11:42.278 INFO  org.fisco.bcos.sdk.eventsub.EventSubscribeImp 173 resendWaitingFilters -- Resend waiting filters, size: 0
2024-04-24 22:11:42.281 INFO  org.fisco.bcos.sdk.eventsub.EventSubscribeImp 173 resendWaitingFilters -- Resend waiting filters, size: 0
2024-04-24 22:11:42.282 INFO  org.fisco.bcos.sdk.eventsub.EventSubscribeImp 173 resendWaitingFilters -- Resend waiting filters, size: 0
2024-04-24 22:11:42.283 INFO  org.fisco.bcos.sdk.eventsub.EventSubscribeImp 173 resendWaitingFilters -- Resend waiting filters, size: 0
2024-04-24 22:11:52.273 INFO  org.fisco.bcos.sdk.eventsub.EventSubscribeImp 173 resendWaitingFilters -- Resend waiting filters, size: 0
2024-04-24 22:11:52.273 INFO  org.fisco.bcos.sdk.eventsub.EventSubscribeImp 173 resendWaitingFilters -- Resend waiting filters, size: 0
2024-04-24 22:11:52.274 INFO  org.fisco.bcos.sdk.eventsub.EventSubscribeImp 173 resendWaitingFilters -- Resend waiting filters, size: 0
2024-04-24 22:11:52.275 INFO  org.fisco.bcos.sdk.eventsub.EventSubscribeImp 173 resendWaitingFilters -- Resend waiting filters, size: 0
2024-04-24 22:11:52.275 INFO  org.fisco.bcos.sdk.eventsub.EventSubscribeImp 173 resendWaitingFilters -- Resend waiting filters, size: 0
2024-04-24 22:11:52.276 INFO  org.fisco.bcos.sdk.eventsub.EventSubscribeImp 173 resendWaitingFilters -- Resend waiting filters, size: 0
2024-04-24 22:11:52.277 INFO  org.fisco.bcos.sdk.eventsub.EventSubscribeImp 173 resendWaitingFilters -- Resend waiting filters, size: 0
2024-04-24 22:11:52.281 INFO  org.fisco.bcos.sdk.eventsub.EventSubscribeImp 173 resendWaitingFilters -- Resend waiting filters, size: 0
2024-04-24 22:11:52.281 INFO  org.fisco.bcos.sdk.eventsub.EventSubscribeImp 173 resendWaitingFilters -- Resend waiting filters, size: 0
2024-04-24 22:11:52.283 INFO  org.fisco.bcos.sdk.eventsub.EventSubscribeImp 173 resendWaitingFilters -- Resend waiting filters, size: 0
2024-04-24 22:12:02.273 INFO  org.fisco.bcos.sdk.eventsub.EventSubscribeImp 173 resendWaitingFilters -- Resend waiting filters, size: 0
2024-04-24 22:12:02.274 INFO  org.fisco.bcos.sdk.eventsub.EventSubscribeImp 173 resendWaitingFilters -- Resend waiting filters, size: 0
2024-04-24 22:12:02.275 INFO  org.fisco.bcos.sdk.eventsub.EventSubscribeImp 173 resendWaitingFilters -- Resend waiting filters, size: 0
2024-04-24 22:12:02.275 INFO  org.fisco.bcos.sdk.eventsub.EventSubscribeImp 173 resendWaitingFilters -- Resend waiting filters, size: 0
2024-04-24 22:12:02.276 INFO  org.fisco.bcos.sdk.eventsub.EventSubscribeImp 173 resendWaitingFilters -- Resend waiting filters, size: 0
2024-04-24 22:12:02.276 INFO  org.fisco.bcos.sdk.eventsub.EventSubscribeImp 173 resendWaitingFilters -- Resend waiting filters, size: 0
2024-04-24 22:12:02.278 INFO  org.fisco.bcos.sdk.eventsub.EventSubscribeImp 173 resendWaitingFilters -- Resend waiting filters, size: 0
2024-04-24 22:12:02.281 INFO  org.fisco.bcos.sdk.eventsub.EventSubscribeImp 173 resendWaitingFilters -- Resend waiting filters, size: 0
2024-04-24 22:12:02.282 INFO  org.fisco.bcos.sdk.eventsub.EventSubscribeImp 173 resendWaitingFilters -- Resend waiting filters, size: 0
2024-04-24 22:12:02.283 INFO  org.fisco.bcos.sdk.eventsub.EventSubscribeImp 173 resendWaitingFilters -- Resend waiting filters, size: 0
2024-04-24 22:12:12.273 INFO  org.fisco.bcos.sdk.eventsub.EventSubscribeImp 173 resendWaitingFilters -- Resend waiting filters, size: 0
2024-04-24 22:12:12.274 INFO  org.fisco.bcos.sdk.eventsub.EventSubscribeImp 173 resendWaitingFilters -- Resend waiting filters, size: 0
2024-04-24 22:12:12.275 INFO  org.fisco.bcos.sdk.eventsub.EventSubscribeImp 173 resendWaitingFilters -- Resend waiting filters, size: 0
2024-04-24 22:12:12.275 INFO  org.fisco.bcos.sdk.eventsub.EventSubscribeImp 173 resendWaitingFilters -- Resend waiting filters, size: 0
2024-04-24 22:12:12.276 INFO  org.fisco.bcos.sdk.eventsub.EventSubscribeImp 173 resendWaitingFilters -- Resend waiting filters, size: 0
2024-04-24 22:12:12.276 INFO  org.fisco.bcos.sdk.eventsub.EventSubscribeImp 173 resendWaitingFilters -- Resend waiting filters, size: 0
2024-04-24 22:12:12.277 INFO  org.fisco.bcos.sdk.eventsub.EventSubscribeImp 173 resendWaitingFilters -- Resend waiting filters, size: 0
2024-04-24 22:12:12.281 INFO  org.fisco.bcos.sdk.eventsub.EventSubscribeImp 173 resendWaitingFilters -- Resend waiting filters, size: 0
2024-04-24 22:12:12.282 INFO  org.fisco.bcos.sdk.eventsub.EventSubscribeImp 173 resendWaitingFilters -- Resend waiting filters, size: 0
2024-04-24 22:12:12.283 INFO  org.fisco.bcos.sdk.eventsub.EventSubscribeImp 173 resendWaitingFilters -- Resend waiting filters, size: 0
2024-04-24 22:12:22.273 INFO  org.fisco.bcos.sdk.eventsub.EventSubscribeImp 173 resendWaitingFilters -- Resend waiting filters, size: 0
2024-04-24 22:12:22.274 INFO  org.fisco.bcos.sdk.eventsub.EventSubscribeImp 173 resendWaitingFilters -- Resend waiting filters, size: 0
2024-04-24 22:12:22.275 INFO  org.fisco.bcos.sdk.eventsub.EventSubscribeImp 173 resendWaitingFilters -- Resend waiting filters, size: 0
2024-04-24 22:12:22.275 INFO  org.fisco.bcos.sdk.eventsub.EventSubscribeImp 173 resendWaitingFilters -- Resend waiting filters, size: 0
2024-04-24 22:12:22.276 INFO  org.fisco.bcos.sdk.eventsub.EventSubscribeImp 173 resendWaitingFilters -- Resend waiting filters, size: 0
2024-04-24 22:12:22.276 INFO  org.fisco.bcos.sdk.eventsub.EventSubscribeImp 173 resendWaitingFilters -- Resend waiting filters, size: 0
2024-04-24 22:12:22.278 INFO  org.fisco.bcos.sdk.eventsub.EventSubscribeImp 173 resendWaitingFilters -- Resend waiting filters, size: 0
2024-04-24 22:12:22.281 INFO  org.fisco.bcos.sdk.eventsub.EventSubscribeImp 173 resendWaitingFilters -- Resend waiting filters, size: 0
2024-04-24 22:12:22.281 INFO  org.fisco.bcos.sdk.eventsub.EventSubscribeImp 173 resendWaitingFilters -- Resend waiting filters, size: 0
2024-04-24 22:12:22.283 INFO  org.fisco.bcos.sdk.eventsub.EventSubscribeImp 173 resendWaitingFilters -- Resend waiting filters, size: 0
2024-04-24 22:12:32.273 INFO  org.fisco.bcos.sdk.eventsub.EventSubscribeImp 173 resendWaitingFilters -- Resend waiting filters, size: 0
2024-04-24 22:12:32.273 INFO  org.fisco.bcos.sdk.eventsub.EventSubscribeImp 173 resendWaitingFilters -- Resend waiting filters, size: 0
2024-04-24 22:12:32.274 INFO  org.fisco.bcos.sdk.eventsub.EventSubscribeImp 173 resendWaitingFilters -- Resend waiting filters, size: 0
2024-04-24 22:12:32.275 INFO  org.fisco.bcos.sdk.eventsub.EventSubscribeImp 173 resendWaitingFilters -- Resend waiting filters, size: 0
2024-04-24 22:12:32.275 INFO  org.fisco.bcos.sdk.eventsub.EventSubscribeImp 173 resendWaitingFilters -- Resend waiting filters, size: 0
2024-04-24 22:12:32.276 INFO  org.fisco.bcos.sdk.eventsub.EventSubscribeImp 173 resendWaitingFilters -- Resend waiting filters, size: 0
2024-04-24 22:12:32.277 INFO  org.fisco.bcos.sdk.eventsub.EventSubscribeImp 173 resendWaitingFilters -- Resend waiting filters, size: 0
2024-04-24 22:12:32.281 INFO  org.fisco.bcos.sdk.eventsub.EventSubscribeImp 173 resendWaitingFilters -- Resend waiting filters, size: 0
2024-04-24 22:12:32.281 INFO  org.fisco.bcos.sdk.eventsub.EventSubscribeImp 173 resendWaitingFilters -- Resend waiting filters, size: 0
2024-04-24 22:12:32.283 INFO  org.fisco.bcos.sdk.eventsub.EventSubscribeImp 173 resendWaitingFilters -- Resend waiting filters, size: 0
2024-04-24 22:12:42.273 INFO  org.fisco.bcos.sdk.eventsub.EventSubscribeImp 173 resendWaitingFilters -- Resend waiting filters, size: 0
2024-04-24 22:12:42.274 INFO  org.fisco.bcos.sdk.eventsub.EventSubscribeImp 173 resendWaitingFilters -- Resend waiting filters, size: 0
2024-04-24 22:12:42.274 INFO  org.fisco.bcos.sdk.eventsub.EventSubscribeImp 173 resendWaitingFilters -- Resend waiting filters, size: 0
2024-04-24 22:12:42.275 INFO  org.fisco.bcos.sdk.eventsub.EventSubscribeImp 173 resendWaitingFilters -- Resend waiting filters, size: 0
2024-04-24 22:12:42.275 INFO  org.fisco.bcos.sdk.eventsub.EventSubscribeImp 173 resendWaitingFilters -- Resend waiting filters, size: 0
2024-04-24 22:12:42.276 INFO  org.fisco.bcos.sdk.eventsub.EventSubscribeImp 173 resendWaitingFilters -- Resend waiting filters, size: 0
2024-04-24 22:12:42.278 INFO  org.fisco.bcos.sdk.eventsub.EventSubscribeImp 173 resendWaitingFilters -- Resend waiting filters, size: 0
2024-04-24 22:12:42.281 INFO  org.fisco.bcos.sdk.eventsub.EventSubscribeImp 173 resendWaitingFilters -- Resend waiting filters, size: 0
2024-04-24 22:12:42.281 INFO  org.fisco.bcos.sdk.eventsub.EventSubscribeImp 173 resendWaitingFilters -- Resend waiting filters, size: 0
2024-04-24 22:12:42.283 INFO  org.fisco.bcos.sdk.eventsub.EventSubscribeImp 173 resendWaitingFilters -- Resend waiting filters, size: 0
2024-04-24 22:12:52.273 INFO  org.fisco.bcos.sdk.eventsub.EventSubscribeImp 173 resendWaitingFilters -- Resend waiting filters, size: 0
2024-04-24 22:12:52.274 INFO  org.fisco.bcos.sdk.eventsub.EventSubscribeImp 173 resendWaitingFilters -- Resend waiting filters, size: 0
2024-04-24 22:12:52.276 INFO  org.fisco.bcos.sdk.eventsub.EventSubscribeImp 173 resendWaitingFilters -- Resend waiting filters, size: 0
2024-04-24 22:12:52.276 INFO  org.fisco.bcos.sdk.eventsub.EventSubscribeImp 173 resendWaitingFilters -- Resend waiting filters, size: 0
2024-04-24 22:12:52.276 INFO  org.fisco.bcos.sdk.eventsub.EventSubscribeImp 173 resendWaitingFilters -- Resend waiting filters, size: 0
2024-04-24 22:12:52.276 INFO  org.fisco.bcos.sdk.eventsub.EventSubscribeImp 173 resendWaitingFilters -- Resend waiting filters, size: 0
2024-04-24 22:12:52.277 INFO  org.fisco.bcos.sdk.eventsub.EventSubscribeImp 173 resendWaitingFilters -- Resend waiting filters, size: 0
2024-04-24 22:12:52.281 INFO  org.fisco.bcos.sdk.eventsub.EventSubscribeImp 173 resendWaitingFilters -- Resend waiting filters, size: 0
2024-04-24 22:12:52.281 INFO  org.fisco.bcos.sdk.eventsub.EventSubscribeImp 173 resendWaitingFilters -- Resend waiting filters, size: 0
2024-04-24 22:12:52.283 INFO  org.fisco.bcos.sdk.eventsub.EventSubscribeImp 173 resendWaitingFilters -- Resend waiting filters, size: 0
2024-04-24 22:13:02.273 INFO  org.fisco.bcos.sdk.eventsub.EventSubscribeImp 173 resendWaitingFilters -- Resend waiting filters, size: 0
2024-04-24 22:13:02.274 INFO  org.fisco.bcos.sdk.eventsub.EventSubscribeImp 173 resendWaitingFilters -- Resend waiting filters, size: 0
2024-04-24 22:13:02.275 INFO  org.fisco.bcos.sdk.eventsub.EventSubscribeImp 173 resendWaitingFilters -- Resend waiting filters, size: 0
2024-04-24 22:13:02.275 INFO  org.fisco.bcos.sdk.eventsub.EventSubscribeImp 173 resendWaitingFilters -- Resend waiting filters, size: 0
2024-04-24 22:13:02.276 INFO  org.fisco.bcos.sdk.eventsub.EventSubscribeImp 173 resendWaitingFilters -- Resend waiting filters, size: 0
2024-04-24 22:13:02.276 INFO  org.fisco.bcos.sdk.eventsub.EventSubscribeImp 173 resendWaitingFilters -- Resend waiting filters, size: 0
2024-04-24 22:13:02.278 INFO  org.fisco.bcos.sdk.eventsub.EventSubscribeImp 173 resendWaitingFilters -- Resend waiting filters, size: 0
2024-04-24 22:13:02.281 INFO  org.fisco.bcos.sdk.eventsub.EventSubscribeImp 173 resendWaitingFilters -- Resend waiting filters, size: 0
2024-04-24 22:13:02.282 INFO  org.fisco.bcos.sdk.eventsub.EventSubscribeImp 173 resendWaitingFilters -- Resend waiting filters, size: 0
2024-04-24 22:13:02.283 INFO  org.fisco.bcos.sdk.eventsub.EventSubscribeImp 173 resendWaitingFilters -- Resend waiting filters, size: 0
2024-04-24 22:13:12.273 INFO  org.fisco.bcos.sdk.eventsub.EventSubscribeImp 173 resendWaitingFilters -- Resend waiting filters, size: 0
2024-04-24 22:13:12.274 INFO  org.fisco.bcos.sdk.eventsub.EventSubscribeImp 173 resendWaitingFilters -- Resend waiting filters, size: 0
2024-04-24 22:13:12.274 INFO  org.fisco.bcos.sdk.eventsub.EventSubscribeImp 173 resendWaitingFilters -- Resend waiting filters, size: 0
2024-04-24 22:13:12.275 INFO  org.fisco.bcos.sdk.eventsub.EventSubscribeImp 173 resendWaitingFilters -- Resend waiting filters, size: 0
2024-04-24 22:13:12.275 INFO  org.fisco.bcos.sdk.eventsub.EventSubscribeImp 173 resendWaitingFilters -- Resend waiting filters, size: 0
2024-04-24 22:13:12.276 INFO  org.fisco.bcos.sdk.eventsub.EventSubscribeImp 173 resendWaitingFilters -- Resend waiting filters, size: 0
2024-04-24 22:13:12.277 INFO  org.fisco.bcos.sdk.eventsub.EventSubscribeImp 173 resendWaitingFilters -- Resend waiting filters, size: 0
2024-04-24 22:13:12.281 INFO  org.fisco.bcos.sdk.eventsub.EventSubscribeImp 173 resendWaitingFilters -- Resend waiting filters, size: 0
2024-04-24 22:13:12.282 INFO  org.fisco.bcos.sdk.eventsub.EventSubscribeImp 173 resendWaitingFilters -- Resend waiting filters, size: 0
2024-04-24 22:13:12.283 INFO  org.fisco.bcos.sdk.eventsub.EventSubscribeImp 173 resendWaitingFilters -- Resend waiting filters, size: 0
2024-04-24 22:13:22.273 INFO  org.fisco.bcos.sdk.eventsub.EventSubscribeImp 173 resendWaitingFilters -- Resend waiting filters, size: 0
2024-04-24 22:13:22.274 INFO  org.fisco.bcos.sdk.eventsub.EventSubscribeImp 173 resendWaitingFilters -- Resend waiting filters, size: 0
2024-04-24 22:13:22.275 INFO  org.fisco.bcos.sdk.eventsub.EventSubscribeImp 173 resendWaitingFilters -- Resend waiting filters, size: 0
2024-04-24 22:13:22.275 INFO  org.fisco.bcos.sdk.eventsub.EventSubscribeImp 173 resendWaitingFilters -- Resend waiting filters, size: 0
2024-04-24 22:13:22.275 INFO  org.fisco.bcos.sdk.eventsub.EventSubscribeImp 173 resendWaitingFilters -- Resend waiting filters, size: 0
2024-04-24 22:13:22.276 INFO  org.fisco.bcos.sdk.eventsub.EventSubscribeImp 173 resendWaitingFilters -- Resend waiting filters, size: 0
2024-04-24 22:13:22.279 INFO  org.fisco.bcos.sdk.eventsub.EventSubscribeImp 173 resendWaitingFilters -- Resend waiting filters, size: 0
2024-04-24 22:13:22.281 INFO  org.fisco.bcos.sdk.eventsub.EventSubscribeImp 173 resendWaitingFilters -- Resend waiting filters, size: 0
2024-04-24 22:13:22.282 INFO  org.fisco.bcos.sdk.eventsub.EventSubscribeImp 173 resendWaitingFilters -- Resend waiting filters, size: 0
2024-04-24 22:13:22.283 INFO  org.fisco.bcos.sdk.eventsub.EventSubscribeImp 173 resendWaitingFilters -- Resend waiting filters, size: 0
2024-04-24 22:13:32.273 INFO  org.fisco.bcos.sdk.eventsub.EventSubscribeImp 173 resendWaitingFilters -- Resend waiting filters, size: 0
2024-04-24 22:13:32.274 INFO  org.fisco.bcos.sdk.eventsub.EventSubscribeImp 173 resendWaitingFilters -- Resend waiting filters, size: 0
2024-04-24 22:13:32.275 INFO  org.fisco.bcos.sdk.eventsub.EventSubscribeImp 173 resendWaitingFilters -- Resend waiting filters, size: 0
2024-04-24 22:13:32.275 INFO  org.fisco.bcos.sdk.eventsub.EventSubscribeImp 173 resendWaitingFilters -- Resend waiting filters, size: 0
2024-04-24 22:13:32.276 INFO  org.fisco.bcos.sdk.eventsub.EventSubscribeImp 173 resendWaitingFilters -- Resend waiting filters, size: 0
2024-04-24 22:13:32.276 INFO  org.fisco.bcos.sdk.eventsub.EventSubscribeImp 173 resendWaitingFilters -- Resend waiting filters, size: 0
2024-04-24 22:13:32.278 INFO  org.fisco.bcos.sdk.eventsub.EventSubscribeImp 173 resendWaitingFilters -- Resend waiting filters, size: 0
2024-04-24 22:13:32.281 INFO  org.fisco.bcos.sdk.eventsub.EventSubscribeImp 173 resendWaitingFilters -- Resend waiting filters, size: 0
2024-04-24 22:13:32.282 INFO  org.fisco.bcos.sdk.eventsub.EventSubscribeImp 173 resendWaitingFilters -- Resend waiting filters, size: 0
2024-04-24 22:13:32.283 INFO  org.fisco.bcos.sdk.eventsub.EventSubscribeImp 173 resendWaitingFilters -- Resend waiting filters, size: 0
2024-04-24 22:13:42.273 INFO  org.fisco.bcos.sdk.eventsub.EventSubscribeImp 173 resendWaitingFilters -- Resend waiting filters, size: 0
2024-04-24 22:13:42.274 INFO  org.fisco.bcos.sdk.eventsub.EventSubscribeImp 173 resendWaitingFilters -- Resend waiting filters, size: 0
2024-04-24 22:13:42.279 INFO  org.fisco.bcos.sdk.eventsub.EventSubscribeImp 173 resendWaitingFilters -- Resend waiting filters, size: 0
2024-04-24 22:13:42.279 INFO  org.fisco.bcos.sdk.eventsub.EventSubscribeImp 173 resendWaitingFilters -- Resend waiting filters, size: 0
2024-04-24 22:13:42.279 INFO  org.fisco.bcos.sdk.eventsub.EventSubscribeImp 173 resendWaitingFilters -- Resend waiting filters, size: 0
2024-04-24 22:13:42.279 INFO  org.fisco.bcos.sdk.eventsub.EventSubscribeImp 173 resendWaitingFilters -- Resend waiting filters, size: 0
2024-04-24 22:13:42.279 INFO  org.fisco.bcos.sdk.eventsub.EventSubscribeImp 173 resendWaitingFilters -- Resend waiting filters, size: 0
2024-04-24 22:13:42.281 INFO  org.fisco.bcos.sdk.eventsub.EventSubscribeImp 173 resendWaitingFilters -- Resend waiting filters, size: 0
2024-04-24 22:13:42.282 INFO  org.fisco.bcos.sdk.eventsub.EventSubscribeImp 173 resendWaitingFilters -- Resend waiting filters, size: 0
2024-04-24 22:13:42.283 INFO  org.fisco.bcos.sdk.eventsub.EventSubscribeImp 173 resendWaitingFilters -- Resend waiting filters, size: 0
2024-04-24 22:13:52.273 INFO  org.fisco.bcos.sdk.eventsub.EventSubscribeImp 173 resendWaitingFilters -- Resend waiting filters, size: 0
2024-04-24 22:13:52.274 INFO  org.fisco.bcos.sdk.eventsub.EventSubscribeImp 173 resendWaitingFilters -- Resend waiting filters, size: 0
2024-04-24 22:13:52.277 INFO  org.fisco.bcos.sdk.eventsub.EventSubscribeImp 173 resendWaitingFilters -- Resend waiting filters, size: 0
2024-04-24 22:13:52.278 INFO  org.fisco.bcos.sdk.eventsub.EventSubscribeImp 173 resendWaitingFilters -- Resend waiting filters, size: 0
2024-04-24 22:13:52.278 INFO  org.fisco.bcos.sdk.eventsub.EventSubscribeImp 173 resendWaitingFilters -- Resend waiting filters, size: 0
2024-04-24 22:13:52.278 INFO  org.fisco.bcos.sdk.eventsub.EventSubscribeImp 173 resendWaitingFilters -- Resend waiting filters, size: 0
2024-04-24 22:13:52.278 INFO  org.fisco.bcos.sdk.eventsub.EventSubscribeImp 173 resendWaitingFilters -- Resend waiting filters, size: 0
2024-04-24 22:13:52.281 INFO  org.fisco.bcos.sdk.eventsub.EventSubscribeImp 173 resendWaitingFilters -- Resend waiting filters, size: 0
2024-04-24 22:13:52.282 INFO  org.fisco.bcos.sdk.eventsub.EventSubscribeImp 173 resendWaitingFilters -- Resend waiting filters, size: 0
2024-04-24 22:13:52.283 INFO  org.fisco.bcos.sdk.eventsub.EventSubscribeImp 173 resendWaitingFilters -- Resend waiting filters, size: 0
2024-04-24 22:14:02.273 INFO  org.fisco.bcos.sdk.eventsub.EventSubscribeImp 173 resendWaitingFilters -- Resend waiting filters, size: 0
2024-04-24 22:14:02.273 INFO  org.fisco.bcos.sdk.eventsub.EventSubscribeImp 173 resendWaitingFilters -- Resend waiting filters, size: 0
2024-04-24 22:14:02.274 INFO  org.fisco.bcos.sdk.eventsub.EventSubscribeImp 173 resendWaitingFilters -- Resend waiting filters, size: 0
2024-04-24 22:14:02.275 INFO  org.fisco.bcos.sdk.eventsub.EventSubscribeImp 173 resendWaitingFilters -- Resend waiting filters, size: 0
2024-04-24 22:14:02.275 INFO  org.fisco.bcos.sdk.eventsub.EventSubscribeImp 173 resendWaitingFilters -- Resend waiting filters, size: 0
2024-04-24 22:14:02.276 INFO  org.fisco.bcos.sdk.eventsub.EventSubscribeImp 173 resendWaitingFilters -- Resend waiting filters, size: 0
2024-04-24 22:14:02.277 INFO  org.fisco.bcos.sdk.eventsub.EventSubscribeImp 173 resendWaitingFilters -- Resend waiting filters, size: 0
2024-04-24 22:14:02.281 INFO  org.fisco.bcos.sdk.eventsub.EventSubscribeImp 173 resendWaitingFilters -- Resend waiting filters, size: 0
2024-04-24 22:14:02.282 INFO  org.fisco.bcos.sdk.eventsub.EventSubscribeImp 173 resendWaitingFilters -- Resend waiting filters, size: 0
2024-04-24 22:14:02.283 INFO  org.fisco.bcos.sdk.eventsub.EventSubscribeImp 173 resendWaitingFilters -- Resend waiting filters, size: 0
2024-04-24 22:14:12.273 INFO  org.fisco.bcos.sdk.eventsub.EventSubscribeImp 173 resendWaitingFilters -- Resend waiting filters, size: 0
2024-04-24 22:14:12.274 INFO  org.fisco.bcos.sdk.eventsub.EventSubscribeImp 173 resendWaitingFilters -- Resend waiting filters, size: 0
2024-04-24 22:14:12.275 INFO  org.fisco.bcos.sdk.eventsub.EventSubscribeImp 173 resendWaitingFilters -- Resend waiting filters, size: 0
2024-04-24 22:14:12.275 INFO  org.fisco.bcos.sdk.eventsub.EventSubscribeImp 173 resendWaitingFilters -- Resend waiting filters, size: 0
2024-04-24 22:14:12.276 INFO  org.fisco.bcos.sdk.eventsub.EventSubscribeImp 173 resendWaitingFilters -- Resend waiting filters, size: 0
2024-04-24 22:14:12.278 INFO  org.fisco.bcos.sdk.eventsub.EventSubscribeImp 173 resendWaitingFilters -- Resend waiting filters, size: 0
2024-04-24 22:14:12.278 INFO  org.fisco.bcos.sdk.eventsub.EventSubscribeImp 173 resendWaitingFilters -- Resend waiting filters, size: 0
2024-04-24 22:14:12.281 INFO  org.fisco.bcos.sdk.eventsub.EventSubscribeImp 173 resendWaitingFilters -- Resend waiting filters, size: 0
2024-04-24 22:14:12.282 INFO  org.fisco.bcos.sdk.eventsub.EventSubscribeImp 173 resendWaitingFilters -- Resend waiting filters, size: 0
2024-04-24 22:14:12.283 INFO  org.fisco.bcos.sdk.eventsub.EventSubscribeImp 173 resendWaitingFilters -- Resend waiting filters, size: 0
2024-04-24 22:14:22.273 INFO  org.fisco.bcos.sdk.eventsub.EventSubscribeImp 173 resendWaitingFilters -- Resend waiting filters, size: 0
2024-04-24 22:14:22.274 INFO  org.fisco.bcos.sdk.eventsub.EventSubscribeImp 173 resendWaitingFilters -- Resend waiting filters, size: 0
2024-04-24 22:14:22.275 INFO  org.fisco.bcos.sdk.eventsub.EventSubscribeImp 173 resendWaitingFilters -- Resend waiting filters, size: 0
2024-04-24 22:14:22.275 INFO  org.fisco.bcos.sdk.eventsub.EventSubscribeImp 173 resendWaitingFilters -- Resend waiting filters, size: 0
2024-04-24 22:14:22.275 INFO  org.fisco.bcos.sdk.eventsub.EventSubscribeImp 173 resendWaitingFilters -- Resend waiting filters, size: 0
2024-04-24 22:14:22.276 INFO  org.fisco.bcos.sdk.eventsub.EventSubscribeImp 173 resendWaitingFilters -- Resend waiting filters, size: 0
2024-04-24 22:14:22.277 INFO  org.fisco.bcos.sdk.eventsub.EventSubscribeImp 173 resendWaitingFilters -- Resend waiting filters, size: 0
2024-04-24 22:14:22.281 INFO  org.fisco.bcos.sdk.eventsub.EventSubscribeImp 173 resendWaitingFilters -- Resend waiting filters, size: 0
2024-04-24 22:14:22.282 INFO  org.fisco.bcos.sdk.eventsub.EventSubscribeImp 173 resendWaitingFilters -- Resend waiting filters, size: 0
2024-04-24 22:14:22.283 INFO  org.fisco.bcos.sdk.eventsub.EventSubscribeImp 173 resendWaitingFilters -- Resend waiting filters, size: 0
2024-04-24 22:14:32.273 INFO  org.fisco.bcos.sdk.eventsub.EventSubscribeImp 173 resendWaitingFilters -- Resend waiting filters, size: 0
2024-04-24 22:14:32.273 INFO  org.fisco.bcos.sdk.eventsub.EventSubscribeImp 173 resendWaitingFilters -- Resend waiting filters, size: 0
2024-04-24 22:14:32.274 INFO  org.fisco.bcos.sdk.eventsub.EventSubscribeImp 173 resendWaitingFilters -- Resend waiting filters, size: 0
2024-04-24 22:14:32.275 INFO  org.fisco.bcos.sdk.eventsub.EventSubscribeImp 173 resendWaitingFilters -- Resend waiting filters, size: 0
2024-04-24 22:14:32.276 INFO  org.fisco.bcos.sdk.eventsub.EventSubscribeImp 173 resendWaitingFilters -- Resend waiting filters, size: 0
2024-04-24 22:14:32.276 INFO  org.fisco.bcos.sdk.eventsub.EventSubscribeImp 173 resendWaitingFilters -- Resend waiting filters, size: 0
2024-04-24 22:14:32.277 INFO  org.fisco.bcos.sdk.eventsub.EventSubscribeImp 173 resendWaitingFilters -- Resend waiting filters, size: 0
2024-04-24 22:14:32.281 INFO  org.fisco.bcos.sdk.eventsub.EventSubscribeImp 173 resendWaitingFilters -- Resend waiting filters, size: 0
2024-04-24 22:14:32.282 INFO  org.fisco.bcos.sdk.eventsub.EventSubscribeImp 173 resendWaitingFilters -- Resend waiting filters, size: 0
2024-04-24 22:14:32.283 INFO  org.fisco.bcos.sdk.eventsub.EventSubscribeImp 173 resendWaitingFilters -- Resend waiting filters, size: 0
2024-04-24 22:14:42.273 INFO  org.fisco.bcos.sdk.eventsub.EventSubscribeImp 173 resendWaitingFilters -- Resend waiting filters, size: 0
2024-04-24 22:14:42.273 INFO  org.fisco.bcos.sdk.eventsub.EventSubscribeImp 173 resendWaitingFilters -- Resend waiting filters, size: 0
2024-04-24 22:14:42.274 INFO  org.fisco.bcos.sdk.eventsub.EventSubscribeImp 173 resendWaitingFilters -- Resend waiting filters, size: 0
2024-04-24 22:14:42.275 INFO  org.fisco.bcos.sdk.eventsub.EventSubscribeImp 173 resendWaitingFilters -- Resend waiting filters, size: 0
2024-04-24 22:14:42.276 INFO  org.fisco.bcos.sdk.eventsub.EventSubscribeImp 173 resendWaitingFilters -- Resend waiting filters, size: 0
2024-04-24 22:14:42.276 INFO  org.fisco.bcos.sdk.eventsub.EventSubscribeImp 173 resendWaitingFilters -- Resend waiting filters, size: 0
2024-04-24 22:14:42.277 INFO  org.fisco.bcos.sdk.eventsub.EventSubscribeImp 173 resendWaitingFilters -- Resend waiting filters, size: 0
2024-04-24 22:14:42.281 INFO  org.fisco.bcos.sdk.eventsub.EventSubscribeImp 173 resendWaitingFilters -- Resend waiting filters, size: 0
2024-04-24 22:14:42.282 INFO  org.fisco.bcos.sdk.eventsub.EventSubscribeImp 173 resendWaitingFilters -- Resend waiting filters, size: 0
2024-04-24 22:14:42.283 INFO  org.fisco.bcos.sdk.eventsub.EventSubscribeImp 173 resendWaitingFilters -- Resend waiting filters, size: 0
2024-04-24 22:14:52.273 INFO  org.fisco.bcos.sdk.eventsub.EventSubscribeImp 173 resendWaitingFilters -- Resend waiting filters, size: 0
2024-04-24 22:14:52.274 INFO  org.fisco.bcos.sdk.eventsub.EventSubscribeImp 173 resendWaitingFilters -- Resend waiting filters, size: 0
2024-04-24 22:14:52.275 INFO  org.fisco.bcos.sdk.eventsub.EventSubscribeImp 173 resendWaitingFilters -- Resend waiting filters, size: 0
2024-04-24 22:14:52.275 INFO  org.fisco.bcos.sdk.eventsub.EventSubscribeImp 173 resendWaitingFilters -- Resend waiting filters, size: 0
2024-04-24 22:14:52.276 INFO  org.fisco.bcos.sdk.eventsub.EventSubscribeImp 173 resendWaitingFilters -- Resend waiting filters, size: 0
2024-04-24 22:14:52.277 INFO  org.fisco.bcos.sdk.eventsub.EventSubscribeImp 173 resendWaitingFilters -- Resend waiting filters, size: 0
2024-04-24 22:14:52.277 INFO  org.fisco.bcos.sdk.eventsub.EventSubscribeImp 173 resendWaitingFilters -- Resend waiting filters, size: 0
2024-04-24 22:14:52.281 INFO  org.fisco.bcos.sdk.eventsub.EventSubscribeImp 173 resendWaitingFilters -- Resend waiting filters, size: 0
2024-04-24 22:14:52.282 INFO  org.fisco.bcos.sdk.eventsub.EventSubscribeImp 173 resendWaitingFilters -- Resend waiting filters, size: 0
2024-04-24 22:14:52.283 INFO  org.fisco.bcos.sdk.eventsub.EventSubscribeImp 173 resendWaitingFilters -- Resend waiting filters, size: 0
2024-04-24 22:15:02.273 INFO  org.fisco.bcos.sdk.eventsub.EventSubscribeImp 173 resendWaitingFilters -- Resend waiting filters, size: 0
2024-04-24 22:15:02.274 INFO  org.fisco.bcos.sdk.eventsub.EventSubscribeImp 173 resendWaitingFilters -- Resend waiting filters, size: 0
2024-04-24 22:15:02.274 INFO  org.fisco.bcos.sdk.eventsub.EventSubscribeImp 173 resendWaitingFilters -- Resend waiting filters, size: 0
2024-04-24 22:15:02.275 INFO  org.fisco.bcos.sdk.eventsub.EventSubscribeImp 173 resendWaitingFilters -- Resend waiting filters, size: 0
2024-04-24 22:15:02.276 INFO  org.fisco.bcos.sdk.eventsub.EventSubscribeImp 173 resendWaitingFilters -- Resend waiting filters, size: 0
2024-04-24 22:15:02.276 INFO  org.fisco.bcos.sdk.eventsub.EventSubscribeImp 173 resendWaitingFilters -- Resend waiting filters, size: 0
2024-04-24 22:15:02.277 INFO  org.fisco.bcos.sdk.eventsub.EventSubscribeImp 173 resendWaitingFilters -- Resend waiting filters, size: 0
2024-04-24 22:15:02.281 INFO  org.fisco.bcos.sdk.eventsub.EventSubscribeImp 173 resendWaitingFilters -- Resend waiting filters, size: 0
2024-04-24 22:15:02.282 INFO  org.fisco.bcos.sdk.eventsub.EventSubscribeImp 173 resendWaitingFilters -- Resend waiting filters, size: 0
2024-04-24 22:15:02.283 INFO  org.fisco.bcos.sdk.eventsub.EventSubscribeImp 173 resendWaitingFilters -- Resend waiting filters, size: 0
2024-04-24 22:15:12.273 INFO  org.fisco.bcos.sdk.eventsub.EventSubscribeImp 173 resendWaitingFilters -- Resend waiting filters, size: 0
2024-04-24 22:15:12.274 INFO  org.fisco.bcos.sdk.eventsub.EventSubscribeImp 173 resendWaitingFilters -- Resend waiting filters, size: 0
2024-04-24 22:15:12.274 INFO  org.fisco.bcos.sdk.eventsub.EventSubscribeImp 173 resendWaitingFilters -- Resend waiting filters, size: 0
2024-04-24 22:15:12.275 INFO  org.fisco.bcos.sdk.eventsub.EventSubscribeImp 173 resendWaitingFilters -- Resend waiting filters, size: 0
2024-04-24 22:15:12.275 INFO  org.fisco.bcos.sdk.eventsub.EventSubscribeImp 173 resendWaitingFilters -- Resend waiting filters, size: 0
2024-04-24 22:15:12.276 INFO  org.fisco.bcos.sdk.eventsub.EventSubscribeImp 173 resendWaitingFilters -- Resend waiting filters, size: 0
2024-04-24 22:15:12.277 INFO  org.fisco.bcos.sdk.eventsub.EventSubscribeImp 173 resendWaitingFilters -- Resend waiting filters, size: 0
2024-04-24 22:15:12.281 INFO  org.fisco.bcos.sdk.eventsub.EventSubscribeImp 173 resendWaitingFilters -- Resend waiting filters, size: 0
2024-04-24 22:15:12.281 INFO  org.fisco.bcos.sdk.eventsub.EventSubscribeImp 173 resendWaitingFilters -- Resend waiting filters, size: 0
2024-04-24 22:15:12.283 INFO  org.fisco.bcos.sdk.eventsub.EventSubscribeImp 173 resendWaitingFilters -- Resend waiting filters, size: 0
2024-04-24 22:15:22.273 INFO  org.fisco.bcos.sdk.eventsub.EventSubscribeImp 173 resendWaitingFilters -- Resend waiting filters, size: 0
2024-04-24 22:15:22.273 INFO  org.fisco.bcos.sdk.eventsub.EventSubscribeImp 173 resendWaitingFilters -- Resend waiting filters, size: 0
2024-04-24 22:15:22.274 INFO  org.fisco.bcos.sdk.eventsub.EventSubscribeImp 173 resendWaitingFilters -- Resend waiting filters, size: 0
2024-04-24 22:15:22.275 INFO  org.fisco.bcos.sdk.eventsub.EventSubscribeImp 173 resendWaitingFilters -- Resend waiting filters, size: 0
2024-04-24 22:15:22.276 INFO  org.fisco.bcos.sdk.eventsub.EventSubscribeImp 173 resendWaitingFilters -- Resend waiting filters, size: 0
2024-04-24 22:15:22.276 INFO  org.fisco.bcos.sdk.eventsub.EventSubscribeImp 173 resendWaitingFilters -- Resend waiting filters, size: 0
2024-04-24 22:15:22.277 INFO  org.fisco.bcos.sdk.eventsub.EventSubscribeImp 173 resendWaitingFilters -- Resend waiting filters, size: 0
2024-04-24 22:15:22.281 INFO  org.fisco.bcos.sdk.eventsub.EventSubscribeImp 173 resendWaitingFilters -- Resend waiting filters, size: 0
2024-04-24 22:15:22.282 INFO  org.fisco.bcos.sdk.eventsub.EventSubscribeImp 173 resendWaitingFilters -- Resend waiting filters, size: 0
2024-04-24 22:15:22.283 INFO  org.fisco.bcos.sdk.eventsub.EventSubscribeImp 173 resendWaitingFilters -- Resend waiting filters, size: 0
2024-04-24 22:15:32.273 INFO  org.fisco.bcos.sdk.eventsub.EventSubscribeImp 173 resendWaitingFilters -- Resend waiting filters, size: 0
2024-04-24 22:15:32.274 INFO  org.fisco.bcos.sdk.eventsub.EventSubscribeImp 173 resendWaitingFilters -- Resend waiting filters, size: 0
2024-04-24 22:15:32.275 INFO  org.fisco.bcos.sdk.eventsub.EventSubscribeImp 173 resendWaitingFilters -- Resend waiting filters, size: 0
2024-04-24 22:15:32.275 INFO  org.fisco.bcos.sdk.eventsub.EventSubscribeImp 173 resendWaitingFilters -- Resend waiting filters, size: 0
2024-04-24 22:15:32.276 INFO  org.fisco.bcos.sdk.eventsub.EventSubscribeImp 173 resendWaitingFilters -- Resend waiting filters, size: 0
2024-04-24 22:15:32.276 INFO  org.fisco.bcos.sdk.eventsub.EventSubscribeImp 173 resendWaitingFilters -- Resend waiting filters, size: 0
2024-04-24 22:15:32.277 INFO  org.fisco.bcos.sdk.eventsub.EventSubscribeImp 173 resendWaitingFilters -- Resend waiting filters, size: 0
2024-04-24 22:15:32.281 INFO  org.fisco.bcos.sdk.eventsub.EventSubscribeImp 173 resendWaitingFilters -- Resend waiting filters, size: 0
2024-04-24 22:15:32.281 INFO  org.fisco.bcos.sdk.eventsub.EventSubscribeImp 173 resendWaitingFilters -- Resend waiting filters, size: 0
2024-04-24 22:15:32.283 INFO  org.fisco.bcos.sdk.eventsub.EventSubscribeImp 173 resendWaitingFilters -- Resend waiting filters, size: 0
2024-04-24 22:15:42.273 INFO  org.fisco.bcos.sdk.eventsub.EventSubscribeImp 173 resendWaitingFilters -- Resend waiting filters, size: 0
2024-04-24 22:15:42.274 INFO  org.fisco.bcos.sdk.eventsub.EventSubscribeImp 173 resendWaitingFilters -- Resend waiting filters, size: 0
2024-04-24 22:15:42.274 INFO  org.fisco.bcos.sdk.eventsub.EventSubscribeImp 173 resendWaitingFilters -- Resend waiting filters, size: 0
2024-04-24 22:15:42.275 INFO  org.fisco.bcos.sdk.eventsub.EventSubscribeImp 173 resendWaitingFilters -- Resend waiting filters, size: 0
2024-04-24 22:15:42.275 INFO  org.fisco.bcos.sdk.eventsub.EventSubscribeImp 173 resendWaitingFilters -- Resend waiting filters, size: 0
2024-04-24 22:15:42.276 INFO  org.fisco.bcos.sdk.eventsub.EventSubscribeImp 173 resendWaitingFilters -- Resend waiting filters, size: 0
2024-04-24 22:15:42.277 INFO  org.fisco.bcos.sdk.eventsub.EventSubscribeImp 173 resendWaitingFilters -- Resend waiting filters, size: 0
2024-04-24 22:15:42.281 INFO  org.fisco.bcos.sdk.eventsub.EventSubscribeImp 173 resendWaitingFilters -- Resend waiting filters, size: 0
2024-04-24 22:15:42.282 INFO  org.fisco.bcos.sdk.eventsub.EventSubscribeImp 173 resendWaitingFilters -- Resend waiting filters, size: 0
2024-04-24 22:15:42.283 INFO  org.fisco.bcos.sdk.eventsub.EventSubscribeImp 173 resendWaitingFilters -- Resend waiting filters, size: 0
2024-04-24 22:15:52.273 INFO  org.fisco.bcos.sdk.eventsub.EventSubscribeImp 173 resendWaitingFilters -- Resend waiting filters, size: 0
2024-04-24 22:15:52.273 INFO  org.fisco.bcos.sdk.eventsub.EventSubscribeImp 173 resendWaitingFilters -- Resend waiting filters, size: 0
2024-04-24 22:15:52.274 INFO  org.fisco.bcos.sdk.eventsub.EventSubscribeImp 173 resendWaitingFilters -- Resend waiting filters, size: 0
2024-04-24 22:15:52.275 INFO  org.fisco.bcos.sdk.eventsub.EventSubscribeImp 173 resendWaitingFilters -- Resend waiting filters, size: 0
2024-04-24 22:15:52.276 INFO  org.fisco.bcos.sdk.eventsub.EventSubscribeImp 173 resendWaitingFilters -- Resend waiting filters, size: 0
2024-04-24 22:15:52.276 INFO  org.fisco.bcos.sdk.eventsub.EventSubscribeImp 173 resendWaitingFilters -- Resend waiting filters, size: 0
2024-04-24 22:15:52.277 INFO  org.fisco.bcos.sdk.eventsub.EventSubscribeImp 173 resendWaitingFilters -- Resend waiting filters, size: 0
2024-04-24 22:15:52.281 INFO  org.fisco.bcos.sdk.eventsub.EventSubscribeImp 173 resendWaitingFilters -- Resend waiting filters, size: 0
2024-04-24 22:15:52.282 INFO  org.fisco.bcos.sdk.eventsub.EventSubscribeImp 173 resendWaitingFilters -- Resend waiting filters, size: 0
2024-04-24 22:15:52.283 INFO  org.fisco.bcos.sdk.eventsub.EventSubscribeImp 173 resendWaitingFilters -- Resend waiting filters, size: 0
2024-04-24 22:16:02.273 INFO  org.fisco.bcos.sdk.eventsub.EventSubscribeImp 173 resendWaitingFilters -- Resend waiting filters, size: 0
2024-04-24 22:16:02.274 INFO  org.fisco.bcos.sdk.eventsub.EventSubscribeImp 173 resendWaitingFilters -- Resend waiting filters, size: 0
2024-04-24 22:16:02.275 INFO  org.fisco.bcos.sdk.eventsub.EventSubscribeImp 173 resendWaitingFilters -- Resend waiting filters, size: 0
2024-04-24 22:16:02.275 INFO  org.fisco.bcos.sdk.eventsub.EventSubscribeImp 173 resendWaitingFilters -- Resend waiting filters, size: 0
2024-04-24 22:16:02.275 INFO  org.fisco.bcos.sdk.eventsub.EventSubscribeImp 173 resendWaitingFilters -- Resend waiting filters, size: 0
2024-04-24 22:16:02.276 INFO  org.fisco.bcos.sdk.eventsub.EventSubscribeImp 173 resendWaitingFilters -- Resend waiting filters, size: 0
2024-04-24 22:16:02.278 INFO  org.fisco.bcos.sdk.eventsub.EventSubscribeImp 173 resendWaitingFilters -- Resend waiting filters, size: 0
2024-04-24 22:16:02.281 INFO  org.fisco.bcos.sdk.eventsub.EventSubscribeImp 173 resendWaitingFilters -- Resend waiting filters, size: 0
2024-04-24 22:16:02.282 INFO  org.fisco.bcos.sdk.eventsub.EventSubscribeImp 173 resendWaitingFilters -- Resend waiting filters, size: 0
2024-04-24 22:16:02.283 INFO  org.fisco.bcos.sdk.eventsub.EventSubscribeImp 173 resendWaitingFilters -- Resend waiting filters, size: 0
2024-04-24 22:16:12.273 INFO  org.fisco.bcos.sdk.eventsub.EventSubscribeImp 173 resendWaitingFilters -- Resend waiting filters, size: 0
2024-04-24 22:16:12.273 INFO  org.fisco.bcos.sdk.eventsub.EventSubscribeImp 173 resendWaitingFilters -- Resend waiting filters, size: 0
2024-04-24 22:16:12.275 INFO  org.fisco.bcos.sdk.eventsub.EventSubscribeImp 173 resendWaitingFilters -- Resend waiting filters, size: 0
2024-04-24 22:16:12.275 INFO  org.fisco.bcos.sdk.eventsub.EventSubscribeImp 173 resendWaitingFilters -- Resend waiting filters, size: 0
2024-04-24 22:16:12.275 INFO  org.fisco.bcos.sdk.eventsub.EventSubscribeImp 173 resendWaitingFilters -- Resend waiting filters, size: 0
2024-04-24 22:16:12.280 INFO  org.fisco.bcos.sdk.eventsub.EventSubscribeImp 173 resendWaitingFilters -- Resend waiting filters, size: 0
2024-04-24 22:16:12.280 INFO  org.fisco.bcos.sdk.eventsub.EventSubscribeImp 173 resendWaitingFilters -- Resend waiting filters, size: 0
2024-04-24 22:16:12.370 INFO  org.fisco.bcos.sdk.eventsub.EventSubscribeImp 173 resendWaitingFilters -- Resend waiting filters, size: 0
2024-04-24 22:16:12.370 INFO  org.fisco.bcos.sdk.eventsub.EventSubscribeImp 173 resendWaitingFilters -- Resend waiting filters, size: 0
2024-04-24 22:16:12.370 INFO  org.fisco.bcos.sdk.eventsub.EventSubscribeImp 173 resendWaitingFilters -- Resend waiting filters, size: 0
2024-04-24 22:16:22.273 INFO  org.fisco.bcos.sdk.eventsub.EventSubscribeImp 173 resendWaitingFilters -- Resend waiting filters, size: 0
2024-04-24 22:16:22.273 INFO  org.fisco.bcos.sdk.eventsub.EventSubscribeImp 173 resendWaitingFilters -- Resend waiting filters, size: 0
2024-04-24 22:16:22.274 INFO  org.fisco.bcos.sdk.eventsub.EventSubscribeImp 173 resendWaitingFilters -- Resend waiting filters, size: 0
2024-04-24 22:16:22.275 INFO  org.fisco.bcos.sdk.eventsub.EventSubscribeImp 173 resendWaitingFilters -- Resend waiting filters, size: 0
2024-04-24 22:16:22.276 INFO  org.fisco.bcos.sdk.eventsub.EventSubscribeImp 173 resendWaitingFilters -- Resend waiting filters, size: 0
2024-04-24 22:16:22.276 INFO  org.fisco.bcos.sdk.eventsub.EventSubscribeImp 173 resendWaitingFilters -- Resend waiting filters, size: 0
2024-04-24 22:16:22.277 INFO  org.fisco.bcos.sdk.eventsub.EventSubscribeImp 173 resendWaitingFilters -- Resend waiting filters, size: 0
2024-04-24 22:16:22.281 INFO  org.fisco.bcos.sdk.eventsub.EventSubscribeImp 173 resendWaitingFilters -- Resend waiting filters, size: 0
2024-04-24 22:16:22.282 INFO  org.fisco.bcos.sdk.eventsub.EventSubscribeImp 173 resendWaitingFilters -- Resend waiting filters, size: 0
2024-04-24 22:16:22.283 INFO  org.fisco.bcos.sdk.eventsub.EventSubscribeImp 173 resendWaitingFilters -- Resend waiting filters, size: 0
2024-04-24 22:16:32.273 INFO  org.fisco.bcos.sdk.eventsub.EventSubscribeImp 173 resendWaitingFilters -- Resend waiting filters, size: 0
2024-04-24 22:16:32.273 INFO  org.fisco.bcos.sdk.eventsub.EventSubscribeImp 173 resendWaitingFilters -- Resend waiting filters, size: 0
2024-04-24 22:16:32.275 INFO  org.fisco.bcos.sdk.eventsub.EventSubscribeImp 173 resendWaitingFilters -- Resend waiting filters, size: 0
2024-04-24 22:16:32.275 INFO  org.fisco.bcos.sdk.eventsub.EventSubscribeImp 173 resendWaitingFilters -- Resend waiting filters, size: 0
2024-04-24 22:16:32.276 INFO  org.fisco.bcos.sdk.eventsub.EventSubscribeImp 173 resendWaitingFilters -- Resend waiting filters, size: 0
2024-04-24 22:16:32.276 INFO  org.fisco.bcos.sdk.eventsub.EventSubscribeImp 173 resendWaitingFilters -- Resend waiting filters, size: 0
2024-04-24 22:16:32.277 INFO  org.fisco.bcos.sdk.eventsub.EventSubscribeImp 173 resendWaitingFilters -- Resend waiting filters, size: 0
2024-04-24 22:16:32.281 INFO  org.fisco.bcos.sdk.eventsub.EventSubscribeImp 173 resendWaitingFilters -- Resend waiting filters, size: 0
2024-04-24 22:16:32.282 INFO  org.fisco.bcos.sdk.eventsub.EventSubscribeImp 173 resendWaitingFilters -- Resend waiting filters, size: 0
2024-04-24 22:16:32.283 INFO  org.fisco.bcos.sdk.eventsub.EventSubscribeImp 173 resendWaitingFilters -- Resend waiting filters, size: 0
2024-04-24 22:16:42.273 INFO  org.fisco.bcos.sdk.eventsub.EventSubscribeImp 173 resendWaitingFilters -- Resend waiting filters, size: 0
2024-04-24 22:16:42.273 INFO  org.fisco.bcos.sdk.eventsub.EventSubscribeImp 173 resendWaitingFilters -- Resend waiting filters, size: 0
2024-04-24 22:16:42.275 INFO  org.fisco.bcos.sdk.eventsub.EventSubscribeImp 173 resendWaitingFilters -- Resend waiting filters, size: 0
2024-04-24 22:16:42.275 INFO  org.fisco.bcos.sdk.eventsub.EventSubscribeImp 173 resendWaitingFilters -- Resend waiting filters, size: 0
2024-04-24 22:16:42.276 INFO  org.fisco.bcos.sdk.eventsub.EventSubscribeImp 173 resendWaitingFilters -- Resend waiting filters, size: 0
2024-04-24 22:16:42.276 INFO  org.fisco.bcos.sdk.eventsub.EventSubscribeImp 173 resendWaitingFilters -- Resend waiting filters, size: 0
2024-04-24 22:16:42.278 INFO  org.fisco.bcos.sdk.eventsub.EventSubscribeImp 173 resendWaitingFilters -- Resend waiting filters, size: 0
2024-04-24 22:16:42.281 INFO  org.fisco.bcos.sdk.eventsub.EventSubscribeImp 173 resendWaitingFilters -- Resend waiting filters, size: 0
2024-04-24 22:16:42.282 INFO  org.fisco.bcos.sdk.eventsub.EventSubscribeImp 173 resendWaitingFilters -- Resend waiting filters, size: 0
2024-04-24 22:16:42.284 INFO  org.fisco.bcos.sdk.eventsub.EventSubscribeImp 173 resendWaitingFilters -- Resend waiting filters, size: 0
2024-04-24 22:16:52.273 INFO  org.fisco.bcos.sdk.eventsub.EventSubscribeImp 173 resendWaitingFilters -- Resend waiting filters, size: 0
2024-04-24 22:16:52.273 INFO  org.fisco.bcos.sdk.eventsub.EventSubscribeImp 173 resendWaitingFilters -- Resend waiting filters, size: 0
2024-04-24 22:16:52.274 INFO  org.fisco.bcos.sdk.eventsub.EventSubscribeImp 173 resendWaitingFilters -- Resend waiting filters, size: 0
2024-04-24 22:16:52.275 INFO  org.fisco.bcos.sdk.eventsub.EventSubscribeImp 173 resendWaitingFilters -- Resend waiting filters, size: 0
2024-04-24 22:16:52.275 INFO  org.fisco.bcos.sdk.eventsub.EventSubscribeImp 173 resendWaitingFilters -- Resend waiting filters, size: 0
2024-04-24 22:16:52.276 INFO  org.fisco.bcos.sdk.eventsub.EventSubscribeImp 173 resendWaitingFilters -- Resend waiting filters, size: 0
2024-04-24 22:16:52.277 INFO  org.fisco.bcos.sdk.eventsub.EventSubscribeImp 173 resendWaitingFilters -- Resend waiting filters, size: 0
2024-04-24 22:16:52.281 INFO  org.fisco.bcos.sdk.eventsub.EventSubscribeImp 173 resendWaitingFilters -- Resend waiting filters, size: 0
2024-04-24 22:16:52.282 INFO  org.fisco.bcos.sdk.eventsub.EventSubscribeImp 173 resendWaitingFilters -- Resend waiting filters, size: 0
2024-04-24 22:16:52.283 INFO  org.fisco.bcos.sdk.eventsub.EventSubscribeImp 173 resendWaitingFilters -- Resend waiting filters, size: 0
2024-04-24 22:17:02.273 INFO  org.fisco.bcos.sdk.eventsub.EventSubscribeImp 173 resendWaitingFilters -- Resend waiting filters, size: 0
2024-04-24 22:17:02.274 INFO  org.fisco.bcos.sdk.eventsub.EventSubscribeImp 173 resendWaitingFilters -- Resend waiting filters, size: 0
2024-04-24 22:17:02.275 INFO  org.fisco.bcos.sdk.eventsub.EventSubscribeImp 173 resendWaitingFilters -- Resend waiting filters, size: 0
2024-04-24 22:17:02.275 INFO  org.fisco.bcos.sdk.eventsub.EventSubscribeImp 173 resendWaitingFilters -- Resend waiting filters, size: 0
2024-04-24 22:17:02.276 INFO  org.fisco.bcos.sdk.eventsub.EventSubscribeImp 173 resendWaitingFilters -- Resend waiting filters, size: 0
2024-04-24 22:17:02.276 INFO  org.fisco.bcos.sdk.eventsub.EventSubscribeImp 173 resendWaitingFilters -- Resend waiting filters, size: 0
2024-04-24 22:17:02.278 INFO  org.fisco.bcos.sdk.eventsub.EventSubscribeImp 173 resendWaitingFilters -- Resend waiting filters, size: 0
2024-04-24 22:17:02.281 INFO  org.fisco.bcos.sdk.eventsub.EventSubscribeImp 173 resendWaitingFilters -- Resend waiting filters, size: 0
2024-04-24 22:17:02.282 INFO  org.fisco.bcos.sdk.eventsub.EventSubscribeImp 173 resendWaitingFilters -- Resend waiting filters, size: 0
2024-04-24 22:17:02.283 INFO  org.fisco.bcos.sdk.eventsub.EventSubscribeImp 173 resendWaitingFilters -- Resend waiting filters, size: 0
2024-04-24 22:17:12.273 INFO  org.fisco.bcos.sdk.eventsub.EventSubscribeImp 173 resendWaitingFilters -- Resend waiting filters, size: 0
2024-04-24 22:17:12.273 INFO  org.fisco.bcos.sdk.eventsub.EventSubscribeImp 173 resendWaitingFilters -- Resend waiting filters, size: 0
2024-04-24 22:17:12.274 INFO  org.fisco.bcos.sdk.eventsub.EventSubscribeImp 173 resendWaitingFilters -- Resend waiting filters, size: 0
2024-04-24 22:17:12.275 INFO  org.fisco.bcos.sdk.eventsub.EventSubscribeImp 173 resendWaitingFilters -- Resend waiting filters, size: 0
2024-04-24 22:17:12.276 INFO  org.fisco.bcos.sdk.eventsub.EventSubscribeImp 173 resendWaitingFilters -- Resend waiting filters, size: 0
2024-04-24 22:17:12.276 INFO  org.fisco.bcos.sdk.eventsub.EventSubscribeImp 173 resendWaitingFilters -- Resend waiting filters, size: 0
2024-04-24 22:17:12.277 INFO  org.fisco.bcos.sdk.eventsub.EventSubscribeImp 173 resendWaitingFilters -- Resend waiting filters, size: 0
2024-04-24 22:17:12.281 INFO  org.fisco.bcos.sdk.eventsub.EventSubscribeImp 173 resendWaitingFilters -- Resend waiting filters, size: 0
2024-04-24 22:17:12.281 INFO  org.fisco.bcos.sdk.eventsub.EventSubscribeImp 173 resendWaitingFilters -- Resend waiting filters, size: 0
2024-04-24 22:17:12.283 INFO  org.fisco.bcos.sdk.eventsub.EventSubscribeImp 173 resendWaitingFilters -- Resend waiting filters, size: 0
2024-04-24 22:17:22.273 INFO  org.fisco.bcos.sdk.eventsub.EventSubscribeImp 173 resendWaitingFilters -- Resend waiting filters, size: 0
2024-04-24 22:17:22.273 INFO  org.fisco.bcos.sdk.eventsub.EventSubscribeImp 173 resendWaitingFilters -- Resend waiting filters, size: 0
2024-04-24 22:17:22.274 INFO  org.fisco.bcos.sdk.eventsub.EventSubscribeImp 173 resendWaitingFilters -- Resend waiting filters, size: 0
2024-04-24 22:17:22.275 INFO  org.fisco.bcos.sdk.eventsub.EventSubscribeImp 173 resendWaitingFilters -- Resend waiting filters, size: 0
2024-04-24 22:17:22.275 INFO  org.fisco.bcos.sdk.eventsub.EventSubscribeImp 173 resendWaitingFilters -- Resend waiting filters, size: 0
2024-04-24 22:17:22.276 INFO  org.fisco.bcos.sdk.eventsub.EventSubscribeImp 173 resendWaitingFilters -- Resend waiting filters, size: 0
2024-04-24 22:17:22.277 INFO  org.fisco.bcos.sdk.eventsub.EventSubscribeImp 173 resendWaitingFilters -- Resend waiting filters, size: 0
2024-04-24 22:17:22.281 INFO  org.fisco.bcos.sdk.eventsub.EventSubscribeImp 173 resendWaitingFilters -- Resend waiting filters, size: 0
2024-04-24 22:17:22.282 INFO  org.fisco.bcos.sdk.eventsub.EventSubscribeImp 173 resendWaitingFilters -- Resend waiting filters, size: 0
2024-04-24 22:17:22.283 INFO  org.fisco.bcos.sdk.eventsub.EventSubscribeImp 173 resendWaitingFilters -- Resend waiting filters, size: 0
2024-04-24 22:17:32.273 INFO  org.fisco.bcos.sdk.eventsub.EventSubscribeImp 173 resendWaitingFilters -- Resend waiting filters, size: 0
2024-04-24 22:17:32.274 INFO  org.fisco.bcos.sdk.eventsub.EventSubscribeImp 173 resendWaitingFilters -- Resend waiting filters, size: 0
2024-04-24 22:17:32.275 INFO  org.fisco.bcos.sdk.eventsub.EventSubscribeImp 173 resendWaitingFilters -- Resend waiting filters, size: 0
2024-04-24 22:17:32.275 INFO  org.fisco.bcos.sdk.eventsub.EventSubscribeImp 173 resendWaitingFilters -- Resend waiting filters, size: 0
2024-04-24 22:17:32.275 INFO  org.fisco.bcos.sdk.eventsub.EventSubscribeImp 173 resendWaitingFilters -- Resend waiting filters, size: 0
2024-04-24 22:17:32.276 INFO  org.fisco.bcos.sdk.eventsub.EventSubscribeImp 173 resendWaitingFilters -- Resend waiting filters, size: 0
2024-04-24 22:17:32.278 INFO  org.fisco.bcos.sdk.eventsub.EventSubscribeImp 173 resendWaitingFilters -- Resend waiting filters, size: 0
2024-04-24 22:17:32.281 INFO  org.fisco.bcos.sdk.eventsub.EventSubscribeImp 173 resendWaitingFilters -- Resend waiting filters, size: 0
2024-04-24 22:17:32.282 INFO  org.fisco.bcos.sdk.eventsub.EventSubscribeImp 173 resendWaitingFilters -- Resend waiting filters, size: 0
2024-04-24 22:17:32.283 INFO  org.fisco.bcos.sdk.eventsub.EventSubscribeImp 173 resendWaitingFilters -- Resend waiting filters, size: 0
2024-04-24 22:17:42.273 INFO  org.fisco.bcos.sdk.eventsub.EventSubscribeImp 173 resendWaitingFilters -- Resend waiting filters, size: 0
2024-04-24 22:17:42.273 INFO  org.fisco.bcos.sdk.eventsub.EventSubscribeImp 173 resendWaitingFilters -- Resend waiting filters, size: 0
2024-04-24 22:17:42.274 INFO  org.fisco.bcos.sdk.eventsub.EventSubscribeImp 173 resendWaitingFilters -- Resend waiting filters, size: 0
2024-04-24 22:17:42.275 INFO  org.fisco.bcos.sdk.eventsub.EventSubscribeImp 173 resendWaitingFilters -- Resend waiting filters, size: 0
2024-04-24 22:17:42.275 INFO  org.fisco.bcos.sdk.eventsub.EventSubscribeImp 173 resendWaitingFilters -- Resend waiting filters, size: 0
2024-04-24 22:17:42.276 INFO  org.fisco.bcos.sdk.eventsub.EventSubscribeImp 173 resendWaitingFilters -- Resend waiting filters, size: 0
2024-04-24 22:17:42.278 INFO  org.fisco.bcos.sdk.eventsub.EventSubscribeImp 173 resendWaitingFilters -- Resend waiting filters, size: 0
2024-04-24 22:17:42.281 INFO  org.fisco.bcos.sdk.eventsub.EventSubscribeImp 173 resendWaitingFilters -- Resend waiting filters, size: 0
2024-04-24 22:17:42.281 INFO  org.fisco.bcos.sdk.eventsub.EventSubscribeImp 173 resendWaitingFilters -- Resend waiting filters, size: 0
2024-04-24 22:17:42.283 INFO  org.fisco.bcos.sdk.eventsub.EventSubscribeImp 173 resendWaitingFilters -- Resend waiting filters, size: 0
2024-04-24 22:17:52.273 INFO  org.fisco.bcos.sdk.eventsub.EventSubscribeImp 173 resendWaitingFilters -- Resend waiting filters, size: 0
2024-04-24 22:17:52.274 INFO  org.fisco.bcos.sdk.eventsub.EventSubscribeImp 173 resendWaitingFilters -- Resend waiting filters, size: 0
2024-04-24 22:17:52.275 INFO  org.fisco.bcos.sdk.eventsub.EventSubscribeImp 173 resendWaitingFilters -- Resend waiting filters, size: 0
2024-04-24 22:17:52.275 INFO  org.fisco.bcos.sdk.eventsub.EventSubscribeImp 173 resendWaitingFilters -- Resend waiting filters, size: 0
2024-04-24 22:17:52.275 INFO  org.fisco.bcos.sdk.eventsub.EventSubscribeImp 173 resendWaitingFilters -- Resend waiting filters, size: 0
2024-04-24 22:17:52.276 INFO  org.fisco.bcos.sdk.eventsub.EventSubscribeImp 173 resendWaitingFilters -- Resend waiting filters, size: 0
2024-04-24 22:17:52.278 INFO  org.fisco.bcos.sdk.eventsub.EventSubscribeImp 173 resendWaitingFilters -- Resend waiting filters, size: 0
2024-04-24 22:17:52.281 INFO  org.fisco.bcos.sdk.eventsub.EventSubscribeImp 173 resendWaitingFilters -- Resend waiting filters, size: 0
2024-04-24 22:17:52.281 INFO  org.fisco.bcos.sdk.eventsub.EventSubscribeImp 173 resendWaitingFilters -- Resend waiting filters, size: 0
2024-04-24 22:17:52.283 INFO  org.fisco.bcos.sdk.eventsub.EventSubscribeImp 173 resendWaitingFilters -- Resend waiting filters, size: 0
2024-04-24 22:18:02.273 INFO  org.fisco.bcos.sdk.eventsub.EventSubscribeImp 173 resendWaitingFilters -- Resend waiting filters, size: 0
2024-04-24 22:18:02.273 INFO  org.fisco.bcos.sdk.eventsub.EventSubscribeImp 173 resendWaitingFilters -- Resend waiting filters, size: 0
2024-04-24 22:18:02.274 INFO  org.fisco.bcos.sdk.eventsub.EventSubscribeImp 173 resendWaitingFilters -- Resend waiting filters, size: 0
2024-04-24 22:18:02.275 INFO  org.fisco.bcos.sdk.eventsub.EventSubscribeImp 173 resendWaitingFilters -- Resend waiting filters, size: 0
2024-04-24 22:18:02.275 INFO  org.fisco.bcos.sdk.eventsub.EventSubscribeImp 173 resendWaitingFilters -- Resend waiting filters, size: 0
2024-04-24 22:18:02.276 INFO  org.fisco.bcos.sdk.eventsub.EventSubscribeImp 173 resendWaitingFilters -- Resend waiting filters, size: 0
2024-04-24 22:18:02.277 INFO  org.fisco.bcos.sdk.eventsub.EventSubscribeImp 173 resendWaitingFilters -- Resend waiting filters, size: 0
2024-04-24 22:18:02.281 INFO  org.fisco.bcos.sdk.eventsub.EventSubscribeImp 173 resendWaitingFilters -- Resend waiting filters, size: 0
2024-04-24 22:18:02.281 INFO  org.fisco.bcos.sdk.eventsub.EventSubscribeImp 173 resendWaitingFilters -- Resend waiting filters, size: 0
2024-04-24 22:18:02.283 INFO  org.fisco.bcos.sdk.eventsub.EventSubscribeImp 173 resendWaitingFilters -- Resend waiting filters, size: 0
2024-04-24 22:18:12.274 INFO  org.fisco.bcos.sdk.eventsub.EventSubscribeImp 173 resendWaitingFilters -- Resend waiting filters, size: 0
2024-04-24 22:18:12.274 INFO  org.fisco.bcos.sdk.eventsub.EventSubscribeImp 173 resendWaitingFilters -- Resend waiting filters, size: 0
2024-04-24 22:18:12.274 INFO  org.fisco.bcos.sdk.eventsub.EventSubscribeImp 173 resendWaitingFilters -- Resend waiting filters, size: 0
2024-04-24 22:18:12.275 INFO  org.fisco.bcos.sdk.eventsub.EventSubscribeImp 173 resendWaitingFilters -- Resend waiting filters, size: 0
2024-04-24 22:18:12.276 INFO  org.fisco.bcos.sdk.eventsub.EventSubscribeImp 173 resendWaitingFilters -- Resend waiting filters, size: 0
2024-04-24 22:18:12.276 INFO  org.fisco.bcos.sdk.eventsub.EventSubscribeImp 173 resendWaitingFilters -- Resend waiting filters, size: 0
2024-04-24 22:18:12.278 INFO  org.fisco.bcos.sdk.eventsub.EventSubscribeImp 173 resendWaitingFilters -- Resend waiting filters, size: 0
2024-04-24 22:18:12.281 INFO  org.fisco.bcos.sdk.eventsub.EventSubscribeImp 173 resendWaitingFilters -- Resend waiting filters, size: 0
2024-04-24 22:18:12.281 INFO  org.fisco.bcos.sdk.eventsub.EventSubscribeImp 173 resendWaitingFilters -- Resend waiting filters, size: 0
2024-04-24 22:18:12.283 INFO  org.fisco.bcos.sdk.eventsub.EventSubscribeImp 173 resendWaitingFilters -- Resend waiting filters, size: 0
2024-04-24 22:18:22.273 INFO  org.fisco.bcos.sdk.eventsub.EventSubscribeImp 173 resendWaitingFilters -- Resend waiting filters, size: 0
2024-04-24 22:18:22.273 INFO  org.fisco.bcos.sdk.eventsub.EventSubscribeImp 173 resendWaitingFilters -- Resend waiting filters, size: 0
2024-04-24 22:18:22.275 INFO  org.fisco.bcos.sdk.eventsub.EventSubscribeImp 173 resendWaitingFilters -- Resend waiting filters, size: 0
2024-04-24 22:18:22.275 INFO  org.fisco.bcos.sdk.eventsub.EventSubscribeImp 173 resendWaitingFilters -- Resend waiting filters, size: 0
2024-04-24 22:18:22.276 INFO  org.fisco.bcos.sdk.eventsub.EventSubscribeImp 173 resendWaitingFilters -- Resend waiting filters, size: 0
2024-04-24 22:18:22.277 INFO  org.fisco.bcos.sdk.eventsub.EventSubscribeImp 173 resendWaitingFilters -- Resend waiting filters, size: 0
2024-04-24 22:18:22.279 INFO  org.fisco.bcos.sdk.eventsub.EventSubscribeImp 173 resendWaitingFilters -- Resend waiting filters, size: 0
2024-04-24 22:18:22.281 INFO  org.fisco.bcos.sdk.eventsub.EventSubscribeImp 173 resendWaitingFilters -- Resend waiting filters, size: 0
2024-04-24 22:18:22.282 INFO  org.fisco.bcos.sdk.eventsub.EventSubscribeImp 173 resendWaitingFilters -- Resend waiting filters, size: 0
2024-04-24 22:18:22.283 INFO  org.fisco.bcos.sdk.eventsub.EventSubscribeImp 173 resendWaitingFilters -- Resend waiting filters, size: 0
2024-04-24 22:18:25.033 INFO  org.fisco.bcos.sdk.abi.wrapper.ContractABIDefinition 86 addFunction --  name: set, methodId: 0x4ed3885e, methodSignature: set(string), abi: org.fisco.bcos.sdk.abi.wrapper.ABIDefinition@4698e77f
2024-04-24 22:18:25.034 INFO  org.fisco.bcos.sdk.abi.wrapper.ABIDefinitionFactory 64 loadABI --  abiDefinition: org.fisco.bcos.sdk.abi.wrapper.ABIDefinition@4698e77f
2024-04-24 22:18:25.034 INFO  org.fisco.bcos.sdk.abi.wrapper.ContractABIDefinition 86 addFunction --  name: get, methodId: 0x6d4ce63c, methodSignature: get(), abi: org.fisco.bcos.sdk.abi.wrapper.ABIDefinition@7b026e56
2024-04-24 22:18:25.034 INFO  org.fisco.bcos.sdk.abi.wrapper.ABIDefinitionFactory 64 loadABI --  abiDefinition: org.fisco.bcos.sdk.abi.wrapper.ABIDefinition@7b026e56
2024-04-24 22:18:25.034 INFO  org.fisco.bcos.sdk.abi.wrapper.ABIDefinitionFactory 64 loadABI --  abiDefinition: org.fisco.bcos.sdk.abi.wrapper.ABIDefinition@4ec4c50d
2024-04-24 22:18:25.034 INFO  org.fisco.bcos.sdk.abi.wrapper.ABIDefinitionFactory 71 loadABI --  contractABIDefinition org.fisco.bcos.sdk.abi.wrapper.ContractABIDefinition@5793b87 
2024-04-24 22:18:25.035 INFO  org.fisco.bcos.sdk.abi.wrapper.ABIObjectFactory 32 createObject --  name: null
2024-04-24 22:18:25.092 INFO  org.fisco.bcos.sdk.abi.wrapper.ContractABIDefinition 86 addFunction --  name: set, methodId: 0x4ed3885e, methodSignature: set(string), abi: org.fisco.bcos.sdk.abi.wrapper.ABIDefinition@4698e77f
2024-04-24 22:18:25.092 INFO  org.fisco.bcos.sdk.abi.wrapper.ABIDefinitionFactory 64 loadABI --  abiDefinition: org.fisco.bcos.sdk.abi.wrapper.ABIDefinition@4698e77f
2024-04-24 22:18:25.092 INFO  org.fisco.bcos.sdk.abi.wrapper.ContractABIDefinition 86 addFunction --  name: get, methodId: 0x6d4ce63c, methodSignature: get(), abi: org.fisco.bcos.sdk.abi.wrapper.ABIDefinition@7b026e56
2024-04-24 22:18:25.092 INFO  org.fisco.bcos.sdk.abi.wrapper.ABIDefinitionFactory 64 loadABI --  abiDefinition: org.fisco.bcos.sdk.abi.wrapper.ABIDefinition@7b026e56
2024-04-24 22:18:25.092 INFO  org.fisco.bcos.sdk.abi.wrapper.ABIDefinitionFactory 64 loadABI --  abiDefinition: org.fisco.bcos.sdk.abi.wrapper.ABIDefinition@4ec4c50d
2024-04-24 22:18:25.092 INFO  org.fisco.bcos.sdk.abi.wrapper.ABIDefinitionFactory 71 loadABI --  contractABIDefinition org.fisco.bcos.sdk.abi.wrapper.ContractABIDefinition@7f5b9db 
2024-04-24 22:18:25.094 INFO  org.fisco.bcos.sdk.abi.wrapper.ContractABIDefinition 86 addFunction --  name: set, methodId: 0x4ed3885e, methodSignature: set(string), abi: org.fisco.bcos.sdk.abi.wrapper.ABIDefinition@4698e77f
2024-04-24 22:18:25.094 INFO  org.fisco.bcos.sdk.abi.wrapper.ABIDefinitionFactory 64 loadABI --  abiDefinition: org.fisco.bcos.sdk.abi.wrapper.ABIDefinition@4698e77f
2024-04-24 22:18:25.094 INFO  org.fisco.bcos.sdk.abi.wrapper.ContractABIDefinition 86 addFunction --  name: get, methodId: 0x6d4ce63c, methodSignature: get(), abi: org.fisco.bcos.sdk.abi.wrapper.ABIDefinition@7b026e56
2024-04-24 22:18:25.094 INFO  org.fisco.bcos.sdk.abi.wrapper.ABIDefinitionFactory 64 loadABI --  abiDefinition: org.fisco.bcos.sdk.abi.wrapper.ABIDefinition@7b026e56
2024-04-24 22:18:25.094 INFO  org.fisco.bcos.sdk.abi.wrapper.ABIDefinitionFactory 64 loadABI --  abiDefinition: org.fisco.bcos.sdk.abi.wrapper.ABIDefinition@4ec4c50d
2024-04-24 22:18:25.094 INFO  org.fisco.bcos.sdk.abi.wrapper.ABIDefinitionFactory 71 loadABI --  contractABIDefinition org.fisco.bcos.sdk.abi.wrapper.ContractABIDefinition@7654f833 
2024-04-24 22:18:25.096 INFO  org.fisco.bcos.sdk.abi.wrapper.ABIObjectFactory 32 createObject --  name: null
2024-04-24 22:18:32.273 INFO  org.fisco.bcos.sdk.eventsub.EventSubscribeImp 173 resendWaitingFilters -- Resend waiting filters, size: 0
2024-04-24 22:18:32.273 INFO  org.fisco.bcos.sdk.eventsub.EventSubscribeImp 173 resendWaitingFilters -- Resend waiting filters, size: 0
2024-04-24 22:18:32.274 INFO  org.fisco.bcos.sdk.eventsub.EventSubscribeImp 173 resendWaitingFilters -- Resend waiting filters, size: 0
2024-04-24 22:18:32.275 INFO  org.fisco.bcos.sdk.eventsub.EventSubscribeImp 173 resendWaitingFilters -- Resend waiting filters, size: 0
2024-04-24 22:18:32.275 INFO  org.fisco.bcos.sdk.eventsub.EventSubscribeImp 173 resendWaitingFilters -- Resend waiting filters, size: 0
2024-04-24 22:18:32.276 INFO  org.fisco.bcos.sdk.eventsub.EventSubscribeImp 173 resendWaitingFilters -- Resend waiting filters, size: 0
2024-04-24 22:18:32.277 INFO  org.fisco.bcos.sdk.eventsub.EventSubscribeImp 173 resendWaitingFilters -- Resend waiting filters, size: 0
2024-04-24 22:18:32.281 INFO  org.fisco.bcos.sdk.eventsub.EventSubscribeImp 173 resendWaitingFilters -- Resend waiting filters, size: 0
2024-04-24 22:18:32.282 INFO  org.fisco.bcos.sdk.eventsub.EventSubscribeImp 173 resendWaitingFilters -- Resend waiting filters, size: 0
2024-04-24 22:18:32.283 INFO  org.fisco.bcos.sdk.eventsub.EventSubscribeImp 173 resendWaitingFilters -- Resend waiting filters, size: 0
2024-04-24 22:18:42.273 INFO  org.fisco.bcos.sdk.eventsub.EventSubscribeImp 173 resendWaitingFilters -- Resend waiting filters, size: 0
2024-04-24 22:18:42.273 INFO  org.fisco.bcos.sdk.eventsub.EventSubscribeImp 173 resendWaitingFilters -- Resend waiting filters, size: 0
2024-04-24 22:18:42.274 INFO  org.fisco.bcos.sdk.eventsub.EventSubscribeImp 173 resendWaitingFilters -- Resend waiting filters, size: 0
2024-04-24 22:18:42.275 INFO  org.fisco.bcos.sdk.eventsub.EventSubscribeImp 173 resendWaitingFilters -- Resend waiting filters, size: 0
2024-04-24 22:18:42.275 INFO  org.fisco.bcos.sdk.eventsub.EventSubscribeImp 173 resendWaitingFilters -- Resend waiting filters, size: 0
2024-04-24 22:18:42.276 INFO  org.fisco.bcos.sdk.eventsub.EventSubscribeImp 173 resendWaitingFilters -- Resend waiting filters, size: 0
2024-04-24 22:18:42.277 INFO  org.fisco.bcos.sdk.eventsub.EventSubscribeImp 173 resendWaitingFilters -- Resend waiting filters, size: 0
2024-04-24 22:18:42.281 INFO  org.fisco.bcos.sdk.eventsub.EventSubscribeImp 173 resendWaitingFilters -- Resend waiting filters, size: 0
2024-04-24 22:18:42.281 INFO  org.fisco.bcos.sdk.eventsub.EventSubscribeImp 173 resendWaitingFilters -- Resend waiting filters, size: 0
2024-04-24 22:18:42.283 INFO  org.fisco.bcos.sdk.eventsub.EventSubscribeImp 173 resendWaitingFilters -- Resend waiting filters, size: 0
2024-04-24 22:18:52.273 INFO  org.fisco.bcos.sdk.eventsub.EventSubscribeImp 173 resendWaitingFilters -- Resend waiting filters, size: 0
2024-04-24 22:18:52.273 INFO  org.fisco.bcos.sdk.eventsub.EventSubscribeImp 173 resendWaitingFilters -- Resend waiting filters, size: 0
2024-04-24 22:18:52.274 INFO  org.fisco.bcos.sdk.eventsub.EventSubscribeImp 173 resendWaitingFilters -- Resend waiting filters, size: 0
2024-04-24 22:18:52.275 INFO  org.fisco.bcos.sdk.eventsub.EventSubscribeImp 173 resendWaitingFilters -- Resend waiting filters, size: 0
2024-04-24 22:18:52.275 INFO  org.fisco.bcos.sdk.eventsub.EventSubscribeImp 173 resendWaitingFilters -- Resend waiting filters, size: 0
2024-04-24 22:18:52.276 INFO  org.fisco.bcos.sdk.eventsub.EventSubscribeImp 173 resendWaitingFilters -- Resend waiting filters, size: 0
2024-04-24 22:18:52.277 INFO  org.fisco.bcos.sdk.eventsub.EventSubscribeImp 173 resendWaitingFilters -- Resend waiting filters, size: 0
2024-04-24 22:18:52.281 INFO  org.fisco.bcos.sdk.eventsub.EventSubscribeImp 173 resendWaitingFilters -- Resend waiting filters, size: 0
2024-04-24 22:18:52.282 INFO  org.fisco.bcos.sdk.eventsub.EventSubscribeImp 173 resendWaitingFilters -- Resend waiting filters, size: 0
2024-04-24 22:18:52.283 INFO  org.fisco.bcos.sdk.eventsub.EventSubscribeImp 173 resendWaitingFilters -- Resend waiting filters, size: 0
2024-04-24 22:19:02.273 INFO  org.fisco.bcos.sdk.eventsub.EventSubscribeImp 173 resendWaitingFilters -- Resend waiting filters, size: 0
2024-04-24 22:19:02.273 INFO  org.fisco.bcos.sdk.eventsub.EventSubscribeImp 173 resendWaitingFilters -- Resend waiting filters, size: 0
2024-04-24 22:19:02.274 INFO  org.fisco.bcos.sdk.eventsub.EventSubscribeImp 173 resendWaitingFilters -- Resend waiting filters, size: 0
2024-04-24 22:19:02.275 INFO  org.fisco.bcos.sdk.eventsub.EventSubscribeImp 173 resendWaitingFilters -- Resend waiting filters, size: 0
2024-04-24 22:19:02.275 INFO  org.fisco.bcos.sdk.eventsub.EventSubscribeImp 173 resendWaitingFilters -- Resend waiting filters, size: 0
2024-04-24 22:19:02.276 INFO  org.fisco.bcos.sdk.eventsub.EventSubscribeImp 173 resendWaitingFilters -- Resend waiting filters, size: 0
2024-04-24 22:19:02.277 INFO  org.fisco.bcos.sdk.eventsub.EventSubscribeImp 173 resendWaitingFilters -- Resend waiting filters, size: 0
2024-04-24 22:19:02.281 INFO  org.fisco.bcos.sdk.eventsub.EventSubscribeImp 173 resendWaitingFilters -- Resend waiting filters, size: 0
2024-04-24 22:19:02.281 INFO  org.fisco.bcos.sdk.eventsub.EventSubscribeImp 173 resendWaitingFilters -- Resend waiting filters, size: 0
2024-04-24 22:19:02.283 INFO  org.fisco.bcos.sdk.eventsub.EventSubscribeImp 173 resendWaitingFilters -- Resend waiting filters, size: 0
2024-04-24 22:19:04.121 INFO  org.fisco.bcos.sdk.abi.wrapper.ContractABIDefinition 86 addFunction --  name: set, methodId: 0x4ed3885e, methodSignature: set(string), abi: org.fisco.bcos.sdk.abi.wrapper.ABIDefinition@4698e77f
2024-04-24 22:19:04.121 INFO  org.fisco.bcos.sdk.abi.wrapper.ABIDefinitionFactory 64 loadABI --  abiDefinition: org.fisco.bcos.sdk.abi.wrapper.ABIDefinition@4698e77f
2024-04-24 22:19:04.121 INFO  org.fisco.bcos.sdk.abi.wrapper.ContractABIDefinition 86 addFunction --  name: get, methodId: 0x6d4ce63c, methodSignature: get(), abi: org.fisco.bcos.sdk.abi.wrapper.ABIDefinition@7b026e56
2024-04-24 22:19:04.121 INFO  org.fisco.bcos.sdk.abi.wrapper.ABIDefinitionFactory 64 loadABI --  abiDefinition: org.fisco.bcos.sdk.abi.wrapper.ABIDefinition@7b026e56
2024-04-24 22:19:04.121 INFO  org.fisco.bcos.sdk.abi.wrapper.ABIDefinitionFactory 64 loadABI --  abiDefinition: org.fisco.bcos.sdk.abi.wrapper.ABIDefinition@4ec4c50d
2024-04-24 22:19:04.121 INFO  org.fisco.bcos.sdk.abi.wrapper.ABIDefinitionFactory 71 loadABI --  contractABIDefinition org.fisco.bcos.sdk.abi.wrapper.ContractABIDefinition@2d4608a6 
2024-04-24 22:19:04.121 INFO  org.fisco.bcos.sdk.abi.wrapper.ABIObjectFactory 32 createObject --  name: get
2024-04-24 22:19:12.273 INFO  org.fisco.bcos.sdk.eventsub.EventSubscribeImp 173 resendWaitingFilters -- Resend waiting filters, size: 0
2024-04-24 22:19:12.273 INFO  org.fisco.bcos.sdk.eventsub.EventSubscribeImp 173 resendWaitingFilters -- Resend waiting filters, size: 0
2024-04-24 22:19:12.274 INFO  org.fisco.bcos.sdk.eventsub.EventSubscribeImp 173 resendWaitingFilters -- Resend waiting filters, size: 0
2024-04-24 22:19:12.275 INFO  org.fisco.bcos.sdk.eventsub.EventSubscribeImp 173 resendWaitingFilters -- Resend waiting filters, size: 0
2024-04-24 22:19:12.275 INFO  org.fisco.bcos.sdk.eventsub.EventSubscribeImp 173 resendWaitingFilters -- Resend waiting filters, size: 0
2024-04-24 22:19:12.276 INFO  org.fisco.bcos.sdk.eventsub.EventSubscribeImp 173 resendWaitingFilters -- Resend waiting filters, size: 0
2024-04-24 22:19:12.278 INFO  org.fisco.bcos.sdk.eventsub.EventSubscribeImp 173 resendWaitingFilters -- Resend waiting filters, size: 0
2024-04-24 22:19:12.281 INFO  org.fisco.bcos.sdk.eventsub.EventSubscribeImp 173 resendWaitingFilters -- Resend waiting filters, size: 0
2024-04-24 22:19:12.281 INFO  org.fisco.bcos.sdk.eventsub.EventSubscribeImp 173 resendWaitingFilters -- Resend waiting filters, size: 0
2024-04-24 22:19:12.283 INFO  org.fisco.bcos.sdk.eventsub.EventSubscribeImp 173 resendWaitingFilters -- Resend waiting filters, size: 0
2024-04-24 22:19:22.273 INFO  org.fisco.bcos.sdk.eventsub.EventSubscribeImp 173 resendWaitingFilters -- Resend waiting filters, size: 0
2024-04-24 22:19:22.273 INFO  org.fisco.bcos.sdk.eventsub.EventSubscribeImp 173 resendWaitingFilters -- Resend waiting filters, size: 0
2024-04-24 22:19:22.274 INFO  org.fisco.bcos.sdk.eventsub.EventSubscribeImp 173 resendWaitingFilters -- Resend waiting filters, size: 0
2024-04-24 22:19:22.275 INFO  org.fisco.bcos.sdk.eventsub.EventSubscribeImp 173 resendWaitingFilters -- Resend waiting filters, size: 0
2024-04-24 22:19:22.275 INFO  org.fisco.bcos.sdk.eventsub.EventSubscribeImp 173 resendWaitingFilters -- Resend waiting filters, size: 0
2024-04-24 22:19:22.276 INFO  org.fisco.bcos.sdk.eventsub.EventSubscribeImp 173 resendWaitingFilters -- Resend waiting filters, size: 0
2024-04-24 22:19:22.277 INFO  org.fisco.bcos.sdk.eventsub.EventSubscribeImp 173 resendWaitingFilters -- Resend waiting filters, size: 0
2024-04-24 22:19:22.281 INFO  org.fisco.bcos.sdk.eventsub.EventSubscribeImp 173 resendWaitingFilters -- Resend waiting filters, size: 0
2024-04-24 22:19:22.281 INFO  org.fisco.bcos.sdk.eventsub.EventSubscribeImp 173 resendWaitingFilters -- Resend waiting filters, size: 0
2024-04-24 22:19:22.283 INFO  org.fisco.bcos.sdk.eventsub.EventSubscribeImp 173 resendWaitingFilters -- Resend waiting filters, size: 0
2024-04-24 22:19:32.273 INFO  org.fisco.bcos.sdk.eventsub.EventSubscribeImp 173 resendWaitingFilters -- Resend waiting filters, size: 0
2024-04-24 22:19:32.273 INFO  org.fisco.bcos.sdk.eventsub.EventSubscribeImp 173 resendWaitingFilters -- Resend waiting filters, size: 0
2024-04-24 22:19:32.274 INFO  org.fisco.bcos.sdk.eventsub.EventSubscribeImp 173 resendWaitingFilters -- Resend waiting filters, size: 0
2024-04-24 22:19:32.275 INFO  org.fisco.bcos.sdk.eventsub.EventSubscribeImp 173 resendWaitingFilters -- Resend waiting filters, size: 0
2024-04-24 22:19:32.275 INFO  org.fisco.bcos.sdk.eventsub.EventSubscribeImp 173 resendWaitingFilters -- Resend waiting filters, size: 0
2024-04-24 22:19:32.276 INFO  org.fisco.bcos.sdk.eventsub.EventSubscribeImp 173 resendWaitingFilters -- Resend waiting filters, size: 0
2024-04-24 22:19:32.277 INFO  org.fisco.bcos.sdk.eventsub.EventSubscribeImp 173 resendWaitingFilters -- Resend waiting filters, size: 0
2024-04-24 22:19:32.282 INFO  org.fisco.bcos.sdk.eventsub.EventSubscribeImp 173 resendWaitingFilters -- Resend waiting filters, size: 0
2024-04-24 22:19:32.282 INFO  org.fisco.bcos.sdk.eventsub.EventSubscribeImp 173 resendWaitingFilters -- Resend waiting filters, size: 0
2024-04-24 22:19:32.283 INFO  org.fisco.bcos.sdk.eventsub.EventSubscribeImp 173 resendWaitingFilters -- Resend waiting filters, size: 0
2024-04-24 22:19:33.101 INFO  org.fisco.bcos.sdk.abi.wrapper.ContractABIDefinition 86 addFunction --  name: set, methodId: 0x4ed3885e, methodSignature: set(string), abi: org.fisco.bcos.sdk.abi.wrapper.ABIDefinition@4698e77f
2024-04-24 22:19:33.101 INFO  org.fisco.bcos.sdk.abi.wrapper.ABIDefinitionFactory 64 loadABI --  abiDefinition: org.fisco.bcos.sdk.abi.wrapper.ABIDefinition@4698e77f
2024-04-24 22:19:33.101 INFO  org.fisco.bcos.sdk.abi.wrapper.ContractABIDefinition 86 addFunction --  name: get, methodId: 0x6d4ce63c, methodSignature: get(), abi: org.fisco.bcos.sdk.abi.wrapper.ABIDefinition@7b026e56
2024-04-24 22:19:33.101 INFO  org.fisco.bcos.sdk.abi.wrapper.ABIDefinitionFactory 64 loadABI --  abiDefinition: org.fisco.bcos.sdk.abi.wrapper.ABIDefinition@7b026e56
2024-04-24 22:19:33.101 INFO  org.fisco.bcos.sdk.abi.wrapper.ABIDefinitionFactory 64 loadABI --  abiDefinition: org.fisco.bcos.sdk.abi.wrapper.ABIDefinition@4ec4c50d
2024-04-24 22:19:33.101 INFO  org.fisco.bcos.sdk.abi.wrapper.ABIDefinitionFactory 71 loadABI --  contractABIDefinition org.fisco.bcos.sdk.abi.wrapper.ContractABIDefinition@2cde651b 
2024-04-24 22:19:33.101 INFO  org.fisco.bcos.sdk.abi.wrapper.ABIObjectFactory 32 createObject --  name: set
2024-04-24 22:19:33.109 INFO  org.fisco.bcos.sdk.abi.wrapper.ContractABIDefinition 86 addFunction --  name: set, methodId: 0x4ed3885e, methodSignature: set(string), abi: org.fisco.bcos.sdk.abi.wrapper.ABIDefinition@4698e77f
2024-04-24 22:19:33.109 INFO  org.fisco.bcos.sdk.abi.wrapper.ABIDefinitionFactory 64 loadABI --  abiDefinition: org.fisco.bcos.sdk.abi.wrapper.ABIDefinition@4698e77f
2024-04-24 22:19:33.110 INFO  org.fisco.bcos.sdk.abi.wrapper.ContractABIDefinition 86 addFunction --  name: get, methodId: 0x6d4ce63c, methodSignature: get(), abi: org.fisco.bcos.sdk.abi.wrapper.ABIDefinition@7b026e56
2024-04-24 22:19:33.110 INFO  org.fisco.bcos.sdk.abi.wrapper.ABIDefinitionFactory 64 loadABI --  abiDefinition: org.fisco.bcos.sdk.abi.wrapper.ABIDefinition@7b026e56
2024-04-24 22:19:33.110 INFO  org.fisco.bcos.sdk.abi.wrapper.ABIDefinitionFactory 64 loadABI --  abiDefinition: org.fisco.bcos.sdk.abi.wrapper.ABIDefinition@4ec4c50d
2024-04-24 22:19:33.110 INFO  org.fisco.bcos.sdk.abi.wrapper.ABIDefinitionFactory 71 loadABI --  contractABIDefinition org.fisco.bcos.sdk.abi.wrapper.ContractABIDefinition@2e5b7fba 
2024-04-24 22:19:33.110 INFO  org.fisco.bcos.sdk.abi.wrapper.ABIObjectFactory 32 createObject --  name: set
2024-04-24 22:19:42.273 INFO  org.fisco.bcos.sdk.eventsub.EventSubscribeImp 173 resendWaitingFilters -- Resend waiting filters, size: 0
2024-04-24 22:19:42.273 INFO  org.fisco.bcos.sdk.eventsub.EventSubscribeImp 173 resendWaitingFilters -- Resend waiting filters, size: 0
2024-04-24 22:19:42.274 INFO  org.fisco.bcos.sdk.eventsub.EventSubscribeImp 173 resendWaitingFilters -- Resend waiting filters, size: 0
2024-04-24 22:19:42.275 INFO  org.fisco.bcos.sdk.eventsub.EventSubscribeImp 173 resendWaitingFilters -- Resend waiting filters, size: 0
2024-04-24 22:19:42.275 INFO  org.fisco.bcos.sdk.eventsub.EventSubscribeImp 173 resendWaitingFilters -- Resend waiting filters, size: 0
2024-04-24 22:19:42.276 INFO  org.fisco.bcos.sdk.eventsub.EventSubscribeImp 173 resendWaitingFilters -- Resend waiting filters, size: 0
2024-04-24 22:19:42.277 INFO  org.fisco.bcos.sdk.eventsub.EventSubscribeImp 173 resendWaitingFilters -- Resend waiting filters, size: 0
2024-04-24 22:19:42.281 INFO  org.fisco.bcos.sdk.eventsub.EventSubscribeImp 173 resendWaitingFilters -- Resend waiting filters, size: 0
2024-04-24 22:19:42.282 INFO  org.fisco.bcos.sdk.eventsub.EventSubscribeImp 173 resendWaitingFilters -- Resend waiting filters, size: 0
2024-04-24 22:19:42.283 INFO  org.fisco.bcos.sdk.eventsub.EventSubscribeImp 173 resendWaitingFilters -- Resend waiting filters, size: 0
2024-04-24 22:19:50.326 INFO  org.fisco.bcos.sdk.abi.wrapper.ContractABIDefinition 86 addFunction --  name: set, methodId: 0x4ed3885e, methodSignature: set(string), abi: org.fisco.bcos.sdk.abi.wrapper.ABIDefinition@4698e77f
2024-04-24 22:19:50.326 INFO  org.fisco.bcos.sdk.abi.wrapper.ABIDefinitionFactory 64 loadABI --  abiDefinition: org.fisco.bcos.sdk.abi.wrapper.ABIDefinition@4698e77f
2024-04-24 22:19:50.326 INFO  org.fisco.bcos.sdk.abi.wrapper.ContractABIDefinition 86 addFunction --  name: get, methodId: 0x6d4ce63c, methodSignature: get(), abi: org.fisco.bcos.sdk.abi.wrapper.ABIDefinition@7b026e56
2024-04-24 22:19:50.326 INFO  org.fisco.bcos.sdk.abi.wrapper.ABIDefinitionFactory 64 loadABI --  abiDefinition: org.fisco.bcos.sdk.abi.wrapper.ABIDefinition@7b026e56
2024-04-24 22:19:50.326 INFO  org.fisco.bcos.sdk.abi.wrapper.ABIDefinitionFactory 64 loadABI --  abiDefinition: org.fisco.bcos.sdk.abi.wrapper.ABIDefinition@4ec4c50d
2024-04-24 22:19:50.326 INFO  org.fisco.bcos.sdk.abi.wrapper.ABIDefinitionFactory 71 loadABI --  contractABIDefinition org.fisco.bcos.sdk.abi.wrapper.ContractABIDefinition@7ab4ae59 
2024-04-24 22:19:50.326 INFO  org.fisco.bcos.sdk.abi.wrapper.ABIObjectFactory 32 createObject --  name: get
2024-04-24 22:19:52.273 INFO  org.fisco.bcos.sdk.eventsub.EventSubscribeImp 173 resendWaitingFilters -- Resend waiting filters, size: 0
2024-04-24 22:19:52.273 INFO  org.fisco.bcos.sdk.eventsub.EventSubscribeImp 173 resendWaitingFilters -- Resend waiting filters, size: 0
2024-04-24 22:19:52.274 INFO  org.fisco.bcos.sdk.eventsub.EventSubscribeImp 173 resendWaitingFilters -- Resend waiting filters, size: 0
2024-04-24 22:19:52.275 INFO  org.fisco.bcos.sdk.eventsub.EventSubscribeImp 173 resendWaitingFilters -- Resend waiting filters, size: 0
2024-04-24 22:19:52.275 INFO  org.fisco.bcos.sdk.eventsub.EventSubscribeImp 173 resendWaitingFilters -- Resend waiting filters, size: 0
2024-04-24 22:19:52.276 INFO  org.fisco.bcos.sdk.eventsub.EventSubscribeImp 173 resendWaitingFilters -- Resend waiting filters, size: 0
2024-04-24 22:19:52.277 INFO  org.fisco.bcos.sdk.eventsub.EventSubscribeImp 173 resendWaitingFilters -- Resend waiting filters, size: 0
2024-04-24 22:19:52.281 INFO  org.fisco.bcos.sdk.eventsub.EventSubscribeImp 173 resendWaitingFilters -- Resend waiting filters, size: 0
2024-04-24 22:19:52.281 INFO  org.fisco.bcos.sdk.eventsub.EventSubscribeImp 173 resendWaitingFilters -- Resend waiting filters, size: 0
2024-04-24 22:19:52.284 INFO  org.fisco.bcos.sdk.eventsub.EventSubscribeImp 173 resendWaitingFilters -- Resend waiting filters, size: 0
