info|2024-04-24 22:00:00.424871|[g:1][CONSENSUS][SEALER]++++++++++++++++ Generating seal on,blkNum=1,tx=0,nodeIdx=0,hash=734de0c4...
info|2024-04-24 22:00:00.426882|[g:1][CONSENSUS][PBFT]checkTimeout Succ,view=112,toView=113,nodeIdx=0,changeCycle=1,myNode=1a800e0a...,timecost=0
info|2024-04-24 22:00:00.427153|[g:1][CONSENSUS][PBFT]checkAndChangeView: Reach consensus,org_view=112,cur_changeCycle=1,curView=112,view=113
info|2024-04-24 22:00:01.428121|[g:1][CONSENSUS]addRawPrepare,height=1,reqIdx=1,hash=34d3b31f...,time=0
info|2024-04-24 22:00:01.428267|[g:1][CONSENSUS][PBFT]checkTimeout Succ,view=113,toView=114,nodeIdx=0,changeCycle=1,myNode=1a800e0a...,timecost=0
info|2024-04-24 22:00:01.429384|[g:1][CONSENSUS][PBFT]checkAndChangeView: Reach consensus,org_view=113,cur_changeCycle=1,curView=113,view=114
info|2024-04-24 22:00:02.431593|[g:1][CONSENSUS]addRawPrepare,height=1,reqIdx=2,hash=69c9a5e4...,time=0
info|2024-04-24 22:00:02.431793|[g:1][CONSENSUS][PBFT]checkTimeout Succ,view=114,toView=115,nodeIdx=0,changeCycle=1,myNode=1a800e0a...,timecost=0
info|2024-04-24 22:00:02.432479|[g:1][CONSENSUS][PBFT]checkAndChangeView: Reach consensus,org_view=114,cur_changeCycle=1,curView=114,view=115
info|2024-04-24 22:00:03.433979|[g:1][CONSENSUS]addRawPrepare,height=1,reqIdx=3,hash=0807b9ce...,time=0
info|2024-04-24 22:00:03.434248|[g:1][CONSENSUS][PBFT]checkTimeout Succ,view=115,toView=116,nodeIdx=0,changeCycle=1,myNode=1a800e0a...,timecost=0
info|2024-04-24 22:00:03.435701|[g:1][CONSENSUS][PBFT]checkAndChangeView: Reach consensus,org_view=115,cur_changeCycle=1,curView=115,view=116
info|2024-04-24 22:00:04.436690|[g:1][CONSENSUS][SEALER]++++++++++++++++ Generating seal on,blkNum=1,tx=0,nodeIdx=0,hash=ca8e5d1f...
info|2024-04-24 22:00:04.437897|[g:1][CONSENSUS][PBFT]checkTimeout Succ,view=116,toView=117,nodeIdx=0,changeCycle=1,myNode=1a800e0a...,timecost=0
info|2024-04-24 22:00:04.438140|[g:1][CONSENSUS][PBFT]checkAndChangeView: Reach consensus,org_view=116,cur_changeCycle=1,curView=116,view=117
info|2024-04-24 22:00:05.439676|[g:1][CONSENSUS]addRawPrepare,height=1,reqIdx=1,hash=f0586e5e...,time=0
info|2024-04-24 22:00:05.439776|[g:1][CONSENSUS][PBFT]checkTimeout Succ,view=117,toView=118,nodeIdx=0,changeCycle=1,myNode=1a800e0a...,timecost=0
info|2024-04-24 22:00:05.441351|[g:1][CONSENSUS][PBFT]checkAndChangeView: Reach consensus,org_view=117,cur_changeCycle=1,curView=117,view=118
info|2024-04-24 22:00:06.442593|[g:1][CONSENSUS]addRawPrepare,height=1,reqIdx=2,hash=19a83cbd...,time=0
info|2024-04-24 22:00:06.442705|[g:1][CONSENSUS][PBFT]checkTimeout Succ,view=118,toView=119,nodeIdx=0,changeCycle=1,myNode=1a800e0a...,timecost=0
info|2024-04-24 22:00:06.443476|[g:1][CONSENSUS][PBFT]checkAndChangeView: Reach consensus,org_view=118,cur_changeCycle=1,curView=118,view=119
info|2024-04-24 22:00:06.870254|[P2P][Service] heartBeat,connected count=3
info|2024-04-24 22:00:07.445845|[g:1][CONSENSUS][PBFT]Trigger fast-viewchange,view=119,toView=119,minView=120,INFO=,reqNum=0,curNum=0,GenIdx=2,Cview=120,view=119,fromIdx=2,fromNode=761effe7...,fromIp=127.0.0.1:30302,hash=c86e9802...,nodeIdx=0,myNode=1a800e0a...
info|2024-04-24 22:00:07.445956|[g:1][CONSENSUS][PBFT]checkAndChangeView: Reach consensus,org_view=119,cur_changeCycle=2,curView=119,view=120
info|2024-04-24 22:00:07.445960|[g:1][CONSENSUS][PBFT]checkTimeout Succ,view=120,toView=120,nodeIdx=0,changeCycle=2,myNode=1a800e0a...,timecost=0
info|2024-04-24 22:00:08.446391|[g:1][CONSENSUS][SEALER]++++++++++++++++ Generating seal on,blkNum=1,tx=0,nodeIdx=0,hash=1a48b1ec...
info|2024-04-24 22:00:08.446932|[g:1][CONSENSUS][PBFT]checkTimeout Succ,view=120,toView=121,nodeIdx=0,changeCycle=1,myNode=1a800e0a...,timecost=0
info|2024-04-24 22:00:08.449282|[g:1][CONSENSUS][PBFT]checkAndChangeView: Reach consensus,org_view=120,cur_changeCycle=1,curView=120,view=121
info|2024-04-24 22:00:09.450159|[g:1][CONSENSUS]addRawPrepare,height=1,reqIdx=1,hash=228dba07...,time=0
info|2024-04-24 22:00:09.450406|[g:1][CONSENSUS][PBFT]checkTimeout Succ,view=121,toView=122,nodeIdx=0,changeCycle=1,myNode=1a800e0a...,timecost=0
info|2024-04-24 22:00:09.451205|[g:1][CONSENSUS][PBFT]checkAndChangeView: Reach consensus,org_view=121,cur_changeCycle=1,curView=121,view=122
info|2024-04-24 22:00:10.496748|[g:1][CONSENSUS]addRawPrepare,height=1,reqIdx=2,hash=e134c84f...,time=0
info|2024-04-24 22:00:10.497059|[g:1][CONSENSUS][PBFT]checkTimeout Succ,view=122,toView=123,nodeIdx=0,changeCycle=1,myNode=1a800e0a...,timecost=1
info|2024-04-24 22:00:10.498185|[g:1][CONSENSUS][PBFT]checkAndChangeView: Reach consensus,org_view=122,cur_changeCycle=1,curView=122,view=123
info|2024-04-24 22:00:11.498554|[g:1][CONSENSUS]addRawPrepare,height=1,reqIdx=3,hash=335aff9e...,time=0
info|2024-04-24 22:00:11.498672|[g:1][CONSENSUS][PBFT]checkTimeout Succ,view=123,toView=124,nodeIdx=0,changeCycle=1,myNode=1a800e0a...,timecost=0
info|2024-04-24 22:00:11.499276|[g:1][CONSENSUS][PBFT]checkAndChangeView: Reach consensus,org_view=123,cur_changeCycle=1,curView=123,view=124
info|2024-04-24 22:00:12.499125|[g:1][CONSENSUS][SEALER]++++++++++++++++ Generating seal on,blkNum=1,tx=0,nodeIdx=0,hash=c1491f21...
info|2024-04-24 22:00:12.499649|[g:1][CONSENSUS][PBFT]checkTimeout Succ,view=124,toView=125,nodeIdx=0,changeCycle=1,myNode=1a800e0a...,timecost=0
info|2024-04-24 22:00:12.545045|[g:1][CONSENSUS][PBFT]checkAndChangeView: Reach consensus,org_view=124,cur_changeCycle=1,curView=124,view=125
info|2024-04-24 22:00:13.502722|[g:1][CONSENSUS]addRawPrepare,height=1,reqIdx=1,hash=9383cd5e...,time=0
info|2024-04-24 22:00:13.502843|[g:1][CONSENSUS][PBFT]checkTimeout Succ,view=125,toView=126,nodeIdx=0,changeCycle=1,myNode=1a800e0a...,timecost=0
info|2024-04-24 22:00:13.503786|[g:1][CONSENSUS][PBFT]checkAndChangeView: Reach consensus,org_view=125,cur_changeCycle=1,curView=125,view=126
info|2024-04-24 22:00:14.505366|[g:1][CONSENSUS]addRawPrepare,height=1,reqIdx=2,hash=068bb4c7...,time=0
info|2024-04-24 22:00:14.505491|[g:1][CONSENSUS][PBFT]checkTimeout Succ,view=126,toView=127,nodeIdx=0,changeCycle=1,myNode=1a800e0a...,timecost=0
info|2024-04-24 22:00:14.507165|[g:1][CONSENSUS][PBFT]checkAndChangeView: Reach consensus,org_view=126,cur_changeCycle=1,curView=126,view=127
info|2024-04-24 22:00:15.507431|[g:1][CONSENSUS]addRawPrepare,height=1,reqIdx=3,hash=9f0a0719...,time=0
info|2024-04-24 22:00:15.507690|[g:1][CONSENSUS][PBFT]checkTimeout Succ,view=127,toView=128,nodeIdx=0,changeCycle=1,myNode=1a800e0a...,timecost=0
info|2024-04-24 22:00:15.508835|[g:1][CONSENSUS][PBFT]checkAndChangeView: Reach consensus,org_view=127,cur_changeCycle=1,curView=127,view=128
info|2024-04-24 22:00:16.509129|[g:1][CONSENSUS][SEALER]++++++++++++++++ Generating seal on,blkNum=1,tx=0,nodeIdx=0,hash=85933a1f...
info|2024-04-24 22:00:16.509478|[g:1][CONSENSUS][PBFT]checkTimeout Succ,view=128,toView=129,nodeIdx=0,changeCycle=1,myNode=1a800e0a...,timecost=0
info|2024-04-24 22:00:16.511462|[g:1][CONSENSUS][PBFT]checkAndChangeView: Reach consensus,org_view=128,cur_changeCycle=1,curView=128,view=129
info|2024-04-24 22:00:16.870558|[P2P][Service] heartBeat,connected count=3
info|2024-04-24 22:00:17.513314|[g:1][CONSENSUS]addRawPrepare,height=1,reqIdx=1,hash=363432c5...,time=0
info|2024-04-24 22:00:17.513416|[g:1][CONSENSUS][PBFT]checkTimeout Succ,view=129,toView=130,nodeIdx=0,changeCycle=1,myNode=1a800e0a...,timecost=0
info|2024-04-24 22:00:17.513538|[g:1][CONSENSUS][PBFT]checkAndChangeView: Reach consensus,org_view=129,cur_changeCycle=1,curView=129,view=130
info|2024-04-24 22:00:18.514988|[g:1][CONSENSUS]addRawPrepare,height=1,reqIdx=2,hash=10605241...,time=0
info|2024-04-24 22:00:18.515109|[g:1][CONSENSUS][PBFT]checkTimeout Succ,view=130,toView=131,nodeIdx=0,changeCycle=1,myNode=1a800e0a...,timecost=0
info|2024-04-24 22:00:18.516301|[g:1][CONSENSUS][PBFT]checkAndChangeView: Reach consensus,org_view=130,cur_changeCycle=1,curView=130,view=131
info|2024-04-24 22:00:19.516949|[g:1][CONSENSUS]addRawPrepare,height=1,reqIdx=3,hash=fabdb46e...,time=0
info|2024-04-24 22:00:19.517079|[g:1][CONSENSUS][PBFT]checkTimeout Succ,view=131,toView=132,nodeIdx=0,changeCycle=1,myNode=1a800e0a...,timecost=1
info|2024-04-24 22:00:19.518089|[g:1][CONSENSUS][PBFT]checkAndChangeView: Reach consensus,org_view=131,cur_changeCycle=1,curView=131,view=132
info|2024-04-24 22:00:20.518523|[g:1][CONSENSUS][SEALER]++++++++++++++++ Generating seal on,blkNum=1,tx=0,nodeIdx=0,hash=4f3de31b...
info|2024-04-24 22:00:20.518834|[g:1][CONSENSUS][PBFT]checkTimeout Succ,view=132,toView=133,nodeIdx=0,changeCycle=1,myNode=1a800e0a...,timecost=0
info|2024-04-24 22:00:20.520074|[g:1][CONSENSUS][PBFT]checkAndChangeView: Reach consensus,org_view=132,cur_changeCycle=1,curView=132,view=133
info|2024-04-24 22:00:21.521041|[g:1][CONSENSUS]addRawPrepare,height=1,reqIdx=1,hash=fdb31622...,time=0
info|2024-04-24 22:00:21.521162|[g:1][CONSENSUS][PBFT]checkTimeout Succ,view=133,toView=134,nodeIdx=0,changeCycle=1,myNode=1a800e0a...,timecost=0
info|2024-04-24 22:00:21.522489|[g:1][CONSENSUS][PBFT]checkAndChangeView: Reach consensus,org_view=133,cur_changeCycle=1,curView=133,view=134
info|2024-04-24 22:00:22.524624|[g:1][CONSENSUS]addRawPrepare,height=1,reqIdx=2,hash=0404e69a...,time=0
info|2024-04-24 22:00:22.524736|[g:1][CONSENSUS][PBFT]checkTimeout Succ,view=134,toView=135,nodeIdx=0,changeCycle=1,myNode=1a800e0a...,timecost=0
info|2024-04-24 22:00:22.525062|[g:1][CONSENSUS][PBFT]checkAndChangeView: Reach consensus,org_view=134,cur_changeCycle=1,curView=134,view=135
info|2024-04-24 22:00:23.525327|[g:1][CONSENSUS]addRawPrepare,height=1,reqIdx=3,hash=84b60389...,time=0
info|2024-04-24 22:00:23.525444|[g:1][CONSENSUS][PBFT]checkTimeout Succ,view=135,toView=136,nodeIdx=0,changeCycle=1,myNode=1a800e0a...,timecost=0
info|2024-04-24 22:00:23.526111|[g:1][CONSENSUS][PBFT]checkAndChangeView: Reach consensus,org_view=135,cur_changeCycle=1,curView=135,view=136
info|2024-04-24 22:00:24.526521|[g:1][CONSENSUS][SEALER]++++++++++++++++ Generating seal on,blkNum=1,tx=0,nodeIdx=0,hash=593e1f43...
info|2024-04-24 22:00:24.526864|[g:1][CONSENSUS][PBFT]checkTimeout Succ,view=136,toView=137,nodeIdx=0,changeCycle=1,myNode=1a800e0a...,timecost=0
info|2024-04-24 22:00:24.527880|[g:1][CONSENSUS][PBFT]checkAndChangeView: Reach consensus,org_view=136,cur_changeCycle=1,curView=136,view=137
info|2024-04-24 22:00:25.529501|[g:1][CONSENSUS]addRawPrepare,height=1,reqIdx=1,hash=9babc0c0...,time=0
info|2024-04-24 22:00:25.529683|[g:1][CONSENSUS][PBFT]checkTimeout Succ,view=137,toView=138,nodeIdx=0,changeCycle=1,myNode=1a800e0a...,timecost=0
info|2024-04-24 22:00:25.531235|[g:1][CONSENSUS][PBFT]checkAndChangeView: Reach consensus,org_view=137,cur_changeCycle=1,curView=137,view=138
info|2024-04-24 22:00:26.532291|[g:1][CONSENSUS]addRawPrepare,height=1,reqIdx=2,hash=8a391422...,time=0
info|2024-04-24 22:00:26.532417|[g:1][CONSENSUS][PBFT]checkTimeout Succ,view=138,toView=139,nodeIdx=0,changeCycle=1,myNode=1a800e0a...,timecost=0
info|2024-04-24 22:00:26.532959|[g:1][CONSENSUS][PBFT]checkAndChangeView: Reach consensus,org_view=138,cur_changeCycle=1,curView=138,view=139
info|2024-04-24 22:00:26.870658|[P2P][Service] heartBeat,connected count=3
info|2024-04-24 22:00:27.535578|[g:1][CONSENSUS][PBFT]Trigger fast-viewchange,view=139,toView=139,minView=140,INFO=,reqNum=0,curNum=0,GenIdx=2,Cview=140,view=139,fromIdx=2,fromNode=761effe7...,fromIp=127.0.0.1:30302,hash=c86e9802...,nodeIdx=0,myNode=1a800e0a...
info|2024-04-24 22:00:27.535669|[g:1][CONSENSUS][PBFT]checkAndChangeView: Reach consensus,org_view=139,cur_changeCycle=2,curView=139,view=140
info|2024-04-24 22:00:27.535671|[g:1][CONSENSUS][PBFT]checkTimeout Succ,view=140,toView=140,nodeIdx=0,changeCycle=2,myNode=1a800e0a...,timecost=0
info|2024-04-24 22:00:28.535400|[g:1][CONSENSUS][SEALER]++++++++++++++++ Generating seal on,blkNum=1,tx=0,nodeIdx=0,hash=4d85a3c9...
info|2024-04-24 22:00:28.539433|[g:1][CONSENSUS][PBFT]checkTimeout Succ,view=140,toView=141,nodeIdx=0,changeCycle=1,myNode=1a800e0a...,timecost=0
info|2024-04-24 22:00:28.539557|[g:1][CONSENSUS][PBFT]checkAndChangeView: Reach consensus,org_view=140,cur_changeCycle=1,curView=140,view=141
info|2024-04-24 22:00:29.541079|[g:1][CONSENSUS]addRawPrepare,height=1,reqIdx=1,hash=5785ef74...,time=0
info|2024-04-24 22:00:29.541194|[g:1][CONSENSUS][PBFT]checkTimeout Succ,view=141,toView=142,nodeIdx=0,changeCycle=1,myNode=1a800e0a...,timecost=0
info|2024-04-24 22:00:29.542125|[g:1][CONSENSUS][PBFT]checkAndChangeView: Reach consensus,org_view=141,cur_changeCycle=1,curView=141,view=142
info|2024-04-24 22:00:30.544454|[g:1][CONSENSUS]addRawPrepare,height=1,reqIdx=2,hash=b40d37dd...,time=0
info|2024-04-24 22:00:30.544646|[g:1][CONSENSUS][PBFT]checkTimeout Succ,view=142,toView=143,nodeIdx=0,changeCycle=1,myNode=1a800e0a...,timecost=0
info|2024-04-24 22:00:30.545742|[g:1][CONSENSUS][PBFT]checkAndChangeView: Reach consensus,org_view=142,cur_changeCycle=1,curView=142,view=143
info|2024-04-24 22:00:31.547540|[g:1][CONSENSUS]addRawPrepare,height=1,reqIdx=3,hash=46a81354...,time=0
info|2024-04-24 22:00:31.547703|[g:1][CONSENSUS][PBFT]checkTimeout Succ,view=143,toView=144,nodeIdx=0,changeCycle=1,myNode=1a800e0a...,timecost=0
info|2024-04-24 22:00:31.548585|[g:1][CONSENSUS][PBFT]checkAndChangeView: Reach consensus,org_view=143,cur_changeCycle=1,curView=143,view=144
info|2024-04-24 22:00:32.548746|[g:1][CONSENSUS][SEALER]++++++++++++++++ Generating seal on,blkNum=1,tx=0,nodeIdx=0,hash=d48c52da...
info|2024-04-24 22:00:32.549322|[g:1][CONSENSUS][PBFT]checkTimeout Succ,view=144,toView=145,nodeIdx=0,changeCycle=1,myNode=1a800e0a...,timecost=0
info|2024-04-24 22:00:32.595376|[g:1][CONSENSUS][PBFT]checkAndChangeView: Reach consensus,org_view=144,cur_changeCycle=1,curView=144,view=145
info|2024-04-24 22:00:33.551775|[g:1][CONSENSUS]addRawPrepare,height=1,reqIdx=1,hash=2208f4d6...,time=0
info|2024-04-24 22:00:33.551963|[g:1][CONSENSUS][PBFT]checkTimeout Succ,view=145,toView=146,nodeIdx=0,changeCycle=1,myNode=1a800e0a...,timecost=0
info|2024-04-24 22:00:33.553494|[g:1][CONSENSUS][PBFT]checkAndChangeView: Reach consensus,org_view=145,cur_changeCycle=1,curView=145,view=146
info|2024-04-24 22:00:34.554738|[g:1][CONSENSUS]addRawPrepare,height=1,reqIdx=2,hash=389409cf...,time=0
info|2024-04-24 22:00:34.554950|[g:1][CONSENSUS][PBFT]checkTimeout Succ,view=146,toView=147,nodeIdx=0,changeCycle=1,myNode=1a800e0a...,timecost=0
info|2024-04-24 22:00:34.556421|[g:1][CONSENSUS][PBFT]checkAndChangeView: Reach consensus,org_view=146,cur_changeCycle=1,curView=146,view=147
info|2024-04-24 22:00:35.559045|[g:1][CONSENSUS]addRawPrepare,height=1,reqIdx=3,hash=7fa0a555...,time=0
info|2024-04-24 22:00:35.559288|[g:1][CONSENSUS][PBFT]checkTimeout Succ,view=147,toView=148,nodeIdx=0,changeCycle=1,myNode=1a800e0a...,timecost=0
info|2024-04-24 22:00:35.560612|[g:1][CONSENSUS][PBFT]checkAndChangeView: Reach consensus,org_view=147,cur_changeCycle=1,curView=147,view=148
info|2024-04-24 22:00:36.560319|[g:1][CONSENSUS][SEALER]++++++++++++++++ Generating seal on,blkNum=1,tx=0,nodeIdx=0,hash=49b17de6...
info|2024-04-24 22:00:36.560980|[g:1][CONSENSUS][PBFT]checkTimeout Succ,view=148,toView=149,nodeIdx=0,changeCycle=1,myNode=1a800e0a...,timecost=0
info|2024-04-24 22:00:36.562045|[g:1][CONSENSUS][PBFT]checkAndChangeView: Reach consensus,org_view=148,cur_changeCycle=1,curView=148,view=149
info|2024-04-24 22:00:36.870763|[P2P][Service] heartBeat,connected count=3
info|2024-04-24 22:00:37.565155|[g:1][CONSENSUS]addRawPrepare,height=1,reqIdx=1,hash=14868c7d...,time=0
info|2024-04-24 22:00:37.565375|[g:1][CONSENSUS][PBFT]checkTimeout Succ,view=149,toView=150,nodeIdx=0,changeCycle=1,myNode=1a800e0a...,timecost=0
info|2024-04-24 22:00:37.565796|[g:1][CONSENSUS][PBFT]checkAndChangeView: Reach consensus,org_view=149,cur_changeCycle=1,curView=149,view=150
info|2024-04-24 22:00:38.567729|[g:1][CONSENSUS]addRawPrepare,height=1,reqIdx=2,hash=b682d89b...,time=0
info|2024-04-24 22:00:38.567872|[g:1][CONSENSUS][PBFT]checkTimeout Succ,view=150,toView=151,nodeIdx=0,changeCycle=1,myNode=1a800e0a...,timecost=0
info|2024-04-24 22:00:38.568610|[g:1][CONSENSUS][PBFT]checkAndChangeView: Reach consensus,org_view=150,cur_changeCycle=1,curView=150,view=151
info|2024-04-24 22:00:39.571263|[g:1][CONSENSUS]addRawPrepare,height=1,reqIdx=3,hash=b39aa4e7...,time=0
info|2024-04-24 22:00:39.571463|[g:1][CONSENSUS][PBFT]checkTimeout Succ,view=151,toView=152,nodeIdx=0,changeCycle=1,myNode=1a800e0a...,timecost=0
info|2024-04-24 22:00:39.572729|[g:1][CONSENSUS][PBFT]checkAndChangeView: Reach consensus,org_view=151,cur_changeCycle=1,curView=151,view=152
info|2024-04-24 22:00:40.573132|[g:1][CONSENSUS][SEALER]++++++++++++++++ Generating seal on,blkNum=1,tx=0,nodeIdx=0,hash=8a69d895...
info|2024-04-24 22:00:40.574259|[g:1][CONSENSUS][PBFT]checkTimeout Succ,view=152,toView=153,nodeIdx=0,changeCycle=1,myNode=1a800e0a...,timecost=1
info|2024-04-24 22:00:40.576078|[g:1][CONSENSUS][PBFT]checkAndChangeView: Reach consensus,org_view=152,cur_changeCycle=1,curView=152,view=153
info|2024-04-24 22:00:41.577443|[g:1][CONSENSUS]addRawPrepare,height=1,reqIdx=1,hash=4e3afbe1...,time=0
info|2024-04-24 22:00:41.577631|[g:1][CONSENSUS][PBFT]checkTimeout Succ,view=153,toView=154,nodeIdx=0,changeCycle=1,myNode=1a800e0a...,timecost=0
info|2024-04-24 22:00:41.578730|[g:1][CONSENSUS][PBFT]checkAndChangeView: Reach consensus,org_view=153,cur_changeCycle=1,curView=153,view=154
info|2024-04-24 22:00:42.580939|[g:1][CONSENSUS]addRawPrepare,height=1,reqIdx=2,hash=a4b96b81...,time=0
info|2024-04-24 22:00:42.581043|[g:1][CONSENSUS][PBFT]checkTimeout Succ,view=154,toView=155,nodeIdx=0,changeCycle=1,myNode=1a800e0a...,timecost=1
info|2024-04-24 22:00:42.584391|[g:1][CONSENSUS][PBFT]checkAndChangeView: Reach consensus,org_view=154,cur_changeCycle=1,curView=154,view=155
info|2024-04-24 22:00:43.584145|[g:1][CONSENSUS]addRawPrepare,height=1,reqIdx=3,hash=b9325696...,time=0
info|2024-04-24 22:00:43.584293|[g:1][CONSENSUS][PBFT]checkTimeout Succ,view=155,toView=156,nodeIdx=0,changeCycle=1,myNode=1a800e0a...,timecost=0
info|2024-04-24 22:00:43.584636|[g:1][CONSENSUS][PBFT]checkAndChangeView: Reach consensus,org_view=155,cur_changeCycle=1,curView=155,view=156
info|2024-04-24 22:00:44.584157|[g:1][CONSENSUS][SEALER]++++++++++++++++ Generating seal on,blkNum=1,tx=0,nodeIdx=0,hash=7f1bb672...
info|2024-04-24 22:00:44.584544|[g:1][CONSENSUS][PBFT]checkTimeout Succ,view=156,toView=157,nodeIdx=0,changeCycle=1,myNode=1a800e0a...,timecost=0
info|2024-04-24 22:00:44.586355|[g:1][CONSENSUS][PBFT]checkAndChangeView: Reach consensus,org_view=156,cur_changeCycle=1,curView=156,view=157
info|2024-04-24 22:00:45.587005|[g:1][CONSENSUS]addRawPrepare,height=1,reqIdx=1,hash=498472f4...,time=1
info|2024-04-24 22:00:45.587193|[g:1][CONSENSUS][PBFT]checkTimeout Succ,view=157,toView=158,nodeIdx=0,changeCycle=1,myNode=1a800e0a...,timecost=0
info|2024-04-24 22:00:45.587977|[g:1][CONSENSUS][PBFT]checkAndChangeView: Reach consensus,org_view=157,cur_changeCycle=1,curView=157,view=158
info|2024-04-24 22:00:46.590471|[g:1][CONSENSUS]addRawPrepare,height=1,reqIdx=2,hash=306eae53...,time=0
info|2024-04-24 22:00:46.590625|[g:1][CONSENSUS][PBFT]checkTimeout Succ,view=158,toView=159,nodeIdx=0,changeCycle=1,myNode=1a800e0a...,timecost=0
info|2024-04-24 22:00:46.591774|[g:1][CONSENSUS][PBFT]checkAndChangeView: Reach consensus,org_view=158,cur_changeCycle=1,curView=158,view=159
info|2024-04-24 22:00:46.870942|[P2P][Service] heartBeat,connected count=3
info|2024-04-24 22:00:47.594441|[g:1][CONSENSUS]addRawPrepare,height=1,reqIdx=3,hash=602a15b2...,time=0
info|2024-04-24 22:00:47.594643|[g:1][CONSENSUS][PBFT]checkTimeout Succ,view=159,toView=160,nodeIdx=0,changeCycle=1,myNode=1a800e0a...,timecost=0
info|2024-04-24 22:00:47.595408|[g:1][CONSENSUS][PBFT]checkAndChangeView: Reach consensus,org_view=159,cur_changeCycle=1,curView=159,view=160
info|2024-04-24 22:00:48.595489|[g:1][CONSENSUS][SEALER]++++++++++++++++ Generating seal on,blkNum=1,tx=0,nodeIdx=0,hash=81bc3ad2...
info|2024-04-24 22:00:48.595981|[g:1][CONSENSUS][PBFT]checkTimeout Succ,view=160,toView=161,nodeIdx=0,changeCycle=1,myNode=1a800e0a...,timecost=0
info|2024-04-24 22:00:48.598408|[g:1][CONSENSUS][PBFT]checkAndChangeView: Reach consensus,org_view=160,cur_changeCycle=1,curView=160,view=161
info|2024-04-24 22:00:49.599354|[g:1][CONSENSUS]addRawPrepare,height=1,reqIdx=1,hash=735f9a61...,time=0
info|2024-04-24 22:00:49.599564|[g:1][CONSENSUS][PBFT]checkTimeout Succ,view=161,toView=162,nodeIdx=0,changeCycle=1,myNode=1a800e0a...,timecost=0
info|2024-04-24 22:00:49.600098|[g:1][CONSENSUS][PBFT]checkAndChangeView: Reach consensus,org_view=161,cur_changeCycle=1,curView=161,view=162
info|2024-04-24 22:00:50.601196|[g:1][CONSENSUS]addRawPrepare,height=1,reqIdx=2,hash=e326d126...,time=0
info|2024-04-24 22:00:50.601343|[g:1][CONSENSUS][PBFT]checkTimeout Succ,view=162,toView=163,nodeIdx=0,changeCycle=1,myNode=1a800e0a...,timecost=0
info|2024-04-24 22:00:50.601942|[g:1][CONSENSUS][PBFT]checkAndChangeView: Reach consensus,org_view=162,cur_changeCycle=1,curView=162,view=163
info|2024-04-24 22:00:51.603048|[g:1][CONSENSUS]addRawPrepare,height=1,reqIdx=3,hash=79f3847d...,time=0
info|2024-04-24 22:00:51.603255|[g:1][CONSENSUS][PBFT]checkTimeout Succ,view=163,toView=164,nodeIdx=0,changeCycle=1,myNode=1a800e0a...,timecost=0
info|2024-04-24 22:00:51.604051|[g:1][CONSENSUS][PBFT]checkAndChangeView: Reach consensus,org_view=163,cur_changeCycle=1,curView=163,view=164
info|2024-04-24 22:00:52.604635|[g:1][CONSENSUS][SEALER]++++++++++++++++ Generating seal on,blkNum=1,tx=0,nodeIdx=0,hash=8dff1330...
info|2024-04-24 22:00:52.605861|[g:1][CONSENSUS][PBFT]checkTimeout Succ,view=164,toView=165,nodeIdx=0,changeCycle=1,myNode=1a800e0a...,timecost=0
info|2024-04-24 22:00:52.655861|[g:1][CONSENSUS][PBFT]checkAndChangeView: Reach consensus,org_view=164,cur_changeCycle=1,curView=164,view=165
info|2024-04-24 22:00:53.609808|[g:1][CONSENSUS]addRawPrepare,height=1,reqIdx=1,hash=7f56da49...,time=0
info|2024-04-24 22:00:53.610029|[g:1][CONSENSUS][PBFT]checkTimeout Succ,view=165,toView=166,nodeIdx=0,changeCycle=1,myNode=1a800e0a...,timecost=1
info|2024-04-24 22:00:53.611399|[g:1][CONSENSUS][PBFT]checkAndChangeView: Reach consensus,org_view=165,cur_changeCycle=1,curView=165,view=166
info|2024-04-24 22:00:54.613223|[g:1][CONSENSUS]addRawPrepare,height=1,reqIdx=2,hash=7da7e896...,time=0
info|2024-04-24 22:00:54.613429|[g:1][CONSENSUS][PBFT]checkTimeout Succ,view=166,toView=167,nodeIdx=0,changeCycle=1,myNode=1a800e0a...,timecost=0
info|2024-04-24 22:00:54.614775|[g:1][CONSENSUS][PBFT]checkAndChangeView: Reach consensus,org_view=166,cur_changeCycle=1,curView=166,view=167
info|2024-04-24 22:00:55.617490|[g:1][CONSENSUS]addRawPrepare,height=1,reqIdx=3,hash=dc0c1839...,time=0
info|2024-04-24 22:00:55.617600|[g:1][CONSENSUS][PBFT]checkTimeout Succ,view=167,toView=168,nodeIdx=0,changeCycle=1,myNode=1a800e0a...,timecost=0
info|2024-04-24 22:00:55.619145|[g:1][CONSENSUS][PBFT]checkAndChangeView: Reach consensus,org_view=167,cur_changeCycle=1,curView=167,view=168
info|2024-04-24 22:00:56.619345|[g:1][CONSENSUS][SEALER]++++++++++++++++ Generating seal on,blkNum=1,tx=0,nodeIdx=0,hash=7e5196c9...
info|2024-04-24 22:00:56.620393|[g:1][CONSENSUS][PBFT]checkTimeout Succ,view=168,toView=169,nodeIdx=0,changeCycle=1,myNode=1a800e0a...,timecost=0
info|2024-04-24 22:00:56.622454|[g:1][CONSENSUS][PBFT]checkAndChangeView: Reach consensus,org_view=168,cur_changeCycle=1,curView=168,view=169
info|2024-04-24 22:00:56.871027|[P2P][Service] heartBeat,connected count=3
info|2024-04-24 22:00:57.624195|[g:1][CONSENSUS][PBFT]Trigger fast-viewchange,view=169,toView=169,minView=170,INFO=,reqNum=0,curNum=0,GenIdx=3,Cview=170,view=169,fromIdx=3,fromNode=d3d529ed...,fromIp=127.0.0.1:30301,hash=c86e9802...,nodeIdx=0,myNode=1a800e0a...
info|2024-04-24 22:00:57.624460|[g:1][CONSENSUS][PBFT]checkAndChangeView: Reach consensus,org_view=169,cur_changeCycle=2,curView=169,view=170
info|2024-04-24 22:00:57.624485|[g:1][CONSENSUS][PBFT]checkTimeout Succ,view=170,toView=170,nodeIdx=0,changeCycle=2,myNode=1a800e0a...,timecost=0
info|2024-04-24 22:00:58.624881|[g:1][CONSENSUS]addRawPrepare,height=1,reqIdx=2,hash=e1468571...,time=0
info|2024-04-24 22:00:58.625145|[g:1][CONSENSUS][PBFT]checkTimeout Succ,view=170,toView=171,nodeIdx=0,changeCycle=1,myNode=1a800e0a...,timecost=1
info|2024-04-24 22:00:58.625985|[g:1][CONSENSUS][PBFT]checkAndChangeView: Reach consensus,org_view=170,cur_changeCycle=1,curView=170,view=171
info|2024-04-24 22:00:59.629256|[g:1][CONSENSUS]addRawPrepare,height=1,reqIdx=3,hash=3c0b5940...,time=0
info|2024-04-24 22:00:59.629964|[g:1][CONSENSUS][PBFT]checkTimeout Succ,view=171,toView=172,nodeIdx=0,changeCycle=1,myNode=1a800e0a...,timecost=0
info|2024-04-24 22:00:59.631052|[g:1][CONSENSUS][PBFT]checkAndChangeView: Reach consensus,org_view=171,cur_changeCycle=1,curView=171,view=172
info|2024-04-24 22:01:00.632147|[g:1][CONSENSUS][SEALER]++++++++++++++++ Generating seal on,blkNum=1,tx=0,nodeIdx=0,hash=fb7aec17...
info|2024-04-24 22:01:00.635831|[g:1][CONSENSUS][PBFT]checkTimeout Succ,view=172,toView=173,nodeIdx=0,changeCycle=1,myNode=1a800e0a...,timecost=0
info|2024-04-24 22:01:00.636410|[g:1][CONSENSUS][PBFT]checkAndChangeView: Reach consensus,org_view=172,cur_changeCycle=1,curView=172,view=173
info|2024-04-24 22:01:01.638248|[g:1][CONSENSUS]addRawPrepare,height=1,reqIdx=1,hash=fc7b0770...,time=0
info|2024-04-24 22:01:01.638488|[g:1][CONSENSUS][PBFT]checkTimeout Succ,view=173,toView=174,nodeIdx=0,changeCycle=1,myNode=1a800e0a...,timecost=0
info|2024-04-24 22:01:01.639866|[g:1][CONSENSUS][PBFT]checkAndChangeView: Reach consensus,org_view=173,cur_changeCycle=1,curView=173,view=174
info|2024-04-24 22:01:02.643094|[g:1][CONSENSUS]addRawPrepare,height=1,reqIdx=2,hash=76e7b285...,time=0
info|2024-04-24 22:01:02.643350|[g:1][CONSENSUS][PBFT]checkTimeout Succ,view=174,toView=175,nodeIdx=0,changeCycle=1,myNode=1a800e0a...,timecost=0
info|2024-04-24 22:01:02.643620|[g:1][CONSENSUS][PBFT]checkAndChangeView: Reach consensus,org_view=174,cur_changeCycle=1,curView=174,view=175
info|2024-04-24 22:01:03.645072|[g:1][CONSENSUS]addRawPrepare,height=1,reqIdx=3,hash=46ded532...,time=0
info|2024-04-24 22:01:03.645204|[g:1][CONSENSUS][PBFT]checkTimeout Succ,view=175,toView=176,nodeIdx=0,changeCycle=1,myNode=1a800e0a...,timecost=0
info|2024-04-24 22:01:03.645646|[g:1][CONSENSUS][PBFT]checkAndChangeView: Reach consensus,org_view=175,cur_changeCycle=1,curView=175,view=176
info|2024-04-24 22:01:04.645465|[g:1][CONSENSUS][SEALER]++++++++++++++++ Generating seal on,blkNum=1,tx=0,nodeIdx=0,hash=07c3193f...
info|2024-04-24 22:01:04.646795|[g:1][CONSENSUS][PBFT]checkTimeout Succ,view=176,toView=177,nodeIdx=0,changeCycle=1,myNode=1a800e0a...,timecost=0
info|2024-04-24 22:01:04.646978|[g:1][CONSENSUS][PBFT]checkAndChangeView: Reach consensus,org_view=176,cur_changeCycle=1,curView=176,view=177
info|2024-04-24 22:01:05.648103|[g:1][CONSENSUS]addRawPrepare,height=1,reqIdx=1,hash=70caad86...,time=0
info|2024-04-24 22:01:05.648376|[g:1][CONSENSUS][PBFT]checkTimeout Succ,view=177,toView=178,nodeIdx=0,changeCycle=1,myNode=1a800e0a...,timecost=0
info|2024-04-24 22:01:05.649059|[g:1][CONSENSUS][PBFT]checkAndChangeView: Reach consensus,org_view=177,cur_changeCycle=1,curView=177,view=178
info|2024-04-24 22:01:06.649548|[g:1][CONSENSUS]addRawPrepare,height=1,reqIdx=2,hash=11ca427c...,time=0
info|2024-04-24 22:01:06.649694|[g:1][CONSENSUS][PBFT]checkTimeout Succ,view=178,toView=179,nodeIdx=0,changeCycle=1,myNode=1a800e0a...,timecost=0
info|2024-04-24 22:01:06.650473|[g:1][CONSENSUS][PBFT]checkAndChangeView: Reach consensus,org_view=178,cur_changeCycle=1,curView=178,view=179
info|2024-04-24 22:01:06.871121|[P2P][Service] heartBeat,connected count=3
info|2024-04-24 22:01:07.654085|[g:1][CONSENSUS]addRawPrepare,height=1,reqIdx=3,hash=6537ba12...,time=0
info|2024-04-24 22:01:07.654190|[g:1][CONSENSUS][PBFT]checkTimeout Succ,view=179,toView=180,nodeIdx=0,changeCycle=1,myNode=1a800e0a...,timecost=0
info|2024-04-24 22:01:07.655730|[g:1][CONSENSUS][PBFT]checkAndChangeView: Reach consensus,org_view=179,cur_changeCycle=1,curView=179,view=180
info|2024-04-24 22:01:08.656730|[g:1][CONSENSUS][SEALER]++++++++++++++++ Generating seal on,blkNum=1,tx=0,nodeIdx=0,hash=a7ff15c5...
info|2024-04-24 22:01:08.657209|[g:1][CONSENSUS][PBFT]checkTimeout Succ,view=180,toView=181,nodeIdx=0,changeCycle=1,myNode=1a800e0a...,timecost=0
info|2024-04-24 22:01:08.659208|[g:1][CONSENSUS][PBFT]checkAndChangeView: Reach consensus,org_view=180,cur_changeCycle=1,curView=180,view=181
info|2024-04-24 22:01:09.661485|[g:1][CONSENSUS]addRawPrepare,height=1,reqIdx=1,hash=ac23e2dc...,time=0
info|2024-04-24 22:01:09.661796|[g:1][CONSENSUS][PBFT]checkTimeout Succ,view=181,toView=182,nodeIdx=0,changeCycle=1,myNode=1a800e0a...,timecost=0
info|2024-04-24 22:01:09.662915|[g:1][CONSENSUS][PBFT]checkAndChangeView: Reach consensus,org_view=181,cur_changeCycle=1,curView=181,view=182
info|2024-04-24 22:01:10.662523|[g:1][CONSENSUS]addRawPrepare,height=1,reqIdx=2,hash=fdbe720c...,time=0
info|2024-04-24 22:01:10.662637|[g:1][CONSENSUS][PBFT]checkTimeout Succ,view=182,toView=183,nodeIdx=0,changeCycle=1,myNode=1a800e0a...,timecost=0
info|2024-04-24 22:01:10.663995|[g:1][CONSENSUS][PBFT]checkAndChangeView: Reach consensus,org_view=182,cur_changeCycle=1,curView=182,view=183
info|2024-04-24 22:01:11.665539|[g:1][CONSENSUS]addRawPrepare,height=1,reqIdx=3,hash=63982c74...,time=0
info|2024-04-24 22:01:11.665827|[g:1][CONSENSUS][PBFT]checkTimeout Succ,view=183,toView=184,nodeIdx=0,changeCycle=1,myNode=1a800e0a...,timecost=0
info|2024-04-24 22:01:11.667733|[g:1][CONSENSUS][PBFT]checkAndChangeView: Reach consensus,org_view=183,cur_changeCycle=1,curView=183,view=184
info|2024-04-24 22:01:12.668132|[g:1][CONSENSUS][SEALER]++++++++++++++++ Generating seal on,blkNum=1,tx=0,nodeIdx=0,hash=da09dffc...
info|2024-04-24 22:01:12.669884|[g:1][CONSENSUS][PBFT]checkTimeout Succ,view=184,toView=185,nodeIdx=0,changeCycle=1,myNode=1a800e0a...,timecost=0
info|2024-04-24 22:01:12.670011|[g:1][CONSENSUS][PBFT]checkAndChangeView: Reach consensus,org_view=184,cur_changeCycle=1,curView=184,view=185
info|2024-04-24 22:01:13.671369|[g:1][CONSENSUS]addRawPrepare,height=1,reqIdx=1,hash=669908e2...,time=0
info|2024-04-24 22:01:13.671688|[g:1][CONSENSUS][PBFT]checkTimeout Succ,view=185,toView=186,nodeIdx=0,changeCycle=1,myNode=1a800e0a...,timecost=0
info|2024-04-24 22:01:13.672924|[g:1][CONSENSUS][PBFT]checkAndChangeView: Reach consensus,org_view=185,cur_changeCycle=1,curView=185,view=186
info|2024-04-24 22:01:14.674354|[g:1][CONSENSUS]addRawPrepare,height=1,reqIdx=2,hash=e26737e1...,time=0
info|2024-04-24 22:01:14.674656|[g:1][CONSENSUS][PBFT]checkTimeout Succ,view=186,toView=187,nodeIdx=0,changeCycle=1,myNode=1a800e0a...,timecost=0
info|2024-04-24 22:01:14.676018|[g:1][CONSENSUS][PBFT]checkAndChangeView: Reach consensus,org_view=186,cur_changeCycle=1,curView=186,view=187
info|2024-04-24 22:01:15.675808|[g:1][CONSENSUS]addRawPrepare,height=1,reqIdx=3,hash=4af7e78f...,time=0
info|2024-04-24 22:01:15.675924|[g:1][CONSENSUS][PBFT]checkTimeout Succ,view=187,toView=188,nodeIdx=0,changeCycle=1,myNode=1a800e0a...,timecost=0
info|2024-04-24 22:01:15.676817|[g:1][CONSENSUS][PBFT]checkAndChangeView: Reach consensus,org_view=187,cur_changeCycle=1,curView=187,view=188
info|2024-04-24 22:01:16.677857|[g:1][CONSENSUS][SEALER]++++++++++++++++ Generating seal on,blkNum=1,tx=0,nodeIdx=0,hash=da2cd532...
info|2024-04-24 22:01:16.678257|[g:1][CONSENSUS][PBFT]checkTimeout Succ,view=188,toView=189,nodeIdx=0,changeCycle=1,myNode=1a800e0a...,timecost=0
info|2024-04-24 22:01:16.680951|[g:1][CONSENSUS][PBFT]checkAndChangeView: Reach consensus,org_view=188,cur_changeCycle=1,curView=188,view=189
info|2024-04-24 22:01:16.871200|[P2P][Service] heartBeat,connected count=3
info|2024-04-24 22:01:17.682796|[g:1][CONSENSUS][PBFT]Trigger fast-viewchange,view=189,toView=189,minView=190,INFO=,reqNum=0,curNum=0,GenIdx=3,Cview=190,view=189,fromIdx=3,fromNode=d3d529ed...,fromIp=127.0.0.1:30301,hash=c86e9802...,nodeIdx=0,myNode=1a800e0a...
info|2024-04-24 22:01:17.682893|[g:1][CONSENSUS][PBFT]checkAndChangeView: Reach consensus,org_view=189,cur_changeCycle=2,curView=189,view=190
info|2024-04-24 22:01:17.682903|[g:1][CONSENSUS][PBFT]checkTimeout Succ,view=190,toView=190,nodeIdx=0,changeCycle=2,myNode=1a800e0a...,timecost=0
info|2024-04-24 22:01:18.683654|[g:1][CONSENSUS]addRawPrepare,height=1,reqIdx=2,hash=31bc5ef0...,time=0
info|2024-04-24 22:01:18.683919|[g:1][CONSENSUS][PBFT]checkTimeout Succ,view=190,toView=191,nodeIdx=0,changeCycle=1,myNode=1a800e0a...,timecost=0
info|2024-04-24 22:01:18.685048|[g:1][CONSENSUS][PBFT]checkAndChangeView: Reach consensus,org_view=190,cur_changeCycle=1,curView=190,view=191
info|2024-04-24 22:01:19.686090|[g:1][CONSENSUS]addRawPrepare,height=1,reqIdx=3,hash=ffa1794e...,time=0
info|2024-04-24 22:01:19.686254|[g:1][CONSENSUS][PBFT]checkTimeout Succ,view=191,toView=192,nodeIdx=0,changeCycle=1,myNode=1a800e0a...,timecost=0
info|2024-04-24 22:01:19.687822|[g:1][CONSENSUS][PBFT]checkAndChangeView: Reach consensus,org_view=191,cur_changeCycle=1,curView=191,view=192
info|2024-04-24 22:01:20.688337|[g:1][CONSENSUS][SEALER]++++++++++++++++ Generating seal on,blkNum=1,tx=0,nodeIdx=0,hash=ea15162b...
info|2024-04-24 22:01:20.688737|[g:1][CONSENSUS][PBFT]checkTimeout Succ,view=192,toView=193,nodeIdx=0,changeCycle=1,myNode=1a800e0a...,timecost=0
info|2024-04-24 22:01:20.691362|[g:1][CONSENSUS][PBFT]checkAndChangeView: Reach consensus,org_view=192,cur_changeCycle=1,curView=192,view=193
info|2024-04-24 22:01:21.692004|[g:1][CONSENSUS]addRawPrepare,height=1,reqIdx=1,hash=df05d674...,time=0
info|2024-04-24 22:01:21.692156|[g:1][CONSENSUS][PBFT]checkTimeout Succ,view=193,toView=194,nodeIdx=0,changeCycle=1,myNode=1a800e0a...,timecost=0
info|2024-04-24 22:01:21.693499|[g:1][CONSENSUS][PBFT]checkAndChangeView: Reach consensus,org_view=193,cur_changeCycle=1,curView=193,view=194
info|2024-04-24 22:01:22.697257|[g:1][CONSENSUS]addRawPrepare,height=1,reqIdx=2,hash=a2b3749a...,time=0
info|2024-04-24 22:01:22.697471|[g:1][CONSENSUS][PBFT]checkTimeout Succ,view=194,toView=195,nodeIdx=0,changeCycle=1,myNode=1a800e0a...,timecost=0
info|2024-04-24 22:01:22.698292|[g:1][CONSENSUS][PBFT]checkAndChangeView: Reach consensus,org_view=194,cur_changeCycle=1,curView=194,view=195
info|2024-04-24 22:01:23.698819|[g:1][CONSENSUS]addRawPrepare,height=1,reqIdx=3,hash=51c00d13...,time=0
info|2024-04-24 22:01:23.698938|[g:1][CONSENSUS][PBFT]checkTimeout Succ,view=195,toView=196,nodeIdx=0,changeCycle=1,myNode=1a800e0a...,timecost=0
info|2024-04-24 22:01:23.700329|[g:1][CONSENSUS][PBFT]checkAndChangeView: Reach consensus,org_view=195,cur_changeCycle=1,curView=195,view=196
info|2024-04-24 22:01:24.700296|[g:1][CONSENSUS][SEALER]++++++++++++++++ Generating seal on,blkNum=1,tx=0,nodeIdx=0,hash=b8f25695...
info|2024-04-24 22:01:24.701033|[g:1][CONSENSUS][PBFT]checkTimeout Succ,view=196,toView=197,nodeIdx=0,changeCycle=1,myNode=1a800e0a...,timecost=1
info|2024-04-24 22:01:24.703739|[g:1][CONSENSUS][PBFT]checkAndChangeView: Reach consensus,org_view=196,cur_changeCycle=1,curView=196,view=197
info|2024-04-24 22:01:25.704957|[g:1][CONSENSUS]addRawPrepare,height=1,reqIdx=1,hash=95203bac...,time=0
info|2024-04-24 22:01:25.705164|[g:1][CONSENSUS][PBFT]checkTimeout Succ,view=197,toView=198,nodeIdx=0,changeCycle=1,myNode=1a800e0a...,timecost=1
info|2024-04-24 22:01:25.706356|[g:1][CONSENSUS][PBFT]checkAndChangeView: Reach consensus,org_view=197,cur_changeCycle=1,curView=197,view=198
info|2024-04-24 22:01:26.708865|[g:1][CONSENSUS]addRawPrepare,height=1,reqIdx=2,hash=89141d9f...,time=0
info|2024-04-24 22:01:26.708968|[g:1][CONSENSUS][PBFT]checkTimeout Succ,view=198,toView=199,nodeIdx=0,changeCycle=1,myNode=1a800e0a...,timecost=0
info|2024-04-24 22:01:26.710731|[g:1][CONSENSUS][PBFT]checkAndChangeView: Reach consensus,org_view=198,cur_changeCycle=1,curView=198,view=199
info|2024-04-24 22:01:26.871254|[P2P][Service] heartBeat,connected count=3
info|2024-04-24 22:01:27.713439|[g:1][CONSENSUS]addRawPrepare,height=1,reqIdx=3,hash=20c012b5...,time=0
info|2024-04-24 22:01:27.713631|[g:1][CONSENSUS][PBFT]checkTimeout Succ,view=199,toView=200,nodeIdx=0,changeCycle=1,myNode=1a800e0a...,timecost=0
info|2024-04-24 22:01:27.715452|[g:1][CONSENSUS][PBFT]checkAndChangeView: Reach consensus,org_view=199,cur_changeCycle=1,curView=199,view=200
info|2024-04-24 22:01:28.715603|[g:1][CONSENSUS][SEALER]++++++++++++++++ Generating seal on,blkNum=1,tx=0,nodeIdx=0,hash=b9d34848...
info|2024-04-24 22:01:28.716128|[g:1][CONSENSUS][PBFT]checkTimeout Succ,view=200,toView=201,nodeIdx=0,changeCycle=1,myNode=1a800e0a...,timecost=1
info|2024-04-24 22:01:28.718726|[g:1][CONSENSUS][PBFT]checkAndChangeView: Reach consensus,org_view=200,cur_changeCycle=1,curView=200,view=201
info|2024-04-24 22:01:28.897053|[LEDGER]stop sealer,groupID=1
info|2024-04-24 22:01:28.897226|[CONSENSUS][SEALER]Stop sealer module...
info|2024-04-24 22:01:28.900419|[CONSENSUS][ConsensusEngine][Stop ConsensusEngineBase]
info|2024-04-24 22:01:28.904546|[CONSENSUS][ConsensusEngine]ConsensusEngineBase stopped
info|2024-04-24 22:01:28.904555|[LEDGER]sealer stopped. stop sync,groupID=1
info|2024-04-24 22:01:28.905010|[g:1] [SYNC][id:1a800e0a...]SyncMsgEngine stopped
info|2024-04-24 22:01:29.078521|[GossipBlockStatus]stop GossipBlockStatus succ
info|2024-04-24 22:01:30.120799|[SYNC][id:1a800e0a...][g:1]SyncMaster stopped
info|2024-04-24 22:01:30.120847|[LEDGER]sync stopped. stop event filter manager,groupID=1
info|2024-04-24 22:01:30.186440|[EVENT][EventLogFilterManager]stop
info|2024-04-24 22:01:30.186459|[LEDGER]event filter manager stopped. stop tx pool,groupID=1
info|2024-04-24 22:01:30.186686|[LEDGER]removeNetworkStatHandlerByGroupID and removeGroupBandwidthLimiter for service,groupID=1
info|2024-04-24 22:01:30.186700|[CHANNEL]removeSDKAllowListByGroupId,groupId=1
info|2024-04-24 22:01:30.186702|[INITIALIZER]ledgerInitializer stopped
info|2024-04-24 22:01:31.187125|[INITIALIZER]ChannelRPCHttpServer deleted.
warning|2024-04-24 22:01:31.188246|[NETWORK][Session]doRead error,endpoint=127.0.0.1:30301,message=short read
info|2024-04-24 22:01:31.188263|[NETWORK][Session]drop, call and erase all callbackFunc in this session!,endpoint=127.0.0.1:30301
warning|2024-04-24 22:01:31.188275|[NETWORK][Session][drop] closing remote 127.0.0.1:30301,reason=Low-level TCP communication error.,endpoint=127.0.0.1:30301
error|2024-04-24 22:01:31.188304|[NETWORK][Session]Session inactived
error|2024-04-24 22:01:31.188306|[NETWORK][Session]Session inactived
warning|2024-04-24 22:01:31.188308|[NETWORK][Session][drop] shutdown failed ,errorValue=9,message=Bad file descriptor
warning|2024-04-24 22:01:31.188642|[P2P][Service] disconnect error P2PSession,nodeID=d3d529ed...,endpoint=127.0.0.1:30301,errorCode=3,what=Disconnect
warning|2024-04-24 22:01:31.188657|[P2P][Service] onDisconnect,errorCode=3,what=Dynamic exception type: dev::network::NetworkException
std::exception::what: Disconnect

info|2024-04-24 22:01:31.189244|[INITIALIZER]JsonrpcHttpServer deleted.
info|2024-04-24 22:01:31.189252|[INITIALIZER]RPCInitializer stopped
info|2024-04-24 22:01:31.189287|[NETWORK][Host]Host exit
info|2024-04-24 22:01:31.189738|[INITIALIZER]P2PInitializer stopped
info|2024-04-24 22:01:31.189747|[LEDGER]stop sealer,groupID=1
info|2024-04-24 22:01:31.189750|[LEDGER]sealer stopped. stop sync,groupID=1
info|2024-04-24 22:01:31.189752|[g:1] [SYNC][id:1a800e0a...]SyncMsgEngine stopped
info|2024-04-24 22:01:31.189755|[GossipBlockStatus]GossipBlockStatus already stopped
info|2024-04-24 22:01:31.189756|[SYNC][id:1a800e0a...][g:1]SyncMaster stopped
info|2024-04-24 22:01:31.189757|[LEDGER]sync stopped. stop event filter manager,groupID=1
info|2024-04-24 22:01:31.189758|[LEDGER]event filter manager stopped. stop tx pool,groupID=1
info|2024-04-24 22:01:31.189760|[LEDGER]removeNetworkStatHandlerByGroupID and removeGroupBandwidthLimiter for service,groupID=1
info|2024-04-24 22:01:31.189763|[g:1][STORAGE][CachedStorage]Stopping flushStorage thread
info|2024-04-24 22:01:31.983492|[g:1][STORAGE][CachedStorage]flushStorage thread stopped.
info|2024-04-24 22:01:31.983520|[DBINITIALIZER] storage stopped
info|2024-04-24 22:01:31.984133|[g:1] [SYNC][id:1a800e0a...]SyncMsgEngine stopped
info|2024-04-24 22:01:31.984160|[GossipBlockStatus]GossipBlockStatus already stopped
info|2024-04-24 22:01:31.984162|[SYNC][id:1a800e0a...][g:1]SyncMaster stopped
info|2024-04-24 22:01:31.984181|[g:1] [SYNC][id:1a800e0a...]SyncMsgEngine stopped
