info|2024-04-24 21:58:06.859542|[INITIALIZER][initGlobalConfig],enableCompress=true,compatibilityVersion=2.9.1,versionNumber=34144512,enableStat=false,chainId=1,useSMCrypto=false
info|2024-04-24 21:58:06.859563|[INITIALIZER][SecureInitializer]loading privateKey
info|2024-04-24 21:58:06.863922|[INITIALIZER][SecureInitializer]get pub of node,nodeID=d3d529edec65f73fcb60adf38f87baa5b86c2f3567710ad8d06d6cea691a9a2e02f865664186d62b768225da8a64445bf370cedc7dd554558c1cdc139a2a5d11
info|2024-04-24 21:58:06.863973|[INITIALIZER][SecureInitializer]use user certificate,file=conf//node.crt
info|2024-04-24 21:58:06.864050|[INITIALIZER][SecureInitializer]use ca certificate,file=conf//ca.crt
info|2024-04-24 21:58:06.864074|[INITIALIZER][SecureInitializer]use ca,file=conf//
info|2024-04-24 21:58:06.864087|[INITIALIZER][SecureInitializer][initChannelCertConfig]enable rsa cert for channel ,conf//channel_cert/ certs will be used for channel ssl,dataPath=conf/
info|2024-04-24 21:58:06.864348|[NETWORK][Host]Connecting to node,endpoint=127.0.0.1:30300
info|2024-04-24 21:58:06.864363|[NETWORK][Host]P2P StartAccept,Host=0.0.0.0:30301
info|2024-04-24 21:58:06.864429|[NETWORK][Host]Connecting to node,endpoint=127.0.0.1:30301
info|2024-04-24 21:58:06.864479|[NETWORK][Host]Connecting to node,endpoint=127.0.0.1:30302
info|2024-04-24 21:58:06.864504|[NETWORK][Host]Connecting to node,endpoint=127.0.0.1:30303
info|2024-04-24 21:58:06.864523|[P2P][Service] heartBeat,connected count=0
info|2024-04-24 21:58:06.864531|[INITIALIZER][RPCInitializer],network_security.check_cert_issuer=true
info|2024-04-24 21:58:06.864528|[NETWORK][ASIO]asyncResolveConnect,endpoint=127.0.0.1:30300
info|2024-04-24 21:58:06.864725|[NETWORK][ASIO]asyncResolveConnect,endpoint=127.0.0.1:30301
info|2024-04-24 21:58:06.864749|[NETWORK][ASIO]asyncResolveConnect,endpoint=127.0.0.1:30302
info|2024-04-24 21:58:06.864760|[NETWORK][ASIO]asyncResolveConnect,endpoint=127.0.0.1:30303
info|2024-04-24 21:58:06.864767|[NETWORK][Host]P2P Recv Connect, From=127.0.0.1:40292
info|2024-04-24 21:58:06.864784|[NETWORK][Host]P2P StartAccept,Host=0.0.0.0:30301
info|2024-04-24 21:58:06.865125|[NETWORK][Host]P2P Recv Connect, From=127.0.0.1:40302
info|2024-04-24 21:58:06.865146|[NETWORK][Host]P2P StartAccept,Host=0.0.0.0:30301
error|2024-04-24 21:58:06.865201|[NETWORK][Host]TCP Connection refused by node,endpoint=127.0.0.1:30303,message=Connection refused
warning|2024-04-24 21:58:06.865275|[P2P][Service] onConnect,errorCode=5,nodeID=00000000...,nodeName=,endpoint=unknown,what=Connect failed
info|2024-04-24 21:58:06.865449|[CHANNEL][ChannelServer::run],threadPoolSize=8
info|2024-04-24 21:58:06.865521|[NETWORK][Host]P2P Recv Connect, From=127.0.0.1:40316
info|2024-04-24 21:58:06.865531|[NETWORK][Host]P2P StartAccept,Host=0.0.0.0:30301
info|2024-04-24 21:58:06.865549|[CHANNEL]ChannelRPCServer started
info|2024-04-24 21:58:06.865555|[INITIALIZER][RPCInitializer: ChannelRPCHttpServer started.],disableDynamicGroup=false,threadSize=8
info|2024-04-24 21:58:06.865558|[INITIALIZER][LedgerInitializer]initConfig
info|2024-04-24 21:58:06.865563|[LedgerInitializer],groupConfigPath=conf/
info|2024-04-24 21:58:06.865643|[INITIALIZER][initSingleLedger] [GroupId], LedgerConstructor:  1,configFileName=conf/group.1.genesis,dataDir=data/
error|2024-04-24 21:58:06.865677|[NETWORK][Host]Get ca basic failed
info|2024-04-24 21:58:06.865681|[g:1][LedgerParam][parseGenesisConfig]initConsensusConfig/initStorageConfig/initTxConfig,configFile=conf/group.1.genesis
info|2024-04-24 21:58:06.865688|[g:1][LedgerParam][initConsensusConfig],type=pbft,consensusTimeout=3,maxTxNum=1000,txGasLimit=300000000
info|2024-04-24 21:58:06.865696|[g:1][LedgerParam][parsePublicKeyListOfSection],sectionName=consensus,it.first=3043d2e0f8655011e86615e90d2125589c244d1977eb6b1e654008500fa33d769fb1eed3bd506bd248f8797cf2365ed30efbfa4ec7ff9558a1748bc084e945da
info|2024-04-24 21:58:06.865702|[g:1][LedgerParam][parsePublicKeyListOfSection],sectionName=consensus,it.first=d3d529edec65f73fcb60adf38f87baa5b86c2f3567710ad8d06d6cea691a9a2e02f865664186d62b768225da8a64445bf370cedc7dd554558c1cdc139a2a5d11
info|2024-04-24 21:58:06.865708|[g:1][LedgerParam][parsePublicKeyListOfSection],sectionName=consensus,it.first=761effe7006862ab59427488447db326492dfe27bd76c44179cf6fac4fada828e1989a713adf158801857048053b4c2db3ed7c5620af18e85f6bce358ab8ef4b
info|2024-04-24 21:58:06.865714|[g:1][LedgerParam][parsePublicKeyListOfSection],sectionName=consensus,it.first=1a800e0a53072da5333daac5e17b8873f4f201d3c454554fb1ec03bb0c5af1961c105e5133497692e3eb5fb4b2e50fa64e269976ac561a324f8c073cdea82b31
info|2024-04-24 21:58:06.865717|[g:1][LedgerParam][parsePublicKeyListOfSection],totalPubKeySize=4
info|2024-04-24 21:58:06.865725|[g:1][LedgerParam][max_block_range],maxBlockRange=0,maxBlockPerProcess=3
info|2024-04-24 21:58:06.865729|[g:1][LedgerParam][parseGenesisConfig],timestamp=1713967030000
info|2024-04-24 21:58:06.865735|[g:1][LedgerParam]setEVMFlags,enableFreeStorageVMSchedule=false,evmFlags=0
info|2024-04-24 21:58:06.865743|[g:1][LedgerParam]store evmFlag,evmFlag=0
info|2024-04-24 21:58:06.865747|[g:1][LedgerParam]store consensus time,consensusTimeout=3
info|2024-04-24 21:58:06.865749|[g:1][LedgerParam][initMark],genesisMark=1-1a800e0a53072da5333daac5e17b8873f4f201d3c454554fb1ec03bb0c5af1961c105e5133497692e3eb5fb4b2e50fa64e269976ac561a324f8c073cdea82b31,3043d2e0f8655011e86615e90d2125589c244d1977eb6b1e654008500fa33d769fb1eed3bd506bd248f8797cf2365ed30efbfa4ec7ff9558a1748bc084e945da,761effe7006862ab59427488447db326492dfe27bd76c44179cf6fac4fada828e1989a713adf158801857048053b4c2db3ed7c5620af18e85f6bce358ab8ef4b,d3d529edec65f73fcb60adf38f87baa5b86c2f3567710ad8d06d6cea691a9a2e02f865664186d62b768225da8a64445bf370cedc7dd554558c1cdc139a2a5d11,-pbft-storage-0-1000-300000000-3
info|2024-04-24 21:58:06.865752|[g:1][LedgerParam][initIniConfig]initTxPoolConfig/initSyncConfig/initTxExecuteConfig,configFile=conf/group.1.ini
info|2024-04-24 21:58:06.865820|[g:1][LedgerParam][initStorageConfig],stateType=storage,storageDB=rocksdb,storagePath=data//group1/block/RocksDB,baseDir=data//group1,dbtype=mysql,dbip=127.0.0.1,dbport=3306,dbcharset=utf8mb4,initconnections=15,maxconnections=50,scrollThreshold=2000
info|2024-04-24 21:58:06.865831|[g:1][LedgerParam][initTxPoolConfig],txPoolLimit=150000,memorySizeLimit(MB)=512,notifyWorkerNum=2,txsExpirationTime(ms)=600000
info|2024-04-24 21:58:06.865835|[g:1][LedgerParam][initSyncConfig],idleWaitMs=200
info|2024-04-24 21:58:06.865840|[g:1][LedgerParam][initSyncConfig],enableSendTxsByTree=true,enableSendBlockStatusByTree=true
info|2024-04-24 21:58:06.865844|[g:1][LedgerParam][initSyncConfig],gossipInterval=1000
info|2024-04-24 21:58:06.865850|[g:1][LedgerParam][initSyncConfig],enableSendBlockStatusByTree=true,gossipInterval=1000,gossipPeers=3,syncTreeWidth=3,maxQueueSizeForBlockSync=536870912,txsStatusGossipMaxPeers=5
info|2024-04-24 21:58:06.865854|[g:1][LedgerParam][InitTxExecuteConfig],enableParallel=true
info|2024-04-24 21:58:06.865864|[g:1][LedgerParam][initConsensusIniConfig],maxTTL=2,minBlockGenerationTime=500,enablDynamicBlockSize=true,blockSizeIncreaseRatio=0.5,enableTTLOptimize=true,enablePrepareWithTxsHash=true
info|2024-04-24 21:58:06.865878|[g:1][LedgerParam][initRPBFTConsensusIniConfig],broadcastPrepareByTree=true,prepareStatusBroadcastPercent=33,maxRequestMissedTxsWaitTime=100,maxRequestPrepareWaitTime=100
info|2024-04-24 21:58:06.865883|[g:1][LedgerParam][initFlowControlConfig],maxQPS=9223372036854775807,outGoingBandwidth(Bytes)=9223372036854775807
info|2024-04-24 21:58:06.865887|[g:1][LedgerParam]parseSDKAllowList,sdkAllowList=[],enableSDKAllowListControl=false
info|2024-04-24 21:58:06.865895|[g:1][LEDGER][initLedger][DBInitializer]
info|2024-04-24 21:58:06.865898|[g:1][LEDGER]setSDKAllowList,groupId=1,sdkAllowListSize=0
info|2024-04-24 21:58:06.865900|[g:1][CHANNEL]registerSDKAllowListByGroupId,groupId=1,size=0
info|2024-04-24 21:58:06.865902|[g:1][CHANNEL]Disable group-level sdk permission control for sdk allowlist is empty
info|2024-04-24 21:58:06.865905|[g:1][DBINITIALIZER] [initStorageDB]
info|2024-04-24 21:58:06.865910|[g:1][DBINITIALIZER] [initRocksDBStorage]
info|2024-04-24 21:58:06.866264|[g:1][ROCKSDB]open rocksDB handler,path=data//group1/block/RocksDB
error|2024-04-24 21:58:06.867232|[NETWORK][Host]Get ca basic failed
error|2024-04-24 21:58:06.868592|[NETWORK][Host]Get ca basic failed
info|2024-04-24 21:58:06.869525|[NETWORK][Host]P2P Recv Connect, From=127.0.0.1:40320
info|2024-04-24 21:58:06.869542|[NETWORK][Host]P2P StartAccept,Host=0.0.0.0:30301
error|2024-04-24 21:58:06.869611|[NETWORK][Host]Get ca basic failed
info|2024-04-24 21:58:06.870536|[NETWORK][Host]handshakeServer succ,remote endpoint=127.0.0.1:40292
info|2024-04-24 21:58:06.870560|[NETWORK][Host]startPeerSession, Remote=127.0.0.1:40292,local endpoint=127.0.0.1:30301,nodeID=761effe7...
info|2024-04-24 21:58:06.870708|[P2P][Service] Connection established,nodeID=761effe7...,endpoint=127.0.0.1:40292
info|2024-04-24 21:58:06.870802|[NETWORK][Host]handshakeServer succ,remote endpoint=127.0.0.1:40302
info|2024-04-24 21:58:06.870814|[NETWORK][Host]startPeerSession, Remote=127.0.0.1:40302,local endpoint=127.0.0.1:30301,nodeID=d3d529ed...
error|2024-04-24 21:58:06.871096|[NETWORK][Host]Get ca basic failed
info|2024-04-24 21:58:06.872423|[NETWORK][Host]handshakeClient succ,local endpoint=127.0.0.1:40302
info|2024-04-24 21:58:06.872445|[NETWORK][Host]startPeerSession, Remote=127.0.0.1:30301,local endpoint=127.0.0.1:40302,nodeID=d3d529ed...
info|2024-04-24 21:58:06.872467|[NETWORK][Host]handshakeClient succ,local endpoint=127.0.0.1:44876
info|2024-04-24 21:58:06.872533|[NETWORK][Host]startPeerSession, Remote=127.0.0.1:30300,local endpoint=127.0.0.1:44876,nodeID=3043d2e0...
info|2024-04-24 21:58:06.872558|[P2P][Service] Connection established,nodeID=3043d2e0...,endpoint=127.0.0.1:30300
error|2024-04-24 21:58:06.872833|[NETWORK][Host]Get ca basic failed
info|2024-04-24 21:58:06.873781|[NETWORK][Host]handshakeServer succ,remote endpoint=127.0.0.1:40320
info|2024-04-24 21:58:06.873805|[NETWORK][Host]startPeerSession, Remote=127.0.0.1:40320,local endpoint=127.0.0.1:30301,nodeID=1a800e0a...
info|2024-04-24 21:58:06.873823|[P2P][Service] Connection established,nodeID=1a800e0a...,endpoint=127.0.0.1:40320
info|2024-04-24 21:58:06.873832|[NETWORK][Host]handshakeClient succ,local endpoint=127.0.0.1:56526
info|2024-04-24 21:58:06.873844|[NETWORK][Host]startPeerSession, Remote=127.0.0.1:30302,local endpoint=127.0.0.1:56526,nodeID=761effe7...
error|2024-04-24 21:58:06.874110|[NETWORK][Host]Get ca basic failed
info|2024-04-24 21:58:06.875066|[NETWORK][Host]handshakeServer succ,remote endpoint=127.0.0.1:40316
info|2024-04-24 21:58:06.875087|[NETWORK][Host]startPeerSession, Remote=127.0.0.1:40316,local endpoint=127.0.0.1:30301,nodeID=3043d2e0...
info|2024-04-24 21:58:06.952556|[g:1][g:1][STORAGE][CachedStorage]Init flushStorage thread
info|2024-04-24 21:58:06.952618|[g:1][DBINITIALIZER] [init CachedStorage],maxCapacity=32,maxForwardBlock=10
info|2024-04-24 21:58:06.952621|[g:1][LEDGER][initLedger][initBlockChain]
info|2024-04-24 21:58:06.952661|[g:1][LEDGER]set enableHexBlock to be false,version=34144512
info|2024-04-24 21:58:06.952665|[g:1][BLOCKCHAIN][#checkAndBuildGenesisBlock],shouldBuild=true
warning|2024-04-24 21:58:06.952684|[g:1][BLOCKCHAIN][getBlock]Can't find block,number=0
info|2024-04-24 21:58:06.952714|[g:1][BLOCKCHAIN]init consensus timeout,consensus_timeout=3
info|2024-04-24 21:58:06.952865|[g:1][g:1][STORAGE][CachedStorage]commit: 5 num: 0
info|2024-04-24 21:58:06.952905|[g:1][g:1][STORAGE][CachedStorage]Submited block task: 0, current syncd block: 0
info|2024-04-24 21:58:06.952912|[g:1][BLOCKCHAIN][#checkAndBuildGenesisBlock]Insert the 0th block
info|2024-04-24 21:58:06.952918|[g:1][LEDGER][initLedger]initBlockChain SUCC
info|2024-04-24 21:58:06.952951|[g:1][DBINITIALIZER] [createStateFactory],type=storage
info|2024-04-24 21:58:06.952953|[g:1][DBINITIALIZER] createStorageState SUCC
info|2024-04-24 21:58:06.952953|[g:1][DBINITIALIZER] [createStateFactory SUCC]
info|2024-04-24 21:58:06.952954|[g:1][DBINITIALIZER] createExecutiveContext...
info|2024-04-24 21:58:06.952959|[g:1][LEDGER]createGasMetric,vmFlagType=0
info|2024-04-24 21:58:06.952960|[g:1][LEDGER]createGasMetric
info|2024-04-24 21:58:06.952963|[g:1][DBINITIALIZER] create precompiledGasFactory and precompiledResultFactory
info|2024-04-24 21:58:06.952964|[g:1][DBINITIALIZER] createExecutiveContext SUCC
info|2024-04-24 21:58:06.952965|[g:1][DBINITIALIZER] [setSyncNumForCachedStorage],syncNum=0
info|2024-04-24 21:58:06.952966|[g:1][LEDGER][initNetworkBandWidthLimiter: outGoingBandwidthLimit has been disabled],groupId=1
info|2024-04-24 21:58:06.952968|[g:1][LEDGER][QPSLimit has been disabled],groupId=1
info|2024-04-24 21:58:06.952969|[g:1][LEDGER][initLedger][initBlockVerifier]
info|2024-04-24 21:58:06.952970|[g:1][LEDGER][initLedger][initBlockVerifier SUCC],evmFlags=0
info|2024-04-24 21:58:06.952971|[g:1][LEDGER][initLedger][initTxPool],txPoolLimit=150000
info|2024-04-24 21:58:06.953033|[g:1][LEDGER][initLedger]initTxPool SUCC
info|2024-04-24 21:58:06.953034|[g:1][LEDGER][initLedger][initSync],idleWaitMs=200,gossipInterval=1000,gossipPeers=3
info|2024-04-24 21:58:06.953036|[g:1][LEDGER]Init sync master,enableSendBlockStatusByTree=true,enableSendTxsByTree=true
info|2024-04-24 21:58:06.953176|[g:1][LEDGER][initLedger]initSync SUCC
info|2024-04-24 21:58:06.953177|[g:1][LEDGER][initLedger][consensusInitFactory]
info|2024-04-24 21:58:06.953178|[g:1][LEDGER][initLedger][createPBFTSealer]
info|2024-04-24 21:58:06.953179|[g:1][LEDGER][initLedger][createPBFTSealer],baseDir=data//group1,Protocol=65544
info|2024-04-24 21:58:06.953191|[g:1][LEDGER][initLedger]createPBFTSealer for PBFT or rPBFT,consensusType=pbft
info|2024-04-24 21:58:06.953193|[g:1][LEDGER]createConsensusEngine: create PBFTEngine
info|2024-04-24 21:58:06.953195|[g:1][CONSENSUS][PBFT]Register handler for PBFTEngine
info|2024-04-24 21:58:06.953280|[g:1][CONSENSUS][PBFT]setMinBlockGenerationTime,minBlockGenerationTime=500,consensusTime=1000
info|2024-04-24 21:58:06.953282|[g:1][LEDGER][initEventLogFilterManager]initEventLogFilterManager SUCC
info|2024-04-24 21:58:06.953283|[LedgerInitializer init group succ],groupID=1
info|2024-04-24 21:58:06.953344|[SafeHttpServer::StartListening]use default epoll
info|2024-04-24 21:58:06.953432|[INITIALIZER][RPCInitializer JsonrpcHttpServer started],jsonrpc_IP=127.0.0.1,jsonrpc_listen_port=8546,jsonrpc_thread_count=8,ipv6=false,disableDynamicGroup=false
info|2024-04-24 21:58:06.953435|[g:1][LEDGER]startAll...
info|2024-04-24 21:58:06.955056|[g:1][NodeTimeMaintenance]updateTimeInfo: update median time offset,updatedMedianTimeOffset=-6,peer=761effe7...,peerTime=1713967086949,peerOffset=-6,utcTime=1713967086955
info|2024-04-24 21:58:06.955063|[g:1][NodeTimeMaintenance]updateTimeInfo: update median time offset,updatedMedianTimeOffset=-3,peer=1a800e0a...,peerTime=1713967086954,peerOffset=-1,utcTime=1713967086955
info|2024-04-24 21:58:06.955072|[g:1][g:1][STORAGE][CachedStorage]Start commit block: 0 to backend storage
info|2024-04-24 21:58:06.955189|[g:1][NodeTimeMaintenance]updateTimeInfo: update median time offset,updatedMedianTimeOffset=-1,peer=3043d2e0...,peerTime=1713967086954,peerOffset=-1,utcTime=1713967086955
info|2024-04-24 21:58:06.956123|[g:1][g:1][STORAGE][CachedStorage]
---------------------------------------------------------------------
Commit block: 0 to backend storage finished, current cached block: 0
Flush elapsed time: 0.0011s
---------------------------------------------------------------------

info|2024-04-24 21:58:06.956243|[g:1][GossipBlockStatus]start GossipBlockStatus succ
info|2024-04-24 21:58:06.956258|[g:1][CONSENSUS][ConsensusEngine][Start ConsensusEngineBase]
info|2024-04-24 21:58:06.956351|[g:1][CONSENSUS][PBFT]^^^^^^^^Report,num=0,sealerIdx=0,hash=c86e9802...,next=1,tx=0,nodeIdx=3
info|2024-04-24 21:58:06.956433|[g:1][ROCKSDB]open rocksDB handler,path=data//group1/pbftMsgBackup/RocksDB
info|2024-04-24 21:58:07.039310|[g:1][CONSENSUS][PBFT][PBFT init env successfully]
info|2024-04-24 21:58:07.039325|[g:1][CONSENSUS][PBFT][Start PBFTEngine...]
info|2024-04-24 21:58:07.039327|[g:1][CONSENSUS][SEALER][Start sealer module]
info|2024-04-24 21:58:07.039398|[g:1][CONSENSUS][PBFT]^^^^^^^^Report,num=0,sealerIdx=0,hash=c86e9802...,next=1,tx=0,nodeIdx=3
info|2024-04-24 21:58:07.039686|[g:1][EVENT][EventLogFilterManager]start,m_maxBlockRange=0,m_maxBlockPerLoopFilter=3
info|2024-04-24 21:58:07.964074|[g:1][CONSENSUS]addRawPrepare,height=1,reqIdx=0,hash=43ba6ddd...,time=0
info|2024-04-24 21:58:07.964217|[g:1][CONSENSUS][PBFT]checkTimeout Succ,view=0,toView=1,nodeIdx=3,changeCycle=1,myNode=d3d529ed...,timecost=0
info|2024-04-24 21:58:07.965433|[g:1][CONSENSUS][PBFT]checkAndChangeView: Reach consensus,org_view=0,cur_changeCycle=1,curView=0,view=1
info|2024-04-24 21:58:08.965430|[g:1][CONSENSUS]addRawPrepare,height=1,reqIdx=1,hash=726186e2...,time=0
info|2024-04-24 21:58:08.965541|[g:1][CONSENSUS][PBFT]checkTimeout Succ,view=1,toView=2,nodeIdx=3,changeCycle=1,myNode=d3d529ed...,timecost=0
info|2024-04-24 21:58:09.006235|[g:1][CONSENSUS][PBFT]checkAndChangeView: Reach consensus,org_view=1,cur_changeCycle=1,curView=1,view=2
info|2024-04-24 21:58:10.009504|[g:1][CONSENSUS]addRawPrepare,height=1,reqIdx=2,hash=bc12a48c...,time=0
info|2024-04-24 21:58:10.009690|[g:1][CONSENSUS][PBFT]checkTimeout Succ,view=2,toView=3,nodeIdx=3,changeCycle=1,myNode=d3d529ed...,timecost=0
info|2024-04-24 21:58:10.010694|[g:1][CONSENSUS][PBFT]checkAndChangeView: Reach consensus,org_view=2,cur_changeCycle=1,curView=2,view=3
info|2024-04-24 21:58:11.011862|[g:1][CONSENSUS][SEALER]++++++++++++++++ Generating seal on,blkNum=1,tx=0,nodeIdx=3,hash=d9be9646...
info|2024-04-24 21:58:11.014303|[g:1][CONSENSUS][PBFT]checkTimeout Succ,view=3,toView=4,nodeIdx=3,changeCycle=1,myNode=d3d529ed...,timecost=0
info|2024-04-24 21:58:11.014479|[g:1][CONSENSUS][PBFT]checkAndChangeView: Reach consensus,org_view=3,cur_changeCycle=1,curView=3,view=4
info|2024-04-24 21:58:12.017008|[g:1][CONSENSUS]addRawPrepare,height=1,reqIdx=0,hash=5aaeef8a...,time=0
info|2024-04-24 21:58:12.017222|[g:1][CONSENSUS][PBFT]checkTimeout Succ,view=4,toView=5,nodeIdx=3,changeCycle=1,myNode=d3d529ed...,timecost=0
info|2024-04-24 21:58:12.017472|[g:1][CONSENSUS][PBFT]checkAndChangeView: Reach consensus,org_view=4,cur_changeCycle=1,curView=4,view=5
info|2024-04-24 21:58:13.018557|[g:1][CONSENSUS]addRawPrepare,height=1,reqIdx=1,hash=3857075d...,time=0
info|2024-04-24 21:58:13.018769|[g:1][CONSENSUS][PBFT]checkTimeout Succ,view=5,toView=6,nodeIdx=3,changeCycle=1,myNode=d3d529ed...,timecost=0
info|2024-04-24 21:58:13.019919|[g:1][CONSENSUS][PBFT]checkAndChangeView: Reach consensus,org_view=5,cur_changeCycle=1,curView=5,view=6
info|2024-04-24 21:58:14.020856|[g:1][CONSENSUS]addRawPrepare,height=1,reqIdx=2,hash=bcd509f2...,time=0
info|2024-04-24 21:58:14.021000|[g:1][CONSENSUS][PBFT]checkTimeout Succ,view=6,toView=7,nodeIdx=3,changeCycle=1,myNode=d3d529ed...,timecost=1
info|2024-04-24 21:58:14.021645|[g:1][CONSENSUS][PBFT]checkAndChangeView: Reach consensus,org_view=6,cur_changeCycle=1,curView=6,view=7
info|2024-04-24 21:58:15.021010|[g:1][CONSENSUS][SEALER]++++++++++++++++ Generating seal on,blkNum=1,tx=0,nodeIdx=3,hash=e7d561c1...
info|2024-04-24 21:58:15.021916|[g:1][CONSENSUS][PBFT]checkTimeout Succ,view=7,toView=8,nodeIdx=3,changeCycle=1,myNode=d3d529ed...,timecost=0
info|2024-04-24 21:58:15.024209|[g:1][CONSENSUS][PBFT]checkAndChangeView: Reach consensus,org_view=7,cur_changeCycle=1,curView=7,view=8
info|2024-04-24 21:58:16.026973|[g:1][CONSENSUS]addRawPrepare,height=1,reqIdx=0,hash=c712b817...,time=0
info|2024-04-24 21:58:16.027344|[g:1][CONSENSUS][PBFT]checkTimeout Succ,view=8,toView=9,nodeIdx=3,changeCycle=1,myNode=d3d529ed...,timecost=0
info|2024-04-24 21:58:16.028883|[g:1][CONSENSUS][PBFT]checkAndChangeView: Reach consensus,org_view=8,cur_changeCycle=1,curView=8,view=9
info|2024-04-24 21:58:16.864614|[NETWORK][Host]Connecting to node,endpoint=127.0.0.1:30303
info|2024-04-24 21:58:16.864659|[P2P][Service] heartBeat,connected count=3
info|2024-04-24 21:58:16.864871|[NETWORK][ASIO]asyncResolveConnect,endpoint=127.0.0.1:30303
error|2024-04-24 21:58:16.866043|[NETWORK][Host]Get ca basic failed
info|2024-04-24 21:58:16.870151|[NETWORK][Host]handshakeClient succ,local endpoint=127.0.0.1:56286
info|2024-04-24 21:58:16.870174|[NETWORK][Host]startPeerSession, Remote=127.0.0.1:30303,local endpoint=127.0.0.1:56286,nodeID=1a800e0a...
info|2024-04-24 21:58:17.031464|[g:1][CONSENSUS]addRawPrepare,height=1,reqIdx=1,hash=cdcedd41...,time=0
info|2024-04-24 21:58:17.031590|[g:1][CONSENSUS][PBFT]checkTimeout Succ,view=9,toView=10,nodeIdx=3,changeCycle=1,myNode=d3d529ed...,timecost=0
info|2024-04-24 21:58:17.032171|[g:1][CONSENSUS][PBFT]checkAndChangeView: Reach consensus,org_view=9,cur_changeCycle=1,curView=9,view=10
info|2024-04-24 21:58:18.034755|[g:1][CONSENSUS]addRawPrepare,height=1,reqIdx=2,hash=44c384d9...,time=0
info|2024-04-24 21:58:18.035111|[g:1][CONSENSUS][PBFT]checkTimeout Succ,view=10,toView=11,nodeIdx=3,changeCycle=1,myNode=d3d529ed...,timecost=1
info|2024-04-24 21:58:18.036429|[g:1][CONSENSUS][PBFT]checkAndChangeView: Reach consensus,org_view=10,cur_changeCycle=1,curView=10,view=11
info|2024-04-24 21:58:19.036858|[g:1][CONSENSUS][SEALER]++++++++++++++++ Generating seal on,blkNum=1,tx=0,nodeIdx=3,hash=04ea4ba1...
info|2024-04-24 21:58:19.039830|[g:1][CONSENSUS][PBFT]checkTimeout Succ,view=11,toView=12,nodeIdx=3,changeCycle=1,myNode=d3d529ed...,timecost=0
info|2024-04-24 21:58:19.040070|[g:1][CONSENSUS][PBFT]checkAndChangeView: Reach consensus,org_view=11,cur_changeCycle=1,curView=11,view=12
info|2024-04-24 21:58:20.041653|[g:1][CONSENSUS]addRawPrepare,height=1,reqIdx=0,hash=f3f9c8eb...,time=0
info|2024-04-24 21:58:20.041867|[g:1][CONSENSUS][PBFT]checkTimeout Succ,view=12,toView=13,nodeIdx=3,changeCycle=1,myNode=d3d529ed...,timecost=0
info|2024-04-24 21:58:20.043205|[g:1][CONSENSUS][PBFT]checkAndChangeView: Reach consensus,org_view=12,cur_changeCycle=1,curView=12,view=13
info|2024-04-24 21:58:21.046116|[g:1][CONSENSUS]addRawPrepare,height=1,reqIdx=1,hash=cb5f4014...,time=0
info|2024-04-24 21:58:21.046370|[g:1][CONSENSUS][PBFT]checkTimeout Succ,view=13,toView=14,nodeIdx=3,changeCycle=1,myNode=d3d529ed...,timecost=0
info|2024-04-24 21:58:21.047471|[g:1][CONSENSUS][PBFT]checkAndChangeView: Reach consensus,org_view=13,cur_changeCycle=1,curView=13,view=14
info|2024-04-24 21:58:22.050191|[g:1][CONSENSUS]addRawPrepare,height=1,reqIdx=2,hash=a4019fe6...,time=0
info|2024-04-24 21:58:22.050387|[g:1][CONSENSUS][PBFT]checkTimeout Succ,view=14,toView=15,nodeIdx=3,changeCycle=1,myNode=d3d529ed...,timecost=0
info|2024-04-24 21:58:22.052037|[g:1][CONSENSUS][PBFT]checkAndChangeView: Reach consensus,org_view=14,cur_changeCycle=1,curView=14,view=15
info|2024-04-24 21:58:23.052941|[g:1][CONSENSUS][SEALER]++++++++++++++++ Generating seal on,blkNum=1,tx=0,nodeIdx=3,hash=0153bcd6...
info|2024-04-24 21:58:23.055278|[g:1][CONSENSUS][PBFT]checkTimeout Succ,view=15,toView=16,nodeIdx=3,changeCycle=1,myNode=d3d529ed...,timecost=0
info|2024-04-24 21:58:23.055415|[g:1][CONSENSUS][PBFT]checkAndChangeView: Reach consensus,org_view=15,cur_changeCycle=1,curView=15,view=16
info|2024-04-24 21:58:24.057632|[g:1][CONSENSUS]addRawPrepare,height=1,reqIdx=0,hash=aa673d5f...,time=0
info|2024-04-24 21:58:24.057776|[g:1][CONSENSUS][PBFT]checkTimeout Succ,view=16,toView=17,nodeIdx=3,changeCycle=1,myNode=d3d529ed...,timecost=0
info|2024-04-24 21:58:24.059489|[g:1][CONSENSUS][PBFT]checkAndChangeView: Reach consensus,org_view=16,cur_changeCycle=1,curView=16,view=17
info|2024-04-24 21:58:25.062867|[g:1][CONSENSUS]addRawPrepare,height=1,reqIdx=1,hash=c0fd2b60...,time=0
info|2024-04-24 21:58:25.063164|[g:1][CONSENSUS][PBFT]checkTimeout Succ,view=17,toView=18,nodeIdx=3,changeCycle=1,myNode=d3d529ed...,timecost=1
info|2024-04-24 21:58:25.064504|[g:1][CONSENSUS][PBFT]checkAndChangeView: Reach consensus,org_view=17,cur_changeCycle=1,curView=17,view=18
info|2024-04-24 21:58:26.065358|[g:1][CONSENSUS]addRawPrepare,height=1,reqIdx=2,hash=c7eb6048...,time=0
info|2024-04-24 21:58:26.065525|[g:1][CONSENSUS][PBFT]checkTimeout Succ,view=18,toView=19,nodeIdx=3,changeCycle=1,myNode=d3d529ed...,timecost=0
info|2024-04-24 21:58:26.066725|[g:1][CONSENSUS][PBFT]checkAndChangeView: Reach consensus,org_view=18,cur_changeCycle=1,curView=18,view=19
info|2024-04-24 21:58:26.864721|[P2P][Service] heartBeat,connected count=3
info|2024-04-24 21:58:27.067413|[g:1][CONSENSUS][SEALER]++++++++++++++++ Generating seal on,blkNum=1,tx=0,nodeIdx=3,hash=e79e8a36...
info|2024-04-24 21:58:27.068109|[g:1][CONSENSUS][PBFT]checkTimeout Succ,view=19,toView=20,nodeIdx=3,changeCycle=1,myNode=d3d529ed...,timecost=1
info|2024-04-24 21:58:27.069590|[g:1][CONSENSUS][PBFT]checkAndChangeView: Reach consensus,org_view=19,cur_changeCycle=1,curView=19,view=20
info|2024-04-24 21:58:28.070035|[g:1][CONSENSUS]addRawPrepare,height=1,reqIdx=0,hash=8f5e403a...,time=0
info|2024-04-24 21:58:28.070194|[g:1][CONSENSUS][PBFT]checkTimeout Succ,view=20,toView=21,nodeIdx=3,changeCycle=1,myNode=d3d529ed...,timecost=0
info|2024-04-24 21:58:28.071434|[g:1][CONSENSUS][PBFT]checkAndChangeView: Reach consensus,org_view=20,cur_changeCycle=1,curView=20,view=21
info|2024-04-24 21:58:29.072638|[g:1][CONSENSUS]addRawPrepare,height=1,reqIdx=1,hash=b92d3f38...,time=0
info|2024-04-24 21:58:29.072827|[g:1][CONSENSUS][PBFT]checkTimeout Succ,view=21,toView=22,nodeIdx=3,changeCycle=1,myNode=d3d529ed...,timecost=0
info|2024-04-24 21:58:29.073436|[g:1][CONSENSUS][PBFT]checkAndChangeView: Reach consensus,org_view=21,cur_changeCycle=1,curView=21,view=22
info|2024-04-24 21:58:30.074941|[g:1][CONSENSUS]addRawPrepare,height=1,reqIdx=2,hash=470f37f9...,time=0
info|2024-04-24 21:58:30.075230|[g:1][CONSENSUS][PBFT]checkTimeout Succ,view=22,toView=23,nodeIdx=3,changeCycle=1,myNode=d3d529ed...,timecost=1
info|2024-04-24 21:58:30.076186|[g:1][CONSENSUS][PBFT]checkAndChangeView: Reach consensus,org_view=22,cur_changeCycle=1,curView=22,view=23
info|2024-04-24 21:58:31.076326|[g:1][CONSENSUS][SEALER]++++++++++++++++ Generating seal on,blkNum=1,tx=0,nodeIdx=3,hash=fa03ce85...
info|2024-04-24 21:58:31.076632|[g:1][CONSENSUS][PBFT]checkTimeout Succ,view=23,toView=24,nodeIdx=3,changeCycle=1,myNode=d3d529ed...,timecost=0
info|2024-04-24 21:58:31.078420|[g:1][CONSENSUS][PBFT]checkAndChangeView: Reach consensus,org_view=23,cur_changeCycle=1,curView=23,view=24
info|2024-04-24 21:58:32.080452|[g:1][CONSENSUS]addRawPrepare,height=1,reqIdx=0,hash=976b5ef5...,time=0
info|2024-04-24 21:58:32.080651|[g:1][CONSENSUS][PBFT]checkTimeout Succ,view=24,toView=25,nodeIdx=3,changeCycle=1,myNode=d3d529ed...,timecost=0
info|2024-04-24 21:58:32.081762|[g:1][CONSENSUS][PBFT]checkAndChangeView: Reach consensus,org_view=24,cur_changeCycle=1,curView=24,view=25
info|2024-04-24 21:58:33.083559|[g:1][CONSENSUS]addRawPrepare,height=1,reqIdx=1,hash=ef8d5162...,time=0
info|2024-04-24 21:58:33.083751|[g:1][CONSENSUS][PBFT]checkTimeout Succ,view=25,toView=26,nodeIdx=3,changeCycle=1,myNode=d3d529ed...,timecost=0
info|2024-04-24 21:58:33.084944|[g:1][CONSENSUS][PBFT]checkAndChangeView: Reach consensus,org_view=25,cur_changeCycle=1,curView=25,view=26
info|2024-04-24 21:58:34.086307|[g:1][CONSENSUS]addRawPrepare,height=1,reqIdx=2,hash=099bcc40...,time=0
info|2024-04-24 21:58:34.086456|[g:1][CONSENSUS][PBFT]checkTimeout Succ,view=26,toView=27,nodeIdx=3,changeCycle=1,myNode=d3d529ed...,timecost=0
info|2024-04-24 21:58:34.087235|[g:1][CONSENSUS][PBFT]checkAndChangeView: Reach consensus,org_view=26,cur_changeCycle=1,curView=26,view=27
info|2024-04-24 21:58:35.087468|[g:1][CONSENSUS][SEALER]++++++++++++++++ Generating seal on,blkNum=1,tx=0,nodeIdx=3,hash=ddf7765e...
info|2024-04-24 21:58:35.088348|[g:1][CONSENSUS][PBFT]checkTimeout Succ,view=27,toView=28,nodeIdx=3,changeCycle=1,myNode=d3d529ed...,timecost=0
info|2024-04-24 21:58:35.090718|[g:1][CONSENSUS][PBFT]checkAndChangeView: Reach consensus,org_view=27,cur_changeCycle=1,curView=27,view=28
info|2024-04-24 21:58:36.091610|[g:1][CONSENSUS]addRawPrepare,height=1,reqIdx=0,hash=d2b16bba...,time=0
info|2024-04-24 21:58:36.091722|[g:1][CONSENSUS][PBFT]checkTimeout Succ,view=28,toView=29,nodeIdx=3,changeCycle=1,myNode=d3d529ed...,timecost=0
info|2024-04-24 21:58:36.092675|[g:1][CONSENSUS][PBFT]checkAndChangeView: Reach consensus,org_view=28,cur_changeCycle=1,curView=28,view=29
info|2024-04-24 21:58:36.864809|[P2P][Service] heartBeat,connected count=3
info|2024-04-24 21:58:37.094571|[g:1][CONSENSUS]addRawPrepare,height=1,reqIdx=1,hash=c5c2061d...,time=0
info|2024-04-24 21:58:37.094681|[g:1][CONSENSUS][PBFT]checkTimeout Succ,view=29,toView=30,nodeIdx=3,changeCycle=1,myNode=d3d529ed...,timecost=0
info|2024-04-24 21:58:37.094905|[g:1][CONSENSUS][PBFT]checkAndChangeView: Reach consensus,org_view=29,cur_changeCycle=1,curView=29,view=30
info|2024-04-24 21:58:38.096340|[g:1][CONSENSUS]addRawPrepare,height=1,reqIdx=2,hash=04450af3...,time=0
info|2024-04-24 21:58:38.096439|[g:1][CONSENSUS][PBFT]checkTimeout Succ,view=30,toView=31,nodeIdx=3,changeCycle=1,myNode=d3d529ed...,timecost=0
info|2024-04-24 21:58:38.097703|[g:1][CONSENSUS][PBFT]checkAndChangeView: Reach consensus,org_view=30,cur_changeCycle=1,curView=30,view=31
info|2024-04-24 21:58:39.098601|[g:1][CONSENSUS][SEALER]++++++++++++++++ Generating seal on,blkNum=1,tx=0,nodeIdx=3,hash=dd507cc3...
info|2024-04-24 21:58:39.098905|[g:1][CONSENSUS][PBFT]checkTimeout Succ,view=31,toView=32,nodeIdx=3,changeCycle=1,myNode=d3d529ed...,timecost=0
info|2024-04-24 21:58:39.100986|[g:1][CONSENSUS][PBFT]checkAndChangeView: Reach consensus,org_view=31,cur_changeCycle=1,curView=31,view=32
info|2024-04-24 21:58:40.101050|[g:1][CONSENSUS]addRawPrepare,height=1,reqIdx=0,hash=804aa0d8...,time=0
info|2024-04-24 21:58:40.101168|[g:1][CONSENSUS][PBFT]checkTimeout Succ,view=32,toView=33,nodeIdx=3,changeCycle=1,myNode=d3d529ed...,timecost=0
info|2024-04-24 21:58:40.102023|[g:1][CONSENSUS][PBFT]checkAndChangeView: Reach consensus,org_view=32,cur_changeCycle=1,curView=32,view=33
info|2024-04-24 21:58:41.104499|[g:1][CONSENSUS]addRawPrepare,height=1,reqIdx=1,hash=e51891f3...,time=0
info|2024-04-24 21:58:41.104747|[g:1][CONSENSUS][PBFT]checkTimeout Succ,view=33,toView=34,nodeIdx=3,changeCycle=1,myNode=d3d529ed...,timecost=0
info|2024-04-24 21:58:41.106228|[g:1][CONSENSUS][PBFT]checkAndChangeView: Reach consensus,org_view=33,cur_changeCycle=1,curView=33,view=34
info|2024-04-24 21:58:42.108945|[g:1][CONSENSUS]addRawPrepare,height=1,reqIdx=2,hash=17abf2fc...,time=0
info|2024-04-24 21:58:42.109174|[g:1][CONSENSUS][PBFT]checkTimeout Succ,view=34,toView=35,nodeIdx=3,changeCycle=1,myNode=d3d529ed...,timecost=1
info|2024-04-24 21:58:42.110828|[g:1][CONSENSUS][PBFT]checkAndChangeView: Reach consensus,org_view=34,cur_changeCycle=1,curView=34,view=35
info|2024-04-24 21:58:43.111432|[g:1][CONSENSUS][SEALER]++++++++++++++++ Generating seal on,blkNum=1,tx=0,nodeIdx=3,hash=d211396c...
info|2024-04-24 21:58:43.111872|[g:1][CONSENSUS][PBFT]checkTimeout Succ,view=35,toView=36,nodeIdx=3,changeCycle=1,myNode=d3d529ed...,timecost=0
info|2024-04-24 21:58:43.113959|[g:1][CONSENSUS][PBFT]checkAndChangeView: Reach consensus,org_view=35,cur_changeCycle=1,curView=35,view=36
info|2024-04-24 21:58:44.117201|[g:1][CONSENSUS]addRawPrepare,height=1,reqIdx=0,hash=d2f2bbe0...,time=0
info|2024-04-24 21:58:44.117493|[g:1][CONSENSUS][PBFT]checkTimeout Succ,view=36,toView=37,nodeIdx=3,changeCycle=1,myNode=d3d529ed...,timecost=0
info|2024-04-24 21:58:44.118862|[g:1][CONSENSUS][PBFT]checkAndChangeView: Reach consensus,org_view=36,cur_changeCycle=1,curView=36,view=37
info|2024-04-24 21:58:45.119954|[g:1][CONSENSUS]addRawPrepare,height=1,reqIdx=1,hash=37886954...,time=0
info|2024-04-24 21:58:45.120079|[g:1][CONSENSUS][PBFT]checkTimeout Succ,view=37,toView=38,nodeIdx=3,changeCycle=1,myNode=d3d529ed...,timecost=1
info|2024-04-24 21:58:45.121900|[g:1][CONSENSUS][PBFT]checkAndChangeView: Reach consensus,org_view=37,cur_changeCycle=1,curView=37,view=38
info|2024-04-24 21:58:46.123827|[g:1][CONSENSUS]addRawPrepare,height=1,reqIdx=2,hash=67323a2b...,time=0
info|2024-04-24 21:58:46.124176|[g:1][CONSENSUS][PBFT]checkTimeout Succ,view=38,toView=39,nodeIdx=3,changeCycle=1,myNode=d3d529ed...,timecost=1
info|2024-04-24 21:58:46.125443|[g:1][CONSENSUS][PBFT]checkAndChangeView: Reach consensus,org_view=38,cur_changeCycle=1,curView=38,view=39
info|2024-04-24 21:58:46.864887|[P2P][Service] heartBeat,connected count=3
info|2024-04-24 21:58:47.125531|[g:1][CONSENSUS][SEALER]++++++++++++++++ Generating seal on,blkNum=1,tx=0,nodeIdx=3,hash=58f0adc6...
info|2024-04-24 21:58:47.126706|[g:1][CONSENSUS][PBFT]checkTimeout Succ,view=39,toView=40,nodeIdx=3,changeCycle=1,myNode=d3d529ed...,timecost=0
info|2024-04-24 21:58:47.175757|[g:1][CONSENSUS][PBFT]checkAndChangeView: Reach consensus,org_view=39,cur_changeCycle=1,curView=39,view=40
info|2024-04-24 21:58:48.130223|[g:1][CONSENSUS]addRawPrepare,height=1,reqIdx=0,hash=b07bba78...,time=0
info|2024-04-24 21:58:48.130363|[g:1][CONSENSUS][PBFT]checkTimeout Succ,view=40,toView=41,nodeIdx=3,changeCycle=1,myNode=d3d529ed...,timecost=0
info|2024-04-24 21:58:48.131172|[g:1][CONSENSUS][PBFT]checkAndChangeView: Reach consensus,org_view=40,cur_changeCycle=1,curView=40,view=41
info|2024-04-24 21:58:49.132472|[g:1][CONSENSUS]addRawPrepare,height=1,reqIdx=1,hash=4224aba6...,time=0
info|2024-04-24 21:58:49.132671|[g:1][CONSENSUS][PBFT]checkTimeout Succ,view=41,toView=42,nodeIdx=3,changeCycle=1,myNode=d3d529ed...,timecost=0
info|2024-04-24 21:58:49.133956|[g:1][CONSENSUS][PBFT]checkAndChangeView: Reach consensus,org_view=41,cur_changeCycle=1,curView=41,view=42
info|2024-04-24 21:58:50.134382|[g:1][CONSENSUS]addRawPrepare,height=1,reqIdx=2,hash=b257f76e...,time=0
info|2024-04-24 21:58:50.134508|[g:1][CONSENSUS][PBFT]checkTimeout Succ,view=42,toView=43,nodeIdx=3,changeCycle=1,myNode=d3d529ed...,timecost=0
info|2024-04-24 21:58:50.135207|[g:1][CONSENSUS][PBFT]checkAndChangeView: Reach consensus,org_view=42,cur_changeCycle=1,curView=42,view=43
info|2024-04-24 21:58:51.136173|[g:1][CONSENSUS][SEALER]++++++++++++++++ Generating seal on,blkNum=1,tx=0,nodeIdx=3,hash=f972d6ec...
info|2024-04-24 21:58:51.139417|[g:1][CONSENSUS][PBFT]checkTimeout Succ,view=43,toView=44,nodeIdx=3,changeCycle=1,myNode=d3d529ed...,timecost=0
info|2024-04-24 21:58:51.139869|[g:1][CONSENSUS][PBFT]checkAndChangeView: Reach consensus,org_view=43,cur_changeCycle=1,curView=43,view=44
info|2024-04-24 21:58:52.142674|[g:1][CONSENSUS]addRawPrepare,height=1,reqIdx=0,hash=b992feeb...,time=0
info|2024-04-24 21:58:52.142800|[g:1][CONSENSUS][PBFT]checkTimeout Succ,view=44,toView=45,nodeIdx=3,changeCycle=1,myNode=d3d529ed...,timecost=0
info|2024-04-24 21:58:52.142922|[g:1][CONSENSUS][PBFT]checkAndChangeView: Reach consensus,org_view=44,cur_changeCycle=1,curView=44,view=45
info|2024-04-24 21:58:53.145780|[g:1][CONSENSUS]addRawPrepare,height=1,reqIdx=1,hash=3be16eaa...,time=0
info|2024-04-24 21:58:53.145884|[g:1][CONSENSUS][PBFT]checkTimeout Succ,view=45,toView=46,nodeIdx=3,changeCycle=1,myNode=d3d529ed...,timecost=0
info|2024-04-24 21:58:53.146111|[g:1][CONSENSUS][PBFT]checkAndChangeView: Reach consensus,org_view=45,cur_changeCycle=1,curView=45,view=46
info|2024-04-24 21:58:54.146523|[g:1][CONSENSUS]addRawPrepare,height=1,reqIdx=2,hash=ff26c097...,time=0
info|2024-04-24 21:58:54.146704|[g:1][CONSENSUS][PBFT]checkTimeout Succ,view=46,toView=47,nodeIdx=3,changeCycle=1,myNode=d3d529ed...,timecost=0
info|2024-04-24 21:58:54.147706|[g:1][CONSENSUS][PBFT]checkAndChangeView: Reach consensus,org_view=46,cur_changeCycle=1,curView=46,view=47
info|2024-04-24 21:58:55.148546|[g:1][CONSENSUS][SEALER]++++++++++++++++ Generating seal on,blkNum=1,tx=0,nodeIdx=3,hash=6191b735...
info|2024-04-24 21:58:55.150256|[g:1][CONSENSUS][PBFT]checkTimeout Succ,view=47,toView=48,nodeIdx=3,changeCycle=1,myNode=d3d529ed...,timecost=0
info|2024-04-24 21:58:55.150410|[g:1][CONSENSUS][PBFT]checkAndChangeView: Reach consensus,org_view=47,cur_changeCycle=1,curView=47,view=48
info|2024-04-24 21:58:56.152204|[g:1][CONSENSUS]addRawPrepare,height=1,reqIdx=0,hash=85acadee...,time=0
info|2024-04-24 21:58:56.152350|[g:1][CONSENSUS][PBFT]checkTimeout Succ,view=48,toView=49,nodeIdx=3,changeCycle=1,myNode=d3d529ed...,timecost=0
info|2024-04-24 21:58:56.153891|[g:1][CONSENSUS][PBFT]checkAndChangeView: Reach consensus,org_view=48,cur_changeCycle=1,curView=48,view=49
info|2024-04-24 21:58:56.865004|[P2P][Service] heartBeat,connected count=3
info|2024-04-24 21:58:57.156005|[g:1][CONSENSUS]addRawPrepare,height=1,reqIdx=1,hash=b2b91404...,time=0
info|2024-04-24 21:58:57.156183|[g:1][CONSENSUS][PBFT]checkTimeout Succ,view=49,toView=50,nodeIdx=3,changeCycle=1,myNode=d3d529ed...,timecost=0
info|2024-04-24 21:58:57.156687|[g:1][CONSENSUS][PBFT]checkAndChangeView: Reach consensus,org_view=49,cur_changeCycle=1,curView=49,view=50
info|2024-04-24 21:58:58.157949|[g:1][CONSENSUS]addRawPrepare,height=1,reqIdx=2,hash=755a71d6...,time=0
info|2024-04-24 21:58:58.158075|[g:1][CONSENSUS][PBFT]checkTimeout Succ,view=50,toView=51,nodeIdx=3,changeCycle=1,myNode=d3d529ed...,timecost=1
info|2024-04-24 21:58:58.158580|[g:1][CONSENSUS][PBFT]checkAndChangeView: Reach consensus,org_view=50,cur_changeCycle=1,curView=50,view=51
info|2024-04-24 21:58:59.157862|[g:1][CONSENSUS][SEALER]++++++++++++++++ Generating seal on,blkNum=1,tx=0,nodeIdx=3,hash=d444426d...
info|2024-04-24 21:58:59.158279|[g:1][CONSENSUS][PBFT]checkTimeout Succ,view=51,toView=52,nodeIdx=3,changeCycle=1,myNode=d3d529ed...,timecost=0
info|2024-04-24 21:58:59.160407|[g:1][CONSENSUS][PBFT]checkAndChangeView: Reach consensus,org_view=51,cur_changeCycle=1,curView=51,view=52
info|2024-04-24 21:59:00.161853|[g:1][CONSENSUS]addRawPrepare,height=1,reqIdx=0,hash=d89ffe8f...,time=0
info|2024-04-24 21:59:00.161964|[g:1][CONSENSUS][PBFT]checkTimeout Succ,view=52,toView=53,nodeIdx=3,changeCycle=1,myNode=d3d529ed...,timecost=0
info|2024-04-24 21:59:00.163347|[g:1][CONSENSUS][PBFT]checkAndChangeView: Reach consensus,org_view=52,cur_changeCycle=1,curView=52,view=53
info|2024-04-24 21:59:01.164378|[g:1][CONSENSUS]addRawPrepare,height=1,reqIdx=1,hash=fa12c671...,time=0
info|2024-04-24 21:59:01.164571|[g:1][CONSENSUS][PBFT]checkTimeout Succ,view=53,toView=54,nodeIdx=3,changeCycle=1,myNode=d3d529ed...,timecost=0
info|2024-04-24 21:59:01.166420|[g:1][CONSENSUS][PBFT]checkAndChangeView: Reach consensus,org_view=53,cur_changeCycle=1,curView=53,view=54
info|2024-04-24 21:59:02.169181|[g:1][CONSENSUS]addRawPrepare,height=1,reqIdx=2,hash=4f826d13...,time=0
info|2024-04-24 21:59:02.169462|[g:1][CONSENSUS][PBFT]checkTimeout Succ,view=54,toView=55,nodeIdx=3,changeCycle=1,myNode=d3d529ed...,timecost=0
info|2024-04-24 21:59:02.170427|[g:1][CONSENSUS][PBFT]checkAndChangeView: Reach consensus,org_view=54,cur_changeCycle=1,curView=54,view=55
info|2024-04-24 21:59:03.170149|[g:1][CONSENSUS][SEALER]++++++++++++++++ Generating seal on,blkNum=1,tx=0,nodeIdx=3,hash=30593af0...
info|2024-04-24 21:59:03.171665|[g:1][CONSENSUS][PBFT]checkTimeout Succ,view=55,toView=56,nodeIdx=3,changeCycle=1,myNode=d3d529ed...,timecost=0
info|2024-04-24 21:59:03.171902|[g:1][CONSENSUS][PBFT]checkAndChangeView: Reach consensus,org_view=55,cur_changeCycle=1,curView=55,view=56
info|2024-04-24 21:59:04.174864|[g:1][CONSENSUS]addRawPrepare,height=1,reqIdx=0,hash=654d8c6f...,time=0
info|2024-04-24 21:59:04.175095|[g:1][CONSENSUS][PBFT]checkTimeout Succ,view=56,toView=57,nodeIdx=3,changeCycle=1,myNode=d3d529ed...,timecost=1
info|2024-04-24 21:59:04.176213|[g:1][CONSENSUS][PBFT]checkAndChangeView: Reach consensus,org_view=56,cur_changeCycle=1,curView=56,view=57
info|2024-04-24 21:59:05.178222|[g:1][CONSENSUS]addRawPrepare,height=1,reqIdx=1,hash=809cb17f...,time=0
info|2024-04-24 21:59:05.178408|[g:1][CONSENSUS][PBFT]checkTimeout Succ,view=57,toView=58,nodeIdx=3,changeCycle=1,myNode=d3d529ed...,timecost=0
info|2024-04-24 21:59:05.179482|[g:1][CONSENSUS][PBFT]checkAndChangeView: Reach consensus,org_view=57,cur_changeCycle=1,curView=57,view=58
info|2024-04-24 21:59:06.182742|[g:1][CONSENSUS]addRawPrepare,height=1,reqIdx=2,hash=c38aa872...,time=0
info|2024-04-24 21:59:06.182951|[g:1][CONSENSUS][PBFT]checkTimeout Succ,view=58,toView=59,nodeIdx=3,changeCycle=1,myNode=d3d529ed...,timecost=0
info|2024-04-24 21:59:06.184570|[g:1][CONSENSUS][PBFT]checkAndChangeView: Reach consensus,org_view=58,cur_changeCycle=1,curView=58,view=59
info|2024-04-24 21:59:06.865218|[P2P][Service] heartBeat,connected count=3
info|2024-04-24 21:59:07.184018|[g:1][CONSENSUS][SEALER]++++++++++++++++ Generating seal on,blkNum=1,tx=0,nodeIdx=3,hash=449f7329...
info|2024-04-24 21:59:07.185085|[g:1][CONSENSUS][PBFT]checkTimeout Succ,view=59,toView=60,nodeIdx=3,changeCycle=1,myNode=d3d529ed...,timecost=1
info|2024-04-24 21:59:07.235451|[g:1][CONSENSUS][PBFT]checkAndChangeView: Reach consensus,org_view=59,cur_changeCycle=1,curView=59,view=60
info|2024-04-24 21:59:08.190013|[g:1][CONSENSUS]addRawPrepare,height=1,reqIdx=0,hash=88638176...,time=0
info|2024-04-24 21:59:08.190154|[g:1][CONSENSUS][PBFT]checkTimeout Succ,view=60,toView=61,nodeIdx=3,changeCycle=1,myNode=d3d529ed...,timecost=0
info|2024-04-24 21:59:08.191957|[g:1][CONSENSUS][PBFT]checkAndChangeView: Reach consensus,org_view=60,cur_changeCycle=1,curView=60,view=61
info|2024-04-24 21:59:09.193577|[g:1][CONSENSUS]addRawPrepare,height=1,reqIdx=1,hash=0616ce68...,time=0
info|2024-04-24 21:59:09.193674|[g:1][CONSENSUS][PBFT]checkTimeout Succ,view=61,toView=62,nodeIdx=3,changeCycle=1,myNode=d3d529ed...,timecost=0
info|2024-04-24 21:59:09.195659|[g:1][CONSENSUS][PBFT]checkAndChangeView: Reach consensus,org_view=61,cur_changeCycle=1,curView=61,view=62
info|2024-04-24 21:59:10.196586|[g:1][CONSENSUS]addRawPrepare,height=1,reqIdx=2,hash=04f8304f...,time=0
info|2024-04-24 21:59:10.196690|[g:1][CONSENSUS][PBFT]checkTimeout Succ,view=62,toView=63,nodeIdx=3,changeCycle=1,myNode=d3d529ed...,timecost=0
info|2024-04-24 21:59:10.198352|[g:1][CONSENSUS][PBFT]checkAndChangeView: Reach consensus,org_view=62,cur_changeCycle=1,curView=62,view=63
info|2024-04-24 21:59:11.198433|[g:1][CONSENSUS][SEALER]++++++++++++++++ Generating seal on,blkNum=1,tx=0,nodeIdx=3,hash=c79a89aa...
info|2024-04-24 21:59:11.201250|[g:1][CONSENSUS][PBFT]checkTimeout Succ,view=63,toView=64,nodeIdx=3,changeCycle=1,myNode=d3d529ed...,timecost=0
info|2024-04-24 21:59:11.201546|[g:1][CONSENSUS][PBFT]checkAndChangeView: Reach consensus,org_view=63,cur_changeCycle=1,curView=63,view=64
info|2024-04-24 21:59:12.203694|[g:1][CONSENSUS]addRawPrepare,height=1,reqIdx=0,hash=c5e9c5ff...,time=0
info|2024-04-24 21:59:12.203842|[g:1][CONSENSUS][PBFT]checkTimeout Succ,view=64,toView=65,nodeIdx=3,changeCycle=1,myNode=d3d529ed...,timecost=0
info|2024-04-24 21:59:12.204155|[g:1][CONSENSUS][PBFT]checkAndChangeView: Reach consensus,org_view=64,cur_changeCycle=1,curView=64,view=65
info|2024-04-24 21:59:13.206611|[g:1][CONSENSUS]addRawPrepare,height=1,reqIdx=1,hash=969c8a67...,time=0
info|2024-04-24 21:59:13.206767|[g:1][CONSENSUS][PBFT]checkTimeout Succ,view=65,toView=66,nodeIdx=3,changeCycle=1,myNode=d3d529ed...,timecost=0
info|2024-04-24 21:59:13.207975|[g:1][CONSENSUS][PBFT]checkAndChangeView: Reach consensus,org_view=65,cur_changeCycle=1,curView=65,view=66
info|2024-04-24 21:59:14.209779|[g:1][CONSENSUS]addRawPrepare,height=1,reqIdx=2,hash=1850b442...,time=0
info|2024-04-24 21:59:14.209907|[g:1][CONSENSUS][PBFT]checkTimeout Succ,view=66,toView=67,nodeIdx=3,changeCycle=1,myNode=d3d529ed...,timecost=0
info|2024-04-24 21:59:14.210836|[g:1][CONSENSUS][PBFT]checkAndChangeView: Reach consensus,org_view=66,cur_changeCycle=1,curView=66,view=67
info|2024-04-24 21:59:15.211159|[g:1][CONSENSUS][SEALER]++++++++++++++++ Generating seal on,blkNum=1,tx=0,nodeIdx=3,hash=3e395a16...
info|2024-04-24 21:59:15.211779|[g:1][CONSENSUS][PBFT]checkTimeout Succ,view=67,toView=68,nodeIdx=3,changeCycle=1,myNode=d3d529ed...,timecost=0
info|2024-04-24 21:59:15.214067|[g:1][CONSENSUS][PBFT]checkAndChangeView: Reach consensus,org_view=67,cur_changeCycle=1,curView=67,view=68
info|2024-04-24 21:59:16.214063|[g:1][CONSENSUS]addRawPrepare,height=1,reqIdx=0,hash=d72a1e7f...,time=0
info|2024-04-24 21:59:16.214231|[g:1][CONSENSUS][PBFT]checkTimeout Succ,view=68,toView=69,nodeIdx=3,changeCycle=1,myNode=d3d529ed...,timecost=0
info|2024-04-24 21:59:16.215177|[g:1][CONSENSUS][PBFT]checkAndChangeView: Reach consensus,org_view=68,cur_changeCycle=1,curView=68,view=69
info|2024-04-24 21:59:16.865363|[P2P][Service] heartBeat,connected count=3
info|2024-04-24 21:59:17.217489|[g:1][CONSENSUS]addRawPrepare,height=1,reqIdx=1,hash=d978767b...,time=0
info|2024-04-24 21:59:17.217597|[g:1][CONSENSUS][PBFT]checkTimeout Succ,view=69,toView=70,nodeIdx=3,changeCycle=1,myNode=d3d529ed...,timecost=0
info|2024-04-24 21:59:17.217836|[g:1][CONSENSUS][PBFT]checkAndChangeView: Reach consensus,org_view=69,cur_changeCycle=1,curView=69,view=70
info|2024-04-24 21:59:18.265611|[g:1][CONSENSUS]addRawPrepare,height=1,reqIdx=2,hash=561e71da...,time=0
info|2024-04-24 21:59:18.265852|[g:1][CONSENSUS][PBFT]checkTimeout Succ,view=70,toView=71,nodeIdx=3,changeCycle=1,myNode=d3d529ed...,timecost=0
info|2024-04-24 21:59:18.266416|[g:1][CONSENSUS][PBFT]checkAndChangeView: Reach consensus,org_view=70,cur_changeCycle=1,curView=70,view=71
info|2024-04-24 21:59:19.265960|[g:1][CONSENSUS][SEALER]++++++++++++++++ Generating seal on,blkNum=1,tx=0,nodeIdx=3,hash=8c81a899...
info|2024-04-24 21:59:19.266512|[g:1][CONSENSUS][PBFT]checkTimeout Succ,view=71,toView=72,nodeIdx=3,changeCycle=1,myNode=d3d529ed...,timecost=0
info|2024-04-24 21:59:19.269135|[g:1][CONSENSUS][PBFT]checkAndChangeView: Reach consensus,org_view=71,cur_changeCycle=1,curView=71,view=72
info|2024-04-24 21:59:20.270187|[g:1][CONSENSUS]addRawPrepare,height=1,reqIdx=0,hash=c5d11fca...,time=0
info|2024-04-24 21:59:20.270297|[g:1][CONSENSUS][PBFT]checkTimeout Succ,view=72,toView=73,nodeIdx=3,changeCycle=1,myNode=d3d529ed...,timecost=0
info|2024-04-24 21:59:20.271043|[g:1][CONSENSUS][PBFT]checkAndChangeView: Reach consensus,org_view=72,cur_changeCycle=1,curView=72,view=73
info|2024-04-24 21:59:21.272027|[g:1][CONSENSUS]addRawPrepare,height=1,reqIdx=1,hash=e80f6823...,time=0
info|2024-04-24 21:59:21.272204|[g:1][CONSENSUS][PBFT]checkTimeout Succ,view=73,toView=74,nodeIdx=3,changeCycle=1,myNode=d3d529ed...,timecost=0
info|2024-04-24 21:59:21.272740|[g:1][CONSENSUS][PBFT]checkAndChangeView: Reach consensus,org_view=73,cur_changeCycle=1,curView=73,view=74
info|2024-04-24 21:59:22.275019|[g:1][CONSENSUS]addRawPrepare,height=1,reqIdx=2,hash=366474b8...,time=0
info|2024-04-24 21:59:22.275125|[g:1][CONSENSUS][PBFT]checkTimeout Succ,view=74,toView=75,nodeIdx=3,changeCycle=1,myNode=d3d529ed...,timecost=0
info|2024-04-24 21:59:22.276204|[g:1][CONSENSUS][PBFT]checkAndChangeView: Reach consensus,org_view=74,cur_changeCycle=1,curView=74,view=75
info|2024-04-24 21:59:23.275945|[g:1][CONSENSUS][SEALER]++++++++++++++++ Generating seal on,blkNum=1,tx=0,nodeIdx=3,hash=a8ddd72f...
info|2024-04-24 21:59:23.276263|[g:1][CONSENSUS][PBFT]checkTimeout Succ,view=75,toView=76,nodeIdx=3,changeCycle=1,myNode=d3d529ed...,timecost=0
info|2024-04-24 21:59:23.278227|[g:1][CONSENSUS][PBFT]checkAndChangeView: Reach consensus,org_view=75,cur_changeCycle=1,curView=75,view=76
info|2024-04-24 21:59:24.279532|[g:1][CONSENSUS]addRawPrepare,height=1,reqIdx=0,hash=eb4ec7be...,time=0
info|2024-04-24 21:59:24.279658|[g:1][CONSENSUS][PBFT]checkTimeout Succ,view=76,toView=77,nodeIdx=3,changeCycle=1,myNode=d3d529ed...,timecost=0
info|2024-04-24 21:59:24.280735|[g:1][CONSENSUS][PBFT]checkAndChangeView: Reach consensus,org_view=76,cur_changeCycle=1,curView=76,view=77
info|2024-04-24 21:59:25.281335|[g:1][CONSENSUS]addRawPrepare,height=1,reqIdx=1,hash=e8a6217a...,time=0
info|2024-04-24 21:59:25.281454|[g:1][CONSENSUS][PBFT]checkTimeout Succ,view=77,toView=78,nodeIdx=3,changeCycle=1,myNode=d3d529ed...,timecost=0
info|2024-04-24 21:59:25.282193|[g:1][CONSENSUS][PBFT]checkAndChangeView: Reach consensus,org_view=77,cur_changeCycle=1,curView=77,view=78
info|2024-04-24 21:59:26.283608|[g:1][CONSENSUS]addRawPrepare,height=1,reqIdx=2,hash=a20e8f81...,time=0
info|2024-04-24 21:59:26.283804|[g:1][CONSENSUS][PBFT]checkTimeout Succ,view=78,toView=79,nodeIdx=3,changeCycle=1,myNode=d3d529ed...,timecost=0
info|2024-04-24 21:59:26.285056|[g:1][CONSENSUS][PBFT]checkAndChangeView: Reach consensus,org_view=78,cur_changeCycle=1,curView=78,view=79
info|2024-04-24 21:59:26.865533|[P2P][Service] heartBeat,connected count=3
info|2024-04-24 21:59:27.285138|[g:1][CONSENSUS][SEALER]++++++++++++++++ Generating seal on,blkNum=1,tx=0,nodeIdx=3,hash=d5bea537...
info|2024-04-24 21:59:27.285410|[g:1][CONSENSUS][PBFT]checkTimeout Succ,view=79,toView=80,nodeIdx=3,changeCycle=1,myNode=d3d529ed...,timecost=0
info|2024-04-24 21:59:27.287172|[g:1][CONSENSUS][PBFT]checkAndChangeView: Reach consensus,org_view=79,cur_changeCycle=1,curView=79,view=80
info|2024-04-24 21:59:28.288721|[g:1][CONSENSUS]addRawPrepare,height=1,reqIdx=0,hash=a465f88c...,time=0
info|2024-04-24 21:59:28.288900|[g:1][CONSENSUS][PBFT]checkTimeout Succ,view=80,toView=81,nodeIdx=3,changeCycle=1,myNode=d3d529ed...,timecost=0
info|2024-04-24 21:59:28.289954|[g:1][CONSENSUS][PBFT]checkAndChangeView: Reach consensus,org_view=80,cur_changeCycle=1,curView=80,view=81
info|2024-04-24 21:59:29.291198|[g:1][CONSENSUS]addRawPrepare,height=1,reqIdx=1,hash=5c9f8253...,time=0
info|2024-04-24 21:59:29.291443|[g:1][CONSENSUS][PBFT]checkTimeout Succ,view=81,toView=82,nodeIdx=3,changeCycle=1,myNode=d3d529ed...,timecost=0
info|2024-04-24 21:59:29.293082|[g:1][CONSENSUS][PBFT]checkAndChangeView: Reach consensus,org_view=81,cur_changeCycle=1,curView=81,view=82
info|2024-04-24 21:59:30.296188|[g:1][CONSENSUS]addRawPrepare,height=1,reqIdx=2,hash=46fcb539...,time=0
info|2024-04-24 21:59:30.296285|[g:1][CONSENSUS][PBFT]checkTimeout Succ,view=82,toView=83,nodeIdx=3,changeCycle=1,myNode=d3d529ed...,timecost=0
info|2024-04-24 21:59:30.297439|[g:1][CONSENSUS][PBFT]checkAndChangeView: Reach consensus,org_view=82,cur_changeCycle=1,curView=82,view=83
info|2024-04-24 21:59:31.297223|[g:1][CONSENSUS][SEALER]++++++++++++++++ Generating seal on,blkNum=1,tx=0,nodeIdx=3,hash=df27f6e1...
info|2024-04-24 21:59:31.297777|[g:1][CONSENSUS][PBFT]checkTimeout Succ,view=83,toView=84,nodeIdx=3,changeCycle=1,myNode=d3d529ed...,timecost=0
info|2024-04-24 21:59:31.299679|[g:1][CONSENSUS][PBFT]checkAndChangeView: Reach consensus,org_view=83,cur_changeCycle=1,curView=83,view=84
info|2024-04-24 21:59:32.302503|[g:1][CONSENSUS]addRawPrepare,height=1,reqIdx=0,hash=28e9aa12...,time=0
info|2024-04-24 21:59:32.302667|[g:1][CONSENSUS][PBFT]checkTimeout Succ,view=84,toView=85,nodeIdx=3,changeCycle=1,myNode=d3d529ed...,timecost=0
info|2024-04-24 21:59:32.304090|[g:1][CONSENSUS][PBFT]checkAndChangeView: Reach consensus,org_view=84,cur_changeCycle=1,curView=84,view=85
info|2024-04-24 21:59:33.306541|[g:1][CONSENSUS]addRawPrepare,height=1,reqIdx=1,hash=a0671eac...,time=0
info|2024-04-24 21:59:33.306647|[g:1][CONSENSUS][PBFT]checkTimeout Succ,view=85,toView=86,nodeIdx=3,changeCycle=1,myNode=d3d529ed...,timecost=0
info|2024-04-24 21:59:33.307320|[g:1][CONSENSUS][PBFT]checkAndChangeView: Reach consensus,org_view=85,cur_changeCycle=1,curView=85,view=86
info|2024-04-24 21:59:34.308034|[g:1][CONSENSUS]addRawPrepare,height=1,reqIdx=2,hash=851b71b7...,time=0
info|2024-04-24 21:59:34.308139|[g:1][CONSENSUS][PBFT]checkTimeout Succ,view=86,toView=87,nodeIdx=3,changeCycle=1,myNode=d3d529ed...,timecost=0
info|2024-04-24 21:59:34.308939|[g:1][CONSENSUS][PBFT]checkAndChangeView: Reach consensus,org_view=86,cur_changeCycle=1,curView=86,view=87
info|2024-04-24 21:59:35.309111|[g:1][CONSENSUS][SEALER]++++++++++++++++ Generating seal on,blkNum=1,tx=0,nodeIdx=3,hash=80cfb465...
info|2024-04-24 21:59:35.311408|[g:1][CONSENSUS][PBFT]checkTimeout Succ,view=87,toView=88,nodeIdx=3,changeCycle=1,myNode=d3d529ed...,timecost=0
info|2024-04-24 21:59:35.311609|[g:1][CONSENSUS][PBFT]checkAndChangeView: Reach consensus,org_view=87,cur_changeCycle=1,curView=87,view=88
info|2024-04-24 21:59:36.311593|[g:1][CONSENSUS]addRawPrepare,height=1,reqIdx=0,hash=936cd081...,time=0
info|2024-04-24 21:59:36.311710|[g:1][CONSENSUS][PBFT]checkTimeout Succ,view=88,toView=89,nodeIdx=3,changeCycle=1,myNode=d3d529ed...,timecost=0
info|2024-04-24 21:59:36.312450|[g:1][CONSENSUS][PBFT]checkAndChangeView: Reach consensus,org_view=88,cur_changeCycle=1,curView=88,view=89
info|2024-04-24 21:59:36.865665|[P2P][Service] heartBeat,connected count=3
info|2024-04-24 21:59:37.313001|[g:1][CONSENSUS]addRawPrepare,height=1,reqIdx=1,hash=3c5cad36...,time=1
info|2024-04-24 21:59:37.313173|[g:1][CONSENSUS][PBFT]checkTimeout Succ,view=89,toView=90,nodeIdx=3,changeCycle=1,myNode=d3d529ed...,timecost=0
info|2024-04-24 21:59:37.313539|[g:1][CONSENSUS][PBFT]checkAndChangeView: Reach consensus,org_view=89,cur_changeCycle=1,curView=89,view=90
info|2024-04-24 21:59:38.314098|[g:1][CONSENSUS]addRawPrepare,height=1,reqIdx=2,hash=cdf1436b...,time=0
info|2024-04-24 21:59:38.314213|[g:1][CONSENSUS][PBFT]checkTimeout Succ,view=90,toView=91,nodeIdx=3,changeCycle=1,myNode=d3d529ed...,timecost=0
info|2024-04-24 21:59:38.315470|[g:1][CONSENSUS][PBFT]checkAndChangeView: Reach consensus,org_view=90,cur_changeCycle=1,curView=90,view=91
info|2024-04-24 21:59:39.315653|[g:1][CONSENSUS][SEALER]++++++++++++++++ Generating seal on,blkNum=1,tx=0,nodeIdx=3,hash=671acf52...
info|2024-04-24 21:59:39.316421|[g:1][CONSENSUS][PBFT]checkTimeout Succ,view=91,toView=92,nodeIdx=3,changeCycle=1,myNode=d3d529ed...,timecost=0
info|2024-04-24 21:59:39.318689|[g:1][CONSENSUS][PBFT]checkAndChangeView: Reach consensus,org_view=91,cur_changeCycle=1,curView=91,view=92
info|2024-04-24 21:59:40.319761|[g:1][CONSENSUS]addRawPrepare,height=1,reqIdx=0,hash=8bd9f50f...,time=0
info|2024-04-24 21:59:40.319911|[g:1][CONSENSUS][PBFT]checkTimeout Succ,view=92,toView=93,nodeIdx=3,changeCycle=1,myNode=d3d529ed...,timecost=0
info|2024-04-24 21:59:40.320578|[g:1][CONSENSUS][PBFT]checkAndChangeView: Reach consensus,org_view=92,cur_changeCycle=1,curView=92,view=93
info|2024-04-24 21:59:41.321346|[g:1][CONSENSUS]addRawPrepare,height=1,reqIdx=1,hash=20343838...,time=0
info|2024-04-24 21:59:41.321544|[g:1][CONSENSUS][PBFT]checkTimeout Succ,view=93,toView=94,nodeIdx=3,changeCycle=1,myNode=d3d529ed...,timecost=0
info|2024-04-24 21:59:41.322829|[g:1][CONSENSUS][PBFT]checkAndChangeView: Reach consensus,org_view=93,cur_changeCycle=1,curView=93,view=94
info|2024-04-24 21:59:42.375306|[g:1][CONSENSUS]addRawPrepare,height=1,reqIdx=2,hash=2e171ce7...,time=0
info|2024-04-24 21:59:42.375421|[g:1][CONSENSUS][PBFT]checkTimeout Succ,view=94,toView=95,nodeIdx=3,changeCycle=1,myNode=d3d529ed...,timecost=0
info|2024-04-24 21:59:42.375545|[g:1][CONSENSUS][PBFT]checkAndChangeView: Reach consensus,org_view=94,cur_changeCycle=1,curView=94,view=95
info|2024-04-24 21:59:43.375291|[g:1][CONSENSUS][SEALER]++++++++++++++++ Generating seal on,blkNum=1,tx=0,nodeIdx=3,hash=5208bcd6...
info|2024-04-24 21:59:43.375757|[g:1][CONSENSUS][PBFT]checkTimeout Succ,view=95,toView=96,nodeIdx=3,changeCycle=1,myNode=d3d529ed...,timecost=0
info|2024-04-24 21:59:43.377825|[g:1][CONSENSUS][PBFT]checkAndChangeView: Reach consensus,org_view=95,cur_changeCycle=1,curView=95,view=96
info|2024-04-24 21:59:44.379167|[g:1][CONSENSUS]addRawPrepare,height=1,reqIdx=0,hash=2fec9b9d...,time=0
info|2024-04-24 21:59:44.379327|[g:1][CONSENSUS][PBFT]checkTimeout Succ,view=96,toView=97,nodeIdx=3,changeCycle=1,myNode=d3d529ed...,timecost=0
info|2024-04-24 21:59:44.380597|[g:1][CONSENSUS][PBFT]checkAndChangeView: Reach consensus,org_view=96,cur_changeCycle=1,curView=96,view=97
info|2024-04-24 21:59:45.381152|[g:1][CONSENSUS]addRawPrepare,height=1,reqIdx=1,hash=bb331e66...,time=0
info|2024-04-24 21:59:45.381316|[g:1][CONSENSUS][PBFT]checkTimeout Succ,view=97,toView=98,nodeIdx=3,changeCycle=1,myNode=d3d529ed...,timecost=0
info|2024-04-24 21:59:45.382611|[g:1][CONSENSUS][PBFT]checkAndChangeView: Reach consensus,org_view=97,cur_changeCycle=1,curView=97,view=98
info|2024-04-24 21:59:46.383158|[g:1][CONSENSUS]addRawPrepare,height=1,reqIdx=2,hash=66e23d4c...,time=0
info|2024-04-24 21:59:46.383342|[g:1][CONSENSUS][PBFT]checkTimeout Succ,view=98,toView=99,nodeIdx=3,changeCycle=1,myNode=d3d529ed...,timecost=0
info|2024-04-24 21:59:46.384639|[g:1][CONSENSUS][PBFT]checkAndChangeView: Reach consensus,org_view=98,cur_changeCycle=1,curView=98,view=99
info|2024-04-24 21:59:46.865989|[P2P][Service] heartBeat,connected count=3
info|2024-04-24 21:59:47.384620|[g:1][CONSENSUS][SEALER]++++++++++++++++ Generating seal on,blkNum=1,tx=0,nodeIdx=3,hash=8a61a6a3...
info|2024-04-24 21:59:47.385141|[g:1][CONSENSUS][PBFT]checkTimeout Succ,view=99,toView=100,nodeIdx=3,changeCycle=1,myNode=d3d529ed...,timecost=1
info|2024-04-24 21:59:47.388080|[g:1][CONSENSUS][PBFT]checkAndChangeView: Reach consensus,org_view=99,cur_changeCycle=1,curView=99,view=100
info|2024-04-24 21:59:48.389316|[g:1][CONSENSUS]addRawPrepare,height=1,reqIdx=0,hash=97e62d77...,time=0
info|2024-04-24 21:59:48.389428|[g:1][CONSENSUS][PBFT]checkTimeout Succ,view=100,toView=101,nodeIdx=3,changeCycle=1,myNode=d3d529ed...,timecost=0
info|2024-04-24 21:59:48.391309|[g:1][CONSENSUS][PBFT]checkAndChangeView: Reach consensus,org_view=100,cur_changeCycle=1,curView=100,view=101
info|2024-04-24 21:59:49.392043|[g:1][CONSENSUS]addRawPrepare,height=1,reqIdx=1,hash=f67f98f6...,time=0
info|2024-04-24 21:59:49.392216|[g:1][CONSENSUS][PBFT]checkTimeout Succ,view=101,toView=102,nodeIdx=3,changeCycle=1,myNode=d3d529ed...,timecost=0
info|2024-04-24 21:59:49.393258|[g:1][CONSENSUS][PBFT]checkAndChangeView: Reach consensus,org_view=101,cur_changeCycle=1,curView=101,view=102
info|2024-04-24 21:59:50.394805|[g:1][CONSENSUS]addRawPrepare,height=1,reqIdx=2,hash=919e8af7...,time=0
info|2024-04-24 21:59:50.395013|[g:1][CONSENSUS][PBFT]checkTimeout Succ,view=102,toView=103,nodeIdx=3,changeCycle=1,myNode=d3d529ed...,timecost=1
info|2024-04-24 21:59:50.395924|[g:1][CONSENSUS][PBFT]checkAndChangeView: Reach consensus,org_view=102,cur_changeCycle=1,curView=102,view=103
info|2024-04-24 21:59:51.396645|[g:1][CONSENSUS][SEALER]++++++++++++++++ Generating seal on,blkNum=1,tx=0,nodeIdx=3,hash=fdb5186e...
info|2024-04-24 21:59:51.399418|[g:1][CONSENSUS][PBFT]checkTimeout Succ,view=103,toView=104,nodeIdx=3,changeCycle=1,myNode=d3d529ed...,timecost=0
info|2024-04-24 21:59:51.399587|[g:1][CONSENSUS][PBFT]checkAndChangeView: Reach consensus,org_view=103,cur_changeCycle=1,curView=103,view=104
info|2024-04-24 21:59:52.401267|[g:1][CONSENSUS]addRawPrepare,height=1,reqIdx=0,hash=92199365...,time=0
info|2024-04-24 21:59:52.401460|[g:1][CONSENSUS][PBFT]checkTimeout Succ,view=104,toView=105,nodeIdx=3,changeCycle=1,myNode=d3d529ed...,timecost=0
info|2024-04-24 21:59:52.402480|[g:1][CONSENSUS][PBFT]checkAndChangeView: Reach consensus,org_view=104,cur_changeCycle=1,curView=104,view=105
info|2024-04-24 21:59:53.402732|[g:1][CONSENSUS]addRawPrepare,height=1,reqIdx=1,hash=573f1d44...,time=0
info|2024-04-24 21:59:53.402906|[g:1][CONSENSUS][PBFT]checkTimeout Succ,view=105,toView=106,nodeIdx=3,changeCycle=1,myNode=d3d529ed...,timecost=0
info|2024-04-24 21:59:53.403906|[g:1][CONSENSUS][PBFT]checkAndChangeView: Reach consensus,org_view=105,cur_changeCycle=1,curView=105,view=106
info|2024-04-24 21:59:54.405528|[g:1][CONSENSUS]addRawPrepare,height=1,reqIdx=2,hash=de9f5eb3...,time=0
info|2024-04-24 21:59:54.405662|[g:1][CONSENSUS][PBFT]checkTimeout Succ,view=106,toView=107,nodeIdx=3,changeCycle=1,myNode=d3d529ed...,timecost=0
info|2024-04-24 21:59:54.406074|[g:1][CONSENSUS][PBFT]checkAndChangeView: Reach consensus,org_view=106,cur_changeCycle=1,curView=106,view=107
info|2024-04-24 21:59:55.406609|[g:1][CONSENSUS][SEALER]++++++++++++++++ Generating seal on,blkNum=1,tx=0,nodeIdx=3,hash=1d0c39c5...
info|2024-04-24 21:59:55.407048|[g:1][CONSENSUS][PBFT]checkTimeout Succ,view=107,toView=108,nodeIdx=3,changeCycle=1,myNode=d3d529ed...,timecost=1
info|2024-04-24 21:59:55.408720|[g:1][CONSENSUS][PBFT]checkAndChangeView: Reach consensus,org_view=107,cur_changeCycle=1,curView=107,view=108
info|2024-04-24 21:59:56.411142|[g:1][CONSENSUS]addRawPrepare,height=1,reqIdx=0,hash=9e6247f1...,time=0
info|2024-04-24 21:59:56.411388|[g:1][CONSENSUS][PBFT]checkTimeout Succ,view=108,toView=109,nodeIdx=3,changeCycle=1,myNode=d3d529ed...,timecost=0
info|2024-04-24 21:59:56.412413|[g:1][CONSENSUS][PBFT]checkAndChangeView: Reach consensus,org_view=108,cur_changeCycle=1,curView=108,view=109
info|2024-04-24 21:59:56.866110|[P2P][Service] heartBeat,connected count=3
info|2024-04-24 21:59:57.416629|[g:1][CONSENSUS]addRawPrepare,height=1,reqIdx=1,hash=d8afa437...,time=0
info|2024-04-24 21:59:57.416975|[g:1][CONSENSUS][PBFT]checkTimeout Succ,view=109,toView=110,nodeIdx=3,changeCycle=1,myNode=d3d529ed...,timecost=0
info|2024-04-24 21:59:57.418118|[g:1][CONSENSUS][PBFT]checkAndChangeView: Reach consensus,org_view=109,cur_changeCycle=1,curView=109,view=110
info|2024-04-24 21:59:58.420522|[g:1][CONSENSUS]addRawPrepare,height=1,reqIdx=2,hash=f4400a8d...,time=0
info|2024-04-24 21:59:58.420738|[g:1][CONSENSUS][PBFT]checkTimeout Succ,view=110,toView=111,nodeIdx=3,changeCycle=1,myNode=d3d529ed...,timecost=0
info|2024-04-24 21:59:58.421502|[g:1][CONSENSUS][PBFT]checkAndChangeView: Reach consensus,org_view=110,cur_changeCycle=1,curView=110,view=111
info|2024-04-24 21:59:59.421381|[g:1][CONSENSUS][SEALER]++++++++++++++++ Generating seal on,blkNum=1,tx=0,nodeIdx=3,hash=e163e9b9...
info|2024-04-24 21:59:59.421829|[g:1][CONSENSUS][PBFT]checkTimeout Succ,view=111,toView=112,nodeIdx=3,changeCycle=1,myNode=d3d529ed...,timecost=0
info|2024-04-24 21:59:59.424145|[g:1][CONSENSUS][PBFT]checkAndChangeView: Reach consensus,org_view=111,cur_changeCycle=1,curView=111,view=112
